<?xml version="1.0" encoding="utf-8"?><testsuites name="pytest tests"><testsuite name="pytest" errors="0" failures="0" skipped="0" tests="9" time="1.544" timestamp="2026-03-07T02:24:57.086803+00:00" hostname="agent-env-9f67d7fe-b393-44fd-888c-4931ec771041"><testcase classname="tests.test_admin_vocab_iter65.TestAdminVocabularyGroups" name="test_vocabulary_groups_with_valid_admin" time="0.185" /><testcase classname="tests.test_admin_vocab_iter65.TestAdminVocabularyGroups" name="test_vocabulary_groups_without_admin_email_returns_403" time="0.116" /><testcase classname="tests.test_admin_vocab_iter65.TestAdminVocabularyGroups" name="test_vocabulary_groups_with_invalid_admin_returns_403" time="0.116" /><testcase classname="tests.test_admin_vocab_iter65.TestAdminUpdateVocabImage" name="test_update_image_with_non_admin_returns_403" time="0.105" /><testcase classname="tests.test_admin_vocab_iter65.TestAdminUpdateVocabImage" name="test_update_image_for_nonexistent_lesson_returns_404" time="0.117" /><testcase classname="tests.test_admin_vocab_iter65.TestAdminUpdateVocabImage" name="test_update_image_with_url_success" time="0.273" /><testcase classname="tests.test_admin_vocab_iter65.TestAdminUpdateVocabImage" name="test_update_image_for_nonexistent_word_returns_404" time="0.275" /><testcase classname="tests.test_admin_vocab_iter65.TestAdminEmailValidation" name="test_exact_admin_email_match" time="0.147" /><testcase classname="tests.test_admin_vocab_iter65.TestAdminEmailValidation" name="test_case_insensitive_admin_check" time="0.149" /></testsuite></testsuites>