<?xml version="1.0" encoding="utf-8"?><testsuites name="pytest tests"><testsuite name="pytest" errors="0" failures="0" skipped="0" tests="24" time="5.005" timestamp="2026-03-05T07:55:28.681533+00:00" hostname="agent-env-6ce774dc-eea4-4565-995d-713d1be87053"><testcase classname="backend.tests.test_ai_media_iter60.TestStaticFilesServing" name="test_static_vocab_image_returns_200" time="0.292" /><testcase classname="backend.tests.test_ai_media_iter60.TestStaticFilesServing" name="test_static_audio_returns_200" time="0.105" /><testcase classname="backend.tests.test_ai_media_iter60.TestStaticFilesServing" name="test_nonexistent_image_returns_404" time="1.128" /><testcase classname="backend.tests.test_ai_media_iter60.TestStage2VocabularyMedia" name="test_stage2_unit01_lesson01_vocab_has_image_url" time="0.113" /><testcase classname="backend.tests.test_ai_media_iter60.TestStage2VocabularyMedia" name="test_stage2_unit01_lesson01_vocab_has_audio_url" time="0.102" /><testcase classname="backend.tests.test_ai_media_iter60.TestStage2VocabularyMedia" name="test_stage2_unit01_lesson01_vocab_has_example_audio_url" time="0.108" /><testcase classname="backend.tests.test_ai_media_iter60.TestStage1VocabularyMedia" name="test_stage1_unit01_lesson01_vocab_has_audio_url" time="0.112" /><testcase classname="backend.tests.test_ai_media_iter60.TestListeningActivityAudio" name="test_stage1_listening_has_audio_url" time="0.140" /><testcase classname="backend.tests.test_ai_media_iter60.TestListeningActivityAudio" name="test_stage2_listening_has_audio_url" time="0.226" /><testcase classname="backend.tests.test_ai_media_iter60.TestStage2DataIntegrity" name="test_stage2_unit_accessible[1]" time="0.128" /><testcase classname="backend.tests.test_ai_media_iter60.TestStage2DataIntegrity" name="test_stage2_unit_accessible[2]" time="0.119" /><testcase classname="backend.tests.test_ai_media_iter60.TestStage2DataIntegrity" name="test_stage2_unit_accessible[3]" time="0.129" /><testcase classname="backend.tests.test_ai_media_iter60.TestStage2DataIntegrity" name="test_stage2_unit_accessible[4]" time="0.117" /><testcase classname="backend.tests.test_ai_media_iter60.TestStage2DataIntegrity" name="test_stage2_unit_accessible[5]" time="0.128" /><testcase classname="backend.tests.test_ai_media_iter60.TestStage2DataIntegrity" name="test_stage2_unit_accessible[6]" time="0.112" /><testcase classname="backend.tests.test_ai_media_iter60.TestStage2DataIntegrity" name="test_stage2_unit_accessible[7]" time="0.121" /><testcase classname="backend.tests.test_ai_media_iter60.TestStage2DataIntegrity" name="test_stage2_unit_accessible[8]" time="0.108" /><testcase classname="backend.tests.test_ai_media_iter60.TestStage2DataIntegrity" name="test_stage2_unit_accessible[9]" time="0.112" /><testcase classname="backend.tests.test_ai_media_iter60.TestStage2DataIntegrity" name="test_stage2_unit_accessible[10]" time="0.109" /><testcase classname="backend.tests.test_ai_media_iter60.TestStage2DataIntegrity" name="test_stage2_unit_accessible[11]" time="0.117" /><testcase classname="backend.tests.test_ai_media_iter60.TestStage2DataIntegrity" name="test_stage2_unit_accessible[12]" time="0.128" /><testcase classname="backend.tests.test_ai_media_iter60.TestStage2DataIntegrity" name="test_reading_section_has_3_questions" time="0.532" /><testcase classname="backend.tests.test_ai_media_iter60.TestAudioAccessibility" name="test_vocab_audio_file_accessible" time="0.307" /><testcase classname="backend.tests.test_ai_media_iter60.TestAudioAccessibility" name="test_vocab_image_file_accessible" time="0.318" /></testsuite></testsuites>