<?xml version="1.0" encoding="utf-8"?><testsuites name="pytest tests"><testsuite name="pytest" errors="0" failures="0" skipped="0" tests="13" time="60.297" timestamp="2026-01-03T12:48:48.660276+00:00" hostname="agent-env-89119d1c-dbd7-4c23-93e2-bd0cc4ec14f7"><testcase classname="tests.test_beginner_pronunciation.TestPronunciationWordsEndpoint" name="test_get_family_words" time="0.078" /><testcase classname="tests.test_beginner_pronunciation.TestPronunciationWordsEndpoint" name="test_get_food_words" time="0.049" /><testcase classname="tests.test_beginner_pronunciation.TestPronunciationWordsEndpoint" name="test_get_daily_life_words" time="0.043" /><testcase classname="tests.test_beginner_pronunciation.TestPronunciationWordsEndpoint" name="test_get_greetings_words" time="0.048" /><testcase classname="tests.test_beginner_pronunciation.TestPronunciationWordsEndpoint" name="test_unknown_topic_returns_default" time="0.035" /><testcase classname="tests.test_beginner_pronunciation.TestPronunciationWordsEndpoint" name="test_word_phonetic_format" time="0.043" /><testcase classname="tests.test_beginner_pronunciation.TestPronunciationAssessEndpoint" name="test_assess_pronunciation_with_silent_audio" time="11.887" /><testcase classname="tests.test_beginner_pronunciation.TestPronunciationAssessEndpoint" name="test_assess_pronunciation_response_structure" time="11.972" /><testcase classname="tests.test_beginner_pronunciation.TestPronunciationAssessEndpoint" name="test_assess_pronunciation_with_different_words" time="35.673" /><testcase classname="tests.test_beginner_pronunciation.TestPronunciationAssessEndpoint" name="test_assess_pronunciation_missing_audio" time="0.065" /><testcase classname="tests.test_beginner_pronunciation.TestPronunciationAssessEndpoint" name="test_assess_pronunciation_missing_reference_text" time="0.128" /><testcase classname="tests.test_beginner_pronunciation.TestBeginnerEnglishLessons" name="test_get_beginner_lessons" time="0.045" /><testcase classname="tests.test_beginner_pronunciation.TestBeginnerEnglishLessons" name="test_beginner_lesson_has_vocabulary" time="0.093" /></testsuite></testsuites>