<?xml version="1.0" encoding="utf-8"?><testsuites name="pytest tests"><testsuite name="pytest" errors="0" failures="0" skipped="0" tests="6" time="2.628" timestamp="2026-02-12T17:54:49.643599+00:00" hostname="agent-env-4e3c70fe-a4ef-4f0f-b913-2e73aba79772"><testcase classname="test_reports.pytest.test_bug_fixes_iter38.TestVocabularyQuizAPI" name="test_quiz_endpoint_returns_reading_passage" time="2.340" /><testcase classname="test_reports.pytest.test_bug_fixes_iter38.TestVocabularyQuizAPI" name="test_quiz_has_fill_blank_question" time="0.043" /><testcase classname="test_reports.pytest.test_bug_fixes_iter38.TestVocabularyQuizAPI" name="test_quiz_has_tfng_question" time="0.034" /><testcase classname="test_reports.pytest.test_bug_fixes_iter38.TestVocabularyQuizAPI" name="test_quiz_question_structure" time="0.035" /><testcase classname="test_reports.pytest.test_bug_fixes_iter38.TestVocabularyPracticeAPI" name="test_practice_returns_matching_exercise" time="0.040" /><testcase classname="test_reports.pytest.test_bug_fixes_iter38.TestQuizSubmission" name="test_submit_quiz_with_fill_blank" time="0.075" /></testsuite></testsuites>