<?xml version="1.0" encoding="utf-8"?><testsuites name="pytest tests"><testsuite name="pytest" errors="0" failures="0" skipped="0" tests="24" time="1.236" timestamp="2026-02-12T11:32:56.444808+00:00" hostname="agent-env-f9e81ff8-44b2-473f-b196-294c6865b94c"><testcase classname="backend.tests.test_bug_fixes_iter30.TestFullTestAudioAllParts" name="test_full_test_audio_stream[1-academic_set_a_01]" time="0.141" /><testcase classname="backend.tests.test_bug_fixes_iter30.TestFullTestAudioAllParts" name="test_full_test_audio_stream[1-academic_set_e_01]" time="0.042" /><testcase classname="backend.tests.test_bug_fixes_iter30.TestFullTestAudioAllParts" name="test_full_test_audio_stream[1-general_set_a_01]" time="0.048" /><testcase classname="backend.tests.test_bug_fixes_iter30.TestFullTestAudioAllParts" name="test_full_test_audio_stream[2-academic_set_a_01]" time="0.038" /><testcase classname="backend.tests.test_bug_fixes_iter30.TestFullTestAudioAllParts" name="test_full_test_audio_stream[2-academic_set_e_01]" time="0.042" /><testcase classname="backend.tests.test_bug_fixes_iter30.TestFullTestAudioAllParts" name="test_full_test_audio_stream[2-general_set_a_01]" time="0.048" /><testcase classname="backend.tests.test_bug_fixes_iter30.TestFullTestAudioAllParts" name="test_full_test_audio_stream[3-academic_set_a_01]" time="0.044" /><testcase classname="backend.tests.test_bug_fixes_iter30.TestFullTestAudioAllParts" name="test_full_test_audio_stream[3-academic_set_e_01]" time="0.044" /><testcase classname="backend.tests.test_bug_fixes_iter30.TestFullTestAudioAllParts" name="test_full_test_audio_stream[3-general_set_a_01]" time="0.040" /><testcase classname="backend.tests.test_bug_fixes_iter30.TestFullTestAudioAllParts" name="test_full_test_audio_stream[4-academic_set_a_01]" time="0.044" /><testcase classname="backend.tests.test_bug_fixes_iter30.TestFullTestAudioAllParts" name="test_full_test_audio_stream[4-academic_set_e_01]" time="0.041" /><testcase classname="backend.tests.test_bug_fixes_iter30.TestFullTestAudioAllParts" name="test_full_test_audio_stream[4-general_set_a_01]" time="0.041" /><testcase classname="backend.tests.test_bug_fixes_iter30.TestPracticeListeningSets" name="test_listening_sets_endpoint_returns_success" time="0.043" /><testcase classname="backend.tests.test_bug_fixes_iter30.TestPracticeListeningSets" name="test_listening_sets_returns_3_questions" time="0.043" /><testcase classname="backend.tests.test_bug_fixes_iter30.TestPracticeListeningSets" name="test_listening_sets_has_audio_file_paths" time="0.038" /><testcase classname="backend.tests.test_bug_fixes_iter30.TestPracticeListeningSets" name="test_listening_sets_has_required_fields" time="0.040" /><testcase classname="backend.tests.test_bug_fixes_iter30.TestPracticeListeningSets" name="test_listening_sets_specific_set_number" time="0.036" /><testcase classname="backend.tests.test_bug_fixes_iter30.TestPracticeListeningSets" name="test_listening_sets_total_sets_count" time="0.036" /><testcase classname="backend.tests.test_bug_fixes_iter30.TestPracticeListeningAudioFiles" name="test_practice_listening_audio_files_exist[PL_S01_Q1]" time="0.040" /><testcase classname="backend.tests.test_bug_fixes_iter30.TestPracticeListeningAudioFiles" name="test_practice_listening_audio_files_exist[PL_S01_Q2]" time="0.041" /><testcase classname="backend.tests.test_bug_fixes_iter30.TestPracticeListeningAudioFiles" name="test_practice_listening_audio_files_exist[PL_S01_Q3]" time="0.038" /><testcase classname="backend.tests.test_bug_fixes_iter30.TestPracticeListeningAudioFiles" name="test_practice_listening_audio_files_exist[PL_S02_Q1]" time="0.041" /><testcase classname="backend.tests.test_bug_fixes_iter30.TestListeningPracticeIntegration" name="test_full_listening_practice_flow" time="0.145" /><testcase classname="backend.tests.test_bug_fixes_iter30.TestReadingAnswerComparison" name="test_answer_comparison_logic" time="0.000" /></testsuite></testsuites>