<?xml version="1.0" encoding="utf-8"?><testsuites name="pytest tests"><testsuite name="pytest" errors="0" failures="0" skipped="0" tests="10" time="2.146" timestamp="2026-02-15T10:35:20.908697+00:00" hostname="agent-env-3060e9e2-5099-4d76-8a9f-0c3ea76c4688"><testcase classname="tests.test_unified_bug_fixes.TestUnifiedLearningAPIs" name="test_exit_ticket_returns_questions" time="0.736" /><testcase classname="tests.test_unified_bug_fixes.TestUnifiedLearningAPIs" name="test_matching_game_returns_items" time="0.128" /><testcase classname="tests.test_unified_bug_fixes.TestUnifiedLearningAPIs" name="test_vocabulary_returns_words" time="0.104" /><testcase classname="tests.test_unified_bug_fixes.TestUnifiedLearningAPIs" name="test_exit_ticket_correct_answers" time="0.106" /><testcase classname="tests.test_unified_bug_fixes.TestUnifiedLearningAPIs" name="test_stages_endpoint" time="0.109" /><testcase classname="tests.test_unified_bug_fixes.TestUnifiedLearningAPIs" name="test_lesson_activity_flow" time="0.123" /><testcase classname="tests.test_unified_bug_fixes.TestUnifiedLearningAPIs" name="test_grammar_game_for_error_hunter" time="0.110" /><testcase classname="tests.test_unified_bug_fixes.TestExitQuizLogic" name="test_pass_threshold_70_percent" time="0.373" /><testcase classname="tests.test_unified_bug_fixes.TestActivitySequence" name="test_activities_have_duration" time="0.157" /><testcase classname="tests.test_unified_bug_fixes.TestActivitySequence" name="test_warmup_is_first" time="0.103" /></testsuite></testsuites>