<?xml version="1.0" encoding="utf-8"?><testsuites name="pytest tests"><testsuite name="pytest" errors="0" failures="0" skipped="0" tests="15" time="1.850" timestamp="2026-02-18T10:51:50.583170+00:00" hostname="agent-env-cee06438-c31e-41d1-a21a-af431c04647f"><testcase classname="tests.test_bug_fixes_iter53.TestWarmupBugFix" name="test_unit03_warmup_has_3_questions" time="0.165" /><testcase classname="tests.test_bug_fixes_iter53.TestWarmupBugFix" name="test_unit01_warmup_has_3_questions" time="0.126" /><testcase classname="tests.test_bug_fixes_iter53.TestExitTicketBugFix" name="test_unit03_exit_ticket_has_5_questions" time="0.126" /><testcase classname="tests.test_bug_fixes_iter53.TestExitTicketBugFix" name="test_unit06_exit_ticket_has_at_least_4_questions" time="0.103" /><testcase classname="tests.test_bug_fixes_iter53.TestListeningOptionsBugFix" name="test_unit03_listening_has_proper_options" time="0.114" /><testcase classname="tests.test_bug_fixes_iter53.TestWordOrderBugFix" name="test_grammar_games_word_order_data_structure" time="0.105" /><testcase classname="tests.test_bug_fixes_iter53.TestSidebarActivitiesAccessible" name="test_activity_returns_data[retrieval_warmup-questions]" time="0.106" /><testcase classname="tests.test_bug_fixes_iter53.TestSidebarActivitiesAccessible" name="test_activity_returns_data[vocabulary-words]" time="0.165" /><testcase classname="tests.test_bug_fixes_iter53.TestSidebarActivitiesAccessible" name="test_activity_returns_data[micro_game_vocab-games]" time="0.102" /><testcase classname="tests.test_bug_fixes_iter53.TestSidebarActivitiesAccessible" name="test_activity_returns_data[micro_reading-passage_text]" time="0.101" /><testcase classname="tests.test_bug_fixes_iter53.TestSidebarActivitiesAccessible" name="test_activity_returns_data[grammar_focus-rule]" time="0.109" /><testcase classname="tests.test_bug_fixes_iter53.TestSidebarActivitiesAccessible" name="test_activity_returns_data[micro_game_grammar-games]" time="0.131" /><testcase classname="tests.test_bug_fixes_iter53.TestSidebarActivitiesAccessible" name="test_activity_returns_data[listening_task-audio_text]" time="0.110" /><testcase classname="tests.test_bug_fixes_iter53.TestSidebarActivitiesAccessible" name="test_activity_returns_data[production-prompt]" time="0.109" /><testcase classname="tests.test_bug_fixes_iter53.TestSidebarActivitiesAccessible" name="test_activity_returns_data[exit_ticket-questions]" time="0.098" /></testsuite></testsuites>