<?xml version="1.0" encoding="utf-8"?><testsuites name="pytest tests"><testsuite name="pytest" errors="0" failures="0" skipped="0" tests="10" time="1.568" timestamp="2026-02-12T08:24:38.056602+00:00" hostname="agent-env-f9e81ff8-44b2-473f-b196-294c6865b94c"><testcase classname="backend.tests.test_bug_fixes_iter29.TestBugFix1ReadingAnswerComparison" name="test_reading_questions_have_correct_field" time="0.101" /><testcase classname="backend.tests.test_bug_fixes_iter29.TestBugFix1ReadingAnswerComparison" name="test_reading_questions_correct_formats" time="0.047" /><testcase classname="backend.tests.test_bug_fixes_iter29.TestBugFix2ListeningAudio" name="test_tts_endpoint_returns_json" time="1.015" /><testcase classname="backend.tests.test_bug_fixes_iter29.TestBugFix2ListeningAudio" name="test_listening_questions_have_audio_transcript" time="0.039" /><testcase classname="backend.tests.test_bug_fixes_iter29.TestBugFix3WritingRedirect" name="test_writing_endpoints_exist" time="0.037" /><testcase classname="backend.tests.test_bug_fixes_iter29.TestBugFix4BackendFilter" name="test_all_questions_have_correct_field_reading" time="0.049" /><testcase classname="backend.tests.test_bug_fixes_iter29.TestBugFix4BackendFilter" name="test_all_questions_have_correct_field_listening" time="0.039" /><testcase classname="backend.tests.test_bug_fixes_iter29.TestBugFix4BackendFilter" name="test_questions_random_each_request" time="0.088" /><testcase classname="backend.tests.test_bug_fixes_iter29.TestQuickPracticeFlow" name="test_get_3_questions" time="0.043" /><testcase classname="backend.tests.test_bug_fixes_iter29.TestQuickPracticeFlow" name="test_questions_have_required_fields" time="0.044" /></testsuite></testsuites>