<?xml version="1.0" encoding="utf-8"?><testsuites name="pytest tests"><testsuite name="pytest" errors="0" failures="0" skipped="0" tests="16" time="34.159" timestamp="2026-01-02T18:12:07.744069+00:00" hostname="agent-env-f70d44df-3401-4c87-b1ca-0dd33d365a1f"><testcase classname="tests.test_cambridge_results.TestCambridgeBooks" name="test_list_cambridge_books" time="0.081" /><testcase classname="tests.test_cambridge_results.TestCambridgeBooks" name="test_get_cambridge_book_details" time="0.036" /><testcase classname="tests.test_cambridge_results.TestCambridgeBooks" name="test_get_nonexistent_book" time="0.036" /><testcase classname="tests.test_cambridge_results.TestCambridgeTestContent" name="test_get_test_content" time="0.041" /><testcase classname="tests.test_cambridge_results.TestCambridgeTestContent" name="test_get_test_section" time="0.034" /><testcase classname="tests.test_cambridge_results.TestCambridgeTestContent" name="test_get_nonexistent_test" time="0.035" /><testcase classname="tests.test_cambridge_results.TestCambridgeAnswerKeys" name="test_get_answer_keys" time="0.037" /><testcase classname="tests.test_cambridge_results.TestCambridgeAnswerKeys" name="test_answer_key_format" time="0.038" /><testcase classname="tests.test_cambridge_results.TestCambridgeFullTestEvaluation" name="test_full_test_evaluation_with_sample_answers" time="4.256" /><testcase classname="tests.test_cambridge_results.TestCambridgeFullTestEvaluation" name="test_full_test_evaluation_skill_breakdown" time="3.183" /><testcase classname="tests.test_cambridge_results.TestCambridgeFullTestEvaluation" name="test_full_test_evaluation_teacher_feedback" time="4.558" /><testcase classname="tests.test_cambridge_results.TestCambridgeFullTestEvaluation" name="test_full_test_evaluation_recommended_lessons" time="3.799" /><testcase classname="tests.test_cambridge_results.TestCambridgeFullTestEvaluation" name="test_full_test_evaluation_question_results" time="3.687" /><testcase classname="tests.test_cambridge_results.TestCambridgeWritingEvaluation" name="test_writing_evaluation_task1" time="6.898" /><testcase classname="tests.test_cambridge_results.TestCambridgeWritingEvaluation" name="test_writing_evaluation_task2" time="7.276" /><testcase classname="tests.test_cambridge_results.TestCambridgeSampleAnswers" name="test_get_sample_answers" time="0.075" /></testsuite></testsuites>