<?xml version="1.0" encoding="utf-8"?><testsuites name="pytest tests"><testsuite name="pytest" errors="0" failures="0" skipped="0" tests="10" time="0.602" timestamp="2026-02-12T07:26:35.241689+00:00" hostname="agent-env-fd143253-fcf1-4168-a5b8-77ae49fc27dc"><testcase classname="backend.tests.test_completion_tracking.TestTrackCompletion" name="test_track_cambridge_completion" time="0.116" /><testcase classname="backend.tests.test_completion_tracking.TestTrackCompletion" name="test_track_ai_academic_completion" time="0.037" /><testcase classname="backend.tests.test_completion_tracking.TestTrackCompletion" name="test_track_ai_general_completion" time="0.041" /><testcase classname="backend.tests.test_completion_tracking.TestTrackCompletion" name="test_reject_invalid_category" time="0.038" /><testcase classname="backend.tests.test_completion_tracking.TestTrackCompletion" name="test_update_existing_completion" time="0.118" /><testcase classname="backend.tests.test_completion_tracking.TestCompletionStats" name="test_get_completion_stats_structure" time="0.039" /><testcase classname="backend.tests.test_completion_tracking.TestCompletionStats" name="test_completion_stats_totals" time="0.039" /><testcase classname="backend.tests.test_completion_tracking.TestCompletionStats" name="test_completion_stats_counts_match" time="0.038" /><testcase classname="backend.tests.test_completion_tracking.TestCompletionStats" name="test_completion_stats_seeded_data" time="0.039" /><testcase classname="backend.tests.test_completion_tracking.TestUserAuthentication" name="test_login_test_user" time="0.041" /></testsuite></testsuites>