<?xml version="1.0" encoding="utf-8"?><testsuites name="pytest tests"><testsuite name="pytest" errors="0" failures="7" skipped="0" tests="23" time="1.405" timestamp="2026-01-03T17:06:44.200012+00:00" hostname="agent-env-f2ccc8d4-fe00-4b20-8aa1-6cd5fd2874a9"><testcase classname="tests.test_ielts_comprehensive.TestHealthAndBasicEndpoints" name="test_api_root" time="0.081" /><testcase classname="tests.test_ielts_comprehensive.TestHealthAndBasicEndpoints" name="test_health_endpoint" time="0.042" /><testcase classname="tests.test_ielts_comprehensive.TestCourseEndpoints" name="test_get_beginner_lessons" time="0.045" /><testcase classname="tests.test_ielts_comprehensive.TestCourseEndpoints" name="test_get_vocab_grammar_lessons" time="0.051" /><testcase classname="tests.test_ielts_comprehensive.TestCourseEndpoints" name="test_get_mastery_modules" time="0.049" /><testcase classname="tests.test_ielts_comprehensive.TestCourseEndpoints" name="test_get_advanced_mastery_modules" time="0.071" /><testcase classname="tests.test_ielts_comprehensive.TestCourseEndpoints" name="test_get_courses" time="0.046" /><testcase classname="tests.test_ielts_comprehensive.TestAuthEndpoints" name="test_register_invalid_email" time="0.043"><failure message="assert 404 in [400, 422]&#10; +  where 404 = &lt;Response [404]&gt;.status_code">tests/test_ielts_comprehensive.py:97: in test_register_invalid_email
    assert response.status_code in [400, 422]
E   assert 404 in [400, 422]
E    +  where 404 = &lt;Response [404]&gt;.status_code</failure></testcase><testcase classname="tests.test_ielts_comprehensive.TestAuthEndpoints" name="test_register_short_password" time="0.036"><failure message="assert 404 in [400, 422]&#10; +  where 404 = &lt;Response [404]&gt;.status_code">tests/test_ielts_comprehensive.py:108: in test_register_short_password
    assert response.status_code in [400, 422]
E   assert 404 in [400, 422]
E    +  where 404 = &lt;Response [404]&gt;.status_code</failure></testcase><testcase classname="tests.test_ielts_comprehensive.TestAuthEndpoints" name="test_login_invalid_credentials" time="0.043" /><testcase classname="tests.test_ielts_comprehensive.TestAuthEndpoints" name="test_register_and_login_flow" time="0.038" /><testcase classname="tests.test_ielts_comprehensive.TestQuestionBankEndpoints" name="test_get_tests" time="0.042" /><testcase classname="tests.test_ielts_comprehensive.TestQuestionBankEndpoints" name="test_get_speaking_questions" time="0.037"><failure message="AssertionError: assert False&#10; +  where False = isinstance({'part': 1, 'questions': ['Tell me about your hometown.', 'What do you do? Do you work or are you a student?', 'Do you enjoy your job/studies? Why?', 'What are your hobbies or interests?']}, list)">tests/test_ielts_comprehensive.py:165: in test_get_speaking_questions
    assert isinstance(data, list)
E   AssertionError: assert False
E    +  where False = isinstance({'part': 1, 'questions': ['Tell me about your hometown.', 'What do you do? Do you work or are you a student?', 'Do you enjoy your job/studies? Why?', 'What are your hobbies or interests?']}, list)</failure></testcase><testcase classname="tests.test_ielts_comprehensive.TestQuestionBankEndpoints" name="test_get_listening_sections" time="0.041"><failure message="assert 404 == 200&#10; +  where 404 = &lt;Response [404]&gt;.status_code">tests/test_ielts_comprehensive.py:171: in test_get_listening_sections
    assert response.status_code == 200
E   assert 404 == 200
E    +  where 404 = &lt;Response [404]&gt;.status_code</failure></testcase><testcase classname="tests.test_ielts_comprehensive.TestQuestionBankEndpoints" name="test_get_writing_tasks" time="0.042"><failure message="assert 404 == 200&#10; +  where 404 = &lt;Response [404]&gt;.status_code">tests/test_ielts_comprehensive.py:178: in test_get_writing_tasks
    assert response.status_code == 200
E   assert 404 == 200
E    +  where 404 = &lt;Response [404]&gt;.status_code</failure></testcase><testcase classname="tests.test_ielts_comprehensive.TestTipsAndGuidance" name="test_get_tips" time="0.042" /><testcase classname="tests.test_ielts_comprehensive.TestTipsAndGuidance" name="test_get_tips_by_category" time="0.155" /><testcase classname="tests.test_ielts_comprehensive.TestAIEvaluationEndpoints" name="test_writing_evaluation_endpoint_exists" time="0.037"><failure message="assert 404 != 404&#10; +  where 404 = &lt;Response [404]&gt;.status_code">tests/test_ielts_comprehensive.py:216: in test_writing_evaluation_endpoint_exists
    assert response.status_code != 404
E   assert 404 != 404
E    +  where 404 = &lt;Response [404]&gt;.status_code</failure></testcase><testcase classname="tests.test_ielts_comprehensive.TestAIEvaluationEndpoints" name="test_speaking_evaluation_endpoint_exists" time="0.042"><failure message="assert 404 != 404&#10; +  where 404 = &lt;Response [404]&gt;.status_code">tests/test_ielts_comprehensive.py:226: in test_speaking_evaluation_endpoint_exists
    assert response.status_code != 404
E   assert 404 != 404
E    +  where 404 = &lt;Response [404]&gt;.status_code</failure></testcase><testcase classname="tests.test_ielts_comprehensive.TestCourseSpecificEndpoints" name="test_beginner_course_general" time="0.039" /><testcase classname="tests.test_ielts_comprehensive.TestCourseSpecificEndpoints" name="test_vocab_grammar_by_band_level" time="0.127" /><testcase classname="tests.test_ielts_comprehensive.TestProgressAndAnalytics" name="test_skill_analytics_requires_user" time="0.039" /><testcase classname="tests.test_ielts_comprehensive.TestProgressAndAnalytics" name="test_progress_requires_user" time="0.039" /></testsuite></testsuites>