<?xml version="1.0" encoding="utf-8"?><testsuites name="pytest tests"><testsuite name="pytest" errors="0" failures="1" skipped="0" tests="12" time="0.758" timestamp="2026-01-04T17:52:11.214683+00:00" hostname="agent-env-20ae9800-48b0-4eb9-9a2e-d8efa3a9e4a7"><testcase classname="tests.test_database_sync.TestDatabaseSync" name="test_api_health" time="0.108"><failure message="requests.exceptions.JSONDecodeError: Expecting value: line 1 column 1 (char 0)">/root/.venv/lib/python3.11/site-packages/requests/models.py:976: in json
    return complexjson.loads(self.text, **kwargs)
           ^^^^^^^^^^^^^^^^^^^^^^^^^^^^^^^^^^^^^^
/usr/local/lib/python3.11/json/__init__.py:346: in loads
    return _default_decoder.decode(s)
           ^^^^^^^^^^^^^^^^^^^^^^^^^^
/usr/local/lib/python3.11/json/decoder.py:337: in decode
    obj, end = self.raw_decode(s, idx=_w(s, 0).end())
               ^^^^^^^^^^^^^^^^^^^^^^^^^^^^^^^^^^^^^^
/usr/local/lib/python3.11/json/decoder.py:355: in raw_decode
    raise JSONDecodeError("Expecting value", s, err.value) from None
E   json.decoder.JSONDecodeError: Expecting value: line 1 column 1 (char 0)

During handling of the above exception, another exception occurred:
tests/test_database_sync.py:23: in test_api_health
    data = response.json()
           ^^^^^^^^^^^^^^^
/root/.venv/lib/python3.11/site-packages/requests/models.py:980: in json
    raise RequestsJSONDecodeError(e.msg, e.doc, e.pos)
E   requests.exceptions.JSONDecodeError: Expecting value: line 1 column 1 (char 0)</failure></testcase><testcase classname="tests.test_database_sync.TestDatabaseSync" name="test_all_tests_count" time="0.052" /><testcase classname="tests.test_database_sync.TestDatabaseSync" name="test_reading_tests" time="0.042" /><testcase classname="tests.test_database_sync.TestDatabaseSync" name="test_writing_tests" time="0.044" /><testcase classname="tests.test_database_sync.TestDatabaseSync" name="test_listening_tests" time="0.040" /><testcase classname="tests.test_database_sync.TestDatabaseSync" name="test_speaking_tests" time="0.042" /><testcase classname="tests.test_database_sync.TestDatabaseSync" name="test_writing_test_2_side_by_side_images" time="0.041" /><testcase classname="tests.test_database_sync.TestDatabaseSync" name="test_reading_test_2_summary_completion_block" time="0.041" /><testcase classname="tests.test_database_sync.TestDatabaseSync" name="test_reading_test_2_has_3_passages" time="0.042" /><testcase classname="tests.test_database_sync.TestDatabaseSync" name="test_tests_api_structure" time="0.047" /><testcase classname="tests.test_database_sync.TestIndividualTestEndpoint" name="test_get_individual_test" time="0.091" /><testcase classname="tests.test_database_sync.TestIndividualTestEndpoint" name="test_get_nonexistent_test" time="0.041" /></testsuite></testsuites>