<?xml version="1.0" encoding="utf-8"?><testsuites name="pytest tests"><testsuite name="pytest" errors="0" failures="0" skipped="0" tests="20" time="5.938" timestamp="2026-04-10T13:20:34.481498+00:00" hostname="agent-env-c96a7465-126d-4e60-a1cb-408eba1eee36"><testcase classname="tests.test_deploy_readiness_iter73.TestHealthCheck" name="test_api_root" time="0.248" /><testcase classname="tests.test_deploy_readiness_iter73.TestPlanAccessNormalization" name="test_get_plan_features_endpoint" time="0.109" /><testcase classname="tests.test_deploy_readiness_iter73.TestPlanAccessNormalization" name="test_legacy_plan_aliases_in_plan_access_module" time="0.001" /><testcase classname="tests.test_deploy_readiness_iter73.TestLizTeacherAccessControl" name="test_liz_status_endpoint" time="0.120" /><testcase classname="tests.test_deploy_readiness_iter73.TestLizTeacherAccessControl" name="test_liz_chat_access_control_free_user" time="0.125" /><testcase classname="tests.test_deploy_readiness_iter73.TestLizTeacherAccessControl" name="test_liz_model_selection" time="1.525" /><testcase classname="tests.test_deploy_readiness_iter73.TestQuestionBankStats" name="test_question_bank_stats" time="0.120" /><testcase classname="tests.test_deploy_readiness_iter73.TestWritingTask1CuratedVisuals" name="test_generate_authentic_process_type" time="0.136" /><testcase classname="tests.test_deploy_readiness_iter73.TestWritingTask1CuratedVisuals" name="test_generate_authentic_map_type" time="0.112" /><testcase classname="tests.test_deploy_readiness_iter73.TestWritingTask1CuratedVisuals" name="test_generate_authentic_line_graph_returns_svg" time="0.108" /><testcase classname="tests.test_deploy_readiness_iter73.TestCambridgeTestDiagnostics" name="test_cambridge_full_test_evaluate_returns_diagnostics" time="2.247" /><testcase classname="tests.test_deploy_readiness_iter73.TestGrammarEngineValidation" name="test_grammar_engine_learn_endpoint" time="0.112" /><testcase classname="tests.test_deploy_readiness_iter73.TestGrammarEngineValidation" name="test_grammar_validation_patterns" time="0.006" /><testcase classname="tests.test_deploy_readiness_iter73.TestEmilyTeacherRemoval" name="test_emily_endpoints_return_404" time="0.361" /><testcase classname="tests.test_deploy_readiness_iter73.TestEmilyTeacherRemoval" name="test_emily_post_endpoints_return_404" time="0.113" /><testcase classname="tests.test_deploy_readiness_iter73.TestAuthFlow" name="test_login_with_test_credentials" time="0.327" /><testcase classname="tests.test_deploy_readiness_iter73.TestLessonRegistryRecommendations" name="test_lesson_registry_stage_meta" time="0.069" /><testcase classname="tests.test_deploy_readiness_iter73.TestFrontendLibHelpers" name="test_plan_access_js_exists" time="0.000" /><testcase classname="tests.test_deploy_readiness_iter73.TestFrontendLibHelpers" name="test_recommendation_routing_js_exists" time="0.000" /><testcase classname="tests.test_deploy_readiness_iter73.TestFrontendLibHelpers" name="test_liz_access_js_exists" time="0.000" /></testsuite></testsuites>