<?xml version="1.0" encoding="utf-8"?><testsuites name="pytest tests"><testsuite name="pytest" errors="0" failures="0" skipped="0" tests="11" time="23.843" timestamp="2026-02-12T12:33:39.368740+00:00" hostname="agent-env-f9e81ff8-44b2-473f-b196-294c6865b94c"><testcase classname="backend.tests.test_emily_teacher.TestEmilyChatAPI" name="test_chat_basic_message" time="3.217" /><testcase classname="backend.tests.test_emily_teacher.TestEmilyChatAPI" name="test_chat_with_quick_prompt" time="3.720" /><testcase classname="backend.tests.test_emily_teacher.TestEmilyMultiTurn" name="test_multi_turn_conversation" time="10.377" /><testcase classname="backend.tests.test_emily_teacher.TestEmilySessionsAPI" name="test_get_user_sessions" time="0.039" /><testcase classname="backend.tests.test_emily_teacher.TestEmilySessionsAPI" name="test_get_sessions_empty_user" time="0.057" /><testcase classname="backend.tests.test_emily_teacher.TestEmilyHistoryAPI" name="test_get_chat_history" time="1.750" /><testcase classname="backend.tests.test_emily_teacher.TestEmilyHistoryAPI" name="test_get_history_nonexistent_session" time="0.040" /><testcase classname="backend.tests.test_emily_teacher.TestEmilyTTSAPI" name="test_tts_basic" time="2.366" /><testcase classname="backend.tests.test_emily_teacher.TestEmilyTTSAPI" name="test_tts_empty_text" time="0.035" /><testcase classname="backend.tests.test_emily_teacher.TestEmilyTTSAPI" name="test_tts_with_message_body" time="2.099" /><testcase classname="backend.tests.test_emily_teacher.TestEmilyNewSession" name="test_create_new_session" time="0.063" /></testsuite></testsuites>