<?xml version="1.0" encoding="utf-8"?><testsuites name="pytest tests"><testsuite name="pytest" errors="0" failures="0" skipped="0" tests="9" time="1.493" timestamp="2026-03-08T05:05:56.608726+00:00" hostname="agent-env-4fb1b328-3fb3-4e8f-881f-b5bef40d4e3d"><testcase classname="backend.tests.test_error_boundary_iter66.TestUnifiedLearningAPI" name="test_api_root_health" time="0.184" /><testcase classname="backend.tests.test_error_boundary_iter66.TestUnifiedLearningAPI" name="test_get_lesson_01_structure" time="0.152" /><testcase classname="backend.tests.test_error_boundary_iter66.TestUnifiedLearningAPI" name="test_get_lesson_02_vocab_game_has_items" time="0.108" /><testcase classname="backend.tests.test_error_boundary_iter66.TestUnifiedLearningAPI" name="test_get_lesson_04_review_games_has_items" time="0.156" /><testcase classname="backend.tests.test_error_boundary_iter66.TestUnifiedLearningAPI" name="test_lesson_01_vocabulary_has_words" time="0.117" /><testcase classname="backend.tests.test_error_boundary_iter66.TestUnifiedLearningAPI" name="test_lesson_01_warmup_has_questions" time="0.113" /><testcase classname="backend.tests.test_error_boundary_iter66.TestNullGuardScenarios" name="test_game_items_not_null" time="0.361" /><testcase classname="backend.tests.test_error_boundary_iter66.TestNullGuardScenarios" name="test_crossword_items_have_words" time="0.103" /><testcase classname="backend.tests.test_error_boundary_iter66.TestNullGuardScenarios" name="test_board_game_items_have_questions" time="0.115" /></testsuite></testsuites>