<?xml version="1.0" encoding="utf-8"?><testsuites name="pytest tests"><testsuite name="pytest" errors="0" failures="0" skipped="0" tests="29" time="113.550" timestamp="2026-02-11T18:23:19.040717+00:00" hostname="agent-env-7fecfbdb-5514-40be-a188-e61b7d95d66e"><testcase classname="backend.tests.test_mistake_analysis.TestMistakeAnalysis" name="test_api_accessible" time="0.073" /><testcase classname="backend.tests.test_mistake_analysis.TestMistakeAnalysis" name="test_full_test_evaluation_with_mixed_answers" time="9.515" /><testcase classname="backend.tests.test_mistake_analysis.TestMistakeAnalysis" name="test_reason_codes_in_listening_results" time="5.685" /><testcase classname="backend.tests.test_mistake_analysis.TestMistakeAnalysis" name="test_unanswered_reason_code" time="4.639" /><testcase classname="backend.tests.test_mistake_analysis.TestMistakeAnalysis" name="test_evidence_text_for_reading_wrong_answers" time="5.019" /><testcase classname="backend.tests.test_mistake_analysis.TestMistakeAnalysis" name="test_reason_summary_aggregation" time="4.888" /><testcase classname="backend.tests.test_mistake_analysis.TestMistakeAnalysis" name="test_correct_answers_no_reason_code" time="3.098" /><testcase classname="backend.tests.test_mistake_analysis.TestMistakeAnalysis" name="test_tfng_confusion_detection" time="3.360" /><testcase classname="backend.tests.test_mistake_analysis.TestMistakeAnalysis" name="test_skill_breakdown_present" time="6.914" /><testcase classname="backend.tests.test_mistake_analysis.TestMistakeAnalysis" name="test_fastest_gain_present" time="4.343" /><testcase classname="backend.tests.test_mistake_analysis.TestMistakeAnalysis" name="test_integrity_warnings_for_unanswered" time="4.877" /><testcase classname="backend.tests.test_mistake_analysis.TestAnswerKeyEndpoint" name="test_get_answer_key" time="0.063" /><testcase classname="backend.tests.test_mistake_analysis.TestCambridgeTestEndpoints" name="test_list_books" time="0.036" /><testcase classname="backend.tests.test_mistake_analysis.TestCambridgeTestEndpoints" name="test_get_test" time="0.042" /><testcase classname="backend.tests.test_mistake_analysis.TestRetryByTypeReason" name="test_reason_codes_groupable_for_retry" time="3.409" /><testcase classname="backend.tests.test_mistake_analysis.TestRetryByTypeReason" name="test_question_types_groupable_for_retry" time="4.039" /><testcase classname="backend.tests.test_speaking_p2.TestGenerateDrillsEndpoint" name="test_generate_drills_basic" time="3.698" /><testcase classname="backend.tests.test_speaking_p2.TestGenerateDrillsEndpoint" name="test_drill_structure" time="3.477" /><testcase classname="backend.tests.test_speaking_p2.TestGenerateDrillsEndpoint" name="test_drills_target_weak_criteria" time="0.064" /><testcase classname="backend.tests.test_speaking_p2.TestGenerateDrillsEndpoint" name="test_drills_with_empty_criteria" time="0.037" /><testcase classname="backend.tests.test_speaking_p2.TestModelAnswersEndpoint" name="test_model_answers_basic" time="13.059" /><testcase classname="backend.tests.test_speaking_p2.TestModelAnswersEndpoint" name="test_model_answers_structure" time="4.998" /><testcase classname="backend.tests.test_speaking_p2.TestModelAnswersEndpoint" name="test_model_answers_differences" time="4.832" /><testcase classname="backend.tests.test_speaking_p2.TestModelAnswersEndpoint" name="test_model_answers_caching" time="0.110" /><testcase classname="backend.tests.test_speaking_p2.TestModelAnswersEndpoint" name="test_model_answers_parts" time="22.979" /><testcase classname="backend.tests.test_speaking_p2.TestDrillTemplates" name="test_fluency_coherence_drill" time="0.098" /><testcase classname="backend.tests.test_speaking_p2.TestDrillTemplates" name="test_lexical_resource_drill" time="0.040" /><testcase classname="backend.tests.test_speaking_p2.TestDrillTemplates" name="test_grammatical_range_drill" time="0.040" /><testcase classname="backend.tests.test_speaking_p2.TestDrillTemplates" name="test_pronunciation_drill" time="0.038" /></testsuite></testsuites>