<?xml version="1.0" encoding="utf-8"?><testsuites name="pytest tests"><testsuite name="pytest" errors="0" failures="0" skipped="0" tests="19" time="76.546" timestamp="2026-02-12T06:10:49.305175+00:00" hostname="agent-env-8f743e18-50cc-48ee-a086-adddb67cfc37"><testcase classname="tests.test_full_test_feedback.TestFullTestSets" name="test_get_all_sets_returns_8_academic" time="0.093" /><testcase classname="tests.test_full_test_feedback.TestFullTestSets" name="test_get_academic_sets_filtered" time="0.047" /><testcase classname="tests.test_full_test_feedback.TestFullTestComplete" name="test_complete_test_with_listening_only" time="4.517" /><testcase classname="tests.test_full_test_feedback.TestFullTestComplete" name="test_complete_returns_skill_breakdown" time="3.319" /><testcase classname="tests.test_full_test_feedback.TestFullTestComplete" name="test_complete_returns_fastest_gain" time="3.987" /><testcase classname="tests.test_full_test_feedback.TestFullTestComplete" name="test_complete_returns_integrity_warnings" time="6.639" /><testcase classname="tests.test_full_test_feedback.TestFullTestComplete" name="test_complete_returns_reason_summary" time="3.537" /><testcase classname="tests.test_full_test_feedback.TestFullTestComplete" name="test_complete_returns_question_results_with_reason_codes" time="3.277" /><testcase classname="tests.test_full_test_feedback.TestFullTestComplete" name="test_spelling_error_classification" time="3.597" /><testcase classname="tests.test_full_test_feedback.TestFullTestComplete" name="test_unanswered_classification" time="3.100" /><testcase classname="tests.test_full_test_feedback.TestFullTestComplete" name="test_wrong_answer_classification" time="6.398" /><testcase classname="tests.test_full_test_feedback.TestFullTestComplete" name="test_question_results_have_explanation" time="3.633" /><testcase classname="tests.test_full_test_feedback.TestFullTestComplete" name="test_question_results_have_skill_tip" time="3.066" /><testcase classname="tests.test_full_test_feedback.TestFullTestCompleteMissingSections" name="test_no_listening_answers_submitted" time="4.852" /><testcase classname="tests.test_full_test_feedback.TestFullTestCompleteMissingSections" name="test_empty_answers_dict" time="5.813" /><testcase classname="tests.test_full_test_feedback.TestBandScoreCalculation" name="test_perfect_score_band" time="4.204" /><testcase classname="tests.test_full_test_feedback.TestBandScoreCalculation" name="test_partial_score_band" time="6.793" /><testcase classname="tests.test_full_test_feedback.TestTeacherFeedback" name="test_teacher_feedback_returned" time="4.337" /><testcase classname="tests.test_full_test_feedback.TestRecommendedLessons" name="test_recommended_lessons_returned" time="5.244" /></testsuite></testsuites>