<?xml version="1.0" encoding="utf-8"?><testsuites name="pytest tests"><testsuite name="pytest" errors="0" failures="1" skipped="0" tests="19" time="65.114" timestamp="2026-02-12T06:09:25.919355+00:00" hostname="agent-env-8f743e18-50cc-48ee-a086-adddb67cfc37"><testcase classname="tests.test_full_test_feedback.TestFullTestSets" name="test_get_all_sets_returns_8_academic" time="0.142" /><testcase classname="tests.test_full_test_feedback.TestFullTestSets" name="test_get_academic_sets_filtered" time="0.042" /><testcase classname="tests.test_full_test_feedback.TestFullTestComplete" name="test_complete_test_with_listening_only" time="4.018" /><testcase classname="tests.test_full_test_feedback.TestFullTestComplete" name="test_complete_returns_skill_breakdown" time="3.795" /><testcase classname="tests.test_full_test_feedback.TestFullTestComplete" name="test_complete_returns_fastest_gain" time="3.253" /><testcase classname="tests.test_full_test_feedback.TestFullTestComplete" name="test_complete_returns_integrity_warnings" time="3.075" /><testcase classname="tests.test_full_test_feedback.TestFullTestComplete" name="test_complete_returns_reason_summary" time="2.599" /><testcase classname="tests.test_full_test_feedback.TestFullTestComplete" name="test_complete_returns_question_results_with_reason_codes" time="2.610" /><testcase classname="tests.test_full_test_feedback.TestFullTestComplete" name="test_spelling_error_classification" time="2.845" /><testcase classname="tests.test_full_test_feedback.TestFullTestComplete" name="test_unanswered_classification" time="3.398" /><testcase classname="tests.test_full_test_feedback.TestFullTestComplete" name="test_wrong_answer_classification" time="3.231" /><testcase classname="tests.test_full_test_feedback.TestFullTestComplete" name="test_question_results_have_explanation" time="3.886" /><testcase classname="tests.test_full_test_feedback.TestFullTestComplete" name="test_question_results_have_skill_tip" time="3.630" /><testcase classname="tests.test_full_test_feedback.TestFullTestCompleteMissingSections" name="test_no_listening_answers_submitted" time="6.377" /><testcase classname="tests.test_full_test_feedback.TestFullTestCompleteMissingSections" name="test_empty_answers_dict" time="4.876" /><testcase classname="tests.test_full_test_feedback.TestBandScoreCalculation" name="test_perfect_score_band" time="3.944" /><testcase classname="tests.test_full_test_feedback.TestBandScoreCalculation" name="test_partial_score_band" time="5.236"><failure message="AssertionError: Expected Band &gt;= 7.0 for ~60%, got 6.0&#10;assert 6.0 &gt;= 7.0">tests/test_full_test_feedback.py:529: in test_partial_score_band
    assert listening["band"] &gt;= 7.0, f"Expected Band &gt;= 7.0 for ~60%, got {listening['band']}"
E   AssertionError: Expected Band &gt;= 7.0 for ~60%, got 6.0
E   assert 6.0 &gt;= 7.0</failure></testcase><testcase classname="tests.test_full_test_feedback.TestTeacherFeedback" name="test_teacher_feedback_returned" time="3.740" /><testcase classname="tests.test_full_test_feedback.TestRecommendedLessons" name="test_recommended_lessons_returned" time="4.300" /></testsuite></testsuites>