<?xml version="1.0" encoding="utf-8"?><testsuites name="pytest tests"><testsuite name="pytest" errors="0" failures="0" skipped="0" tests="40" time="1.657" timestamp="2026-01-03T09:48:12.096711+00:00" hostname="agent-env-b49b1e0c-8872-4edf-aa0d-6e53355b2e30"><testcase classname="tests.test_game_bank.TestGameBankList" name="test_list_games_returns_200" time="0.074" /><testcase classname="tests.test_game_bank.TestGameBankList" name="test_list_games_returns_6_game_types" time="0.036" /><testcase classname="tests.test_game_bank.TestGameBankList" name="test_list_games_returns_6_topics" time="0.038" /><testcase classname="tests.test_game_bank.TestGameBankList" name="test_list_games_has_required_fields" time="0.040" /><testcase classname="tests.test_game_bank.TestMatchingPairsGame" name="test_matching_pairs_returns_200" time="0.034" /><testcase classname="tests.test_game_bank.TestMatchingPairsGame" name="test_matching_pairs_returns_valid_game" time="0.037" /><testcase classname="tests.test_game_bank.TestMatchingPairsGame" name="test_matching_pairs_has_word_meaning_pairs" time="0.075" /><testcase classname="tests.test_game_bank.TestSpellingBeeGame" name="test_spelling_bee_returns_200" time="0.037" /><testcase classname="tests.test_game_bank.TestSpellingBeeGame" name="test_spelling_bee_returns_valid_game" time="0.034" /><testcase classname="tests.test_game_bank.TestSpellingBeeGame" name="test_spelling_bee_has_scrambled_words" time="0.038" /><testcase classname="tests.test_game_bank.TestTrueFalseGame" name="test_true_false_returns_200" time="0.034" /><testcase classname="tests.test_game_bank.TestTrueFalseGame" name="test_true_false_returns_valid_game" time="0.038" /><testcase classname="tests.test_game_bank.TestTrueFalseGame" name="test_true_false_has_statements" time="0.050" /><testcase classname="tests.test_game_bank.TestWordRaceGame" name="test_word_race_returns_200" time="0.033" /><testcase classname="tests.test_game_bank.TestWordRaceGame" name="test_word_race_returns_valid_game" time="0.042" /><testcase classname="tests.test_game_bank.TestWordRaceGame" name="test_word_race_has_multiple_choice" time="0.038" /><testcase classname="tests.test_game_bank.TestLuckyWheelGame" name="test_lucky_wheel_returns_200" time="0.034" /><testcase classname="tests.test_game_bank.TestLuckyWheelGame" name="test_lucky_wheel_returns_valid_game" time="0.036" /><testcase classname="tests.test_game_bank.TestLuckyWheelGame" name="test_lucky_wheel_has_points" time="0.038" /><testcase classname="tests.test_game_bank.TestFishingGame" name="test_fishing_returns_200" time="0.036" /><testcase classname="tests.test_game_bank.TestFishingGame" name="test_fishing_returns_valid_game" time="0.036" /><testcase classname="tests.test_game_bank.TestFishingGame" name="test_fishing_has_fish_options" time="0.034" /><testcase classname="tests.test_game_bank.TestGameScoreSubmission" name="test_submit_score_returns_200" time="0.035" /><testcase classname="tests.test_game_bank.TestGameScoreSubmission" name="test_submit_score_returns_stars" time="0.033" /><testcase classname="tests.test_game_bank.TestGameScoreSubmission" name="test_submit_perfect_score_gets_3_stars" time="0.074" /><testcase classname="tests.test_game_bank.TestGameScoreSubmission" name="test_submit_good_score_gets_2_stars" time="0.034" /><testcase classname="tests.test_game_bank.TestGameScoreSubmission" name="test_submit_average_score_gets_1_star" time="0.036" /><testcase classname="tests.test_game_bank.TestInvalidGameType" name="test_invalid_game_type_returns_400" time="0.034" /><testcase classname="tests.test_game_bank.TestAllTopics" name="test_matching_pairs_all_topics[family]" time="0.032" /><testcase classname="tests.test_game_bank.TestAllTopics" name="test_matching_pairs_all_topics[food]" time="0.034" /><testcase classname="tests.test_game_bank.TestAllTopics" name="test_matching_pairs_all_topics[animals]" time="0.038" /><testcase classname="tests.test_game_bank.TestAllTopics" name="test_matching_pairs_all_topics[colors]" time="0.034" /><testcase classname="tests.test_game_bank.TestAllTopics" name="test_matching_pairs_all_topics[numbers]" time="0.035" /><testcase classname="tests.test_game_bank.TestAllTopics" name="test_matching_pairs_all_topics[school]" time="0.036" /><testcase classname="tests.test_game_bank.TestAllTopics" name="test_word_race_all_topics[family]" time="0.034" /><testcase classname="tests.test_game_bank.TestAllTopics" name="test_word_race_all_topics[food]" time="0.034" /><testcase classname="tests.test_game_bank.TestAllTopics" name="test_word_race_all_topics[animals]" time="0.035" /><testcase classname="tests.test_game_bank.TestAllTopics" name="test_word_race_all_topics[colors]" time="0.036" /><testcase classname="tests.test_game_bank.TestAllTopics" name="test_word_race_all_topics[numbers]" time="0.041" /><testcase classname="tests.test_game_bank.TestAllTopics" name="test_word_race_all_topics[school]" time="0.037" /></testsuite></testsuites>