<?xml version="1.0" encoding="utf-8"?><testsuites name="pytest tests"><testsuite name="pytest" errors="0" failures="0" skipped="0" tests="25" time="9.113" timestamp="2026-03-22T02:28:08.305514+00:00" hostname="agent-env-2070b0ad-e1ea-4d41-808d-9e3932529b09"><testcase classname="backend.tests.test_grammar_engine.TestGrammarEngineLearn" name="test_learn_endpoint_returns_200" time="0.247" /><testcase classname="backend.tests.test_grammar_engine.TestGrammarEngineLearn" name="test_learn_has_slides_array" time="0.124" /><testcase classname="backend.tests.test_grammar_engine.TestGrammarEngineLearn" name="test_learn_has_all_7_slide_types" time="0.107" /><testcase classname="backend.tests.test_grammar_engine.TestGrammarEngineLearn" name="test_learn_has_title_and_module_topic" time="0.105" /><testcase classname="backend.tests.test_grammar_engine.TestGrammarEnginePractice" name="test_practice_endpoint_returns_200" time="0.106" /><testcase classname="backend.tests.test_grammar_engine.TestGrammarEnginePractice" name="test_practice_has_sections_array" time="0.132" /><testcase classname="backend.tests.test_grammar_engine.TestGrammarEnginePractice" name="test_practice_has_all_4_section_types" time="0.102" /><testcase classname="backend.tests.test_grammar_engine.TestGrammarEnginePractice" name="test_practice_sections_have_items" time="0.128" /><testcase classname="backend.tests.test_grammar_engine.TestGrammarEngineQuiz" name="test_quiz_endpoint_returns_200" time="0.112" /><testcase classname="backend.tests.test_grammar_engine.TestGrammarEngineQuiz" name="test_quiz_has_questions_array" time="0.123" /><testcase classname="backend.tests.test_grammar_engine.TestGrammarEngineQuiz" name="test_quiz_has_timer_settings" time="0.107" /><testcase classname="backend.tests.test_grammar_engine.TestGrammarEngineQuiz" name="test_quiz_questions_have_required_fields" time="0.114" /><testcase classname="backend.tests.test_grammar_engine.TestGrammarEngineGuidedProduction" name="test_guided_prompts_endpoint_returns_200" time="0.126" /><testcase classname="backend.tests.test_grammar_engine.TestGrammarEngineGuidedProduction" name="test_guided_prompts_has_prompts_array" time="0.139" /><testcase classname="backend.tests.test_grammar_engine.TestGrammarEngineGuidedProduction" name="test_guided_prompts_have_word_bank" time="0.114" /><testcase classname="backend.tests.test_grammar_engine.TestGrammarEngineFreeProduction" name="test_free_prompts_endpoint_returns_200" time="0.107" /><testcase classname="backend.tests.test_grammar_engine.TestGrammarEngineFreeProduction" name="test_free_prompts_has_prompts_array" time="0.121" /><testcase classname="backend.tests.test_grammar_engine.TestGrammarEngineFreeProduction" name="test_free_prompts_have_min_sentences" time="0.112" /><testcase classname="backend.tests.test_grammar_engine.TestGrammarEngineTranslation" name="test_translate_endpoint_returns_200" time="1.063" /><testcase classname="backend.tests.test_grammar_engine.TestGrammarEngineTranslation" name="test_translate_returns_translation" time="0.497" /><testcase classname="backend.tests.test_grammar_engine.TestGrammarEngineTranslation" name="test_translate_multiple_languages" time="2.145" /><testcase classname="backend.tests.test_grammar_engine.TestGrammarEngineEvaluation" name="test_evaluate_endpoint_returns_200" time="0.951" /><testcase classname="backend.tests.test_grammar_engine.TestGrammarEngineEvaluation" name="test_evaluate_returns_score" time="1.014" /><testcase classname="backend.tests.test_grammar_engine.TestGrammarEngineEvaluation" name="test_evaluate_returns_feedback" time="1.109" /><testcase classname="backend.tests.test_grammar_engine.TestWordOrderNormalizeFix" name="test_normalize_function_logic" time="0.000" /></testsuite></testsuites>