<?xml version="1.0" encoding="utf-8"?><testsuites name="pytest tests"><testsuite name="pytest" errors="0" failures="0" skipped="0" tests="13" time="24.180" timestamp="2026-02-12T14:01:12.582180+00:00" hostname="agent-env-17a24fb9-de35-4766-9f1d-85f39582b243"><testcase classname="backend.tests.test_homework_system.TestHomeworkGetAPI" name="test_get_homework_list" time="0.093" /><testcase classname="backend.tests.test_homework_system.TestHomeworkGetAPI" name="test_get_homework_status_filter" time="0.038" /><testcase classname="backend.tests.test_homework_system.TestHomeworkGetAPI" name="test_get_homework_empty_user" time="0.046" /><testcase classname="backend.tests.test_homework_system.TestHomeworkAssignAPI" name="test_assign_homework_basic" time="0.087" /><testcase classname="backend.tests.test_homework_system.TestHomeworkAssignAPI" name="test_assign_homework_default_values" time="0.085" /><testcase classname="backend.tests.test_homework_system.TestHomeworkSubmitAPI" name="test_submit_homework_with_auto_review" time="4.871" /><testcase classname="backend.tests.test_homework_system.TestHomeworkSubmitAPI" name="test_submit_homework_not_found" time="0.038" /><testcase classname="backend.tests.test_homework_system.TestHomeworkDeleteAPI" name="test_delete_homework" time="0.115" /><testcase classname="backend.tests.test_homework_system.TestHomeworkDeleteAPI" name="test_delete_homework_not_found" time="0.038" /><testcase classname="backend.tests.test_homework_system.TestHomeworkAutoDetection" name="test_chat_auto_creates_homework" time="2.875" /><testcase classname="backend.tests.test_homework_system.TestHomeworkAutoDetection" name="test_chat_response_cleaned" time="5.034" /><testcase classname="backend.tests.test_homework_system.TestGreetWithHomework" name="test_greet_mentions_pending_homework" time="4.814" /><testcase classname="backend.tests.test_homework_system.TestHomeworkScoreRegex" name="test_score_format_slash" time="5.972" /></testsuite></testsuites>