<?xml version="1.0" encoding="utf-8"?><testsuites name="pytest tests"><testsuite name="pytest" errors="0" failures="0" skipped="0" tests="16" time="4.728" timestamp="2026-03-05T14:26:26.225685+00:00" hostname="agent-env-e9fccceb-56d8-40ab-b38b-9ebad1dec776"><testcase classname="tests.test_iter63_pricing_plans.TestPlanFeatures" name="test_plan_features_returns_all_plans" time="0.273" /><testcase classname="tests.test_iter63_pricing_plans.TestPlanFeatures" name="test_plan_prices_correct" time="0.171" /><testcase classname="tests.test_iter63_pricing_plans.TestPlanFeatures" name="test_free_plan_features" time="0.165" /><testcase classname="tests.test_iter63_pricing_plans.TestPlanFeatures" name="test_explorer_plan_features" time="0.119" /><testcase classname="tests.test_iter63_pricing_plans.TestPlanFeatures" name="test_learner_plan_features" time="0.260" /><testcase classname="tests.test_iter63_pricing_plans.TestPlanFeatures" name="test_achiever_plan_features" time="0.158" /><testcase classname="tests.test_iter63_pricing_plans.TestPlanFeatures" name="test_master_plan_features" time="0.110" /><testcase classname="tests.test_iter63_pricing_plans.TestPaypalCreateOrder" name="test_create_order_explorer_valid" time="0.718" /><testcase classname="tests.test_iter63_pricing_plans.TestPaypalCreateOrder" name="test_create_order_learner_valid" time="0.541" /><testcase classname="tests.test_iter63_pricing_plans.TestPaypalCreateOrder" name="test_create_order_achiever_valid" time="0.586" /><testcase classname="tests.test_iter63_pricing_plans.TestPaypalCreateOrder" name="test_create_order_master_valid" time="0.476" /><testcase classname="tests.test_iter63_pricing_plans.TestPaypalCreateOrder" name="test_create_order_invalid_plan" time="0.116" /><testcase classname="tests.test_iter63_pricing_plans.TestPaypalCreateOrder" name="test_create_order_old_plan_id_rejected" time="0.497" /><testcase classname="tests.test_iter63_pricing_plans.TestUserPlanAccess" name="test_user_access_endpoint_exists" time="0.113" /><testcase classname="tests.test_iter63_pricing_plans.TestAuthenticatedPlanAccess" name="test_free_user_access" time="0.237" /><testcase classname="tests.test_iter63_pricing_plans.TestUnifiedStagesAccess" name="test_unified_stages_endpoint" time="0.116" /></testsuite></testsuites>