<?xml version="1.0" encoding="utf-8"?><testsuites name="pytest tests"><testsuite name="pytest" errors="0" failures="6" skipped="0" tests="27" time="12.444" timestamp="2026-05-04T23:14:53.850272+00:00" hostname="agent-env-144ad3ac-56d7-4239-bf69-9359f74e345b"><testcase classname="backend.tests.test_handoff_iter75.TestFullTestSets" name="test_sets_endpoint" time="0.195" /><testcase classname="backend.tests.test_handoff_iter75.TestFullTestSets" name="test_set_has_all_sections[academic_set_a_01]" time="0.146" /><testcase classname="backend.tests.test_handoff_iter75.TestFullTestSets" name="test_set_has_all_sections[academic_set_b_01]" time="0.117" /><testcase classname="backend.tests.test_handoff_iter75.TestFullTestSets" name="test_set_has_all_sections[academic_set_c_01]" time="0.114" /><testcase classname="backend.tests.test_handoff_iter75.TestFullTestSets" name="test_set_has_all_sections[academic_set_d_01]" time="0.149" /><testcase classname="backend.tests.test_handoff_iter75.TestListeningAudioscripts" name="test_listening_parts_have_audio_script[academic_set_a_01]" time="0.125" /><testcase classname="backend.tests.test_handoff_iter75.TestListeningAudioscripts" name="test_listening_parts_have_audio_script[academic_set_b_01]" time="0.111" /><testcase classname="backend.tests.test_handoff_iter75.TestListeningAudioscripts" name="test_listening_parts_have_audio_script[academic_set_c_01]" time="0.110" /><testcase classname="backend.tests.test_handoff_iter75.TestListeningAudioscripts" name="test_listening_parts_have_audio_script[academic_set_d_01]" time="0.138" /><testcase classname="backend.tests.test_handoff_iter75.TestCambridgeBooks" name="test_books_list_contents" time="0.101"><failure message="AssertionError: ielts19 not registered in /api/cambridge/books despite audioscripts shipped&#10;assert 'ielts19' in {'ielts17': {'available_tests': 4, 'book_id': 'ielts17', 'coming_soon': 0, 'description': 'Official Cambridge IELTS 17 Academic practice tests', ...}, 'ielts18': {'available_tests': 4, 'book_id': 'ielts18', 'coming_soon': 0, 'description': 'Official Cambridge IELTS 18 Academic practice tests', ...}}">E   AssertionError: ielts19 not registered in /api/cambridge/books despite audioscripts shipped
    assert 'ielts19' in {'ielts17': {'available_tests': 4, 'book_id': 'ielts17', 'coming_soon': 0, 'description': 'Official Cambridge IELTS 17 Academic practice tests', ...}, 'ielts18': {'available_tests': 4, 'book_id': 'ielts18', 'coming_soon': 0, 'description': 'Official Cambridge IELTS 18 Academic practice tests', ...}}</failure></testcase><testcase classname="backend.tests.test_handoff_iter75.TestCambridgeBooks" name="test_cambridge_test_has_listening_transcripts[ielts17-test1]" time="0.116" /><testcase classname="backend.tests.test_handoff_iter75.TestCambridgeBooks" name="test_cambridge_test_has_listening_transcripts[ielts17-test2]" time="0.126" /><testcase classname="backend.tests.test_handoff_iter75.TestCambridgeBooks" name="test_cambridge_test_has_listening_transcripts[ielts17-test3]" time="0.127" /><testcase classname="backend.tests.test_handoff_iter75.TestCambridgeBooks" name="test_cambridge_test_has_listening_transcripts[ielts17-test4]" time="0.115" /><testcase classname="backend.tests.test_handoff_iter75.TestCambridgeBooks" name="test_cambridge_test_has_listening_transcripts[ielts18-test1]" time="0.112" /><testcase classname="backend.tests.test_handoff_iter75.TestCambridgeBooks" name="test_cambridge_test_has_listening_transcripts[ielts18-test2]" time="0.143" /><testcase classname="backend.tests.test_handoff_iter75.TestCambridgeBooks" name="test_cambridge_test_has_listening_transcripts[ielts18-test3]" time="0.138" /><testcase classname="backend.tests.test_handoff_iter75.TestCambridgeBooks" name="test_cambridge_test_has_listening_transcripts[ielts18-test4]" time="0.128" /><testcase classname="backend.tests.test_handoff_iter75.TestCambridgeBooks" name="test_ielts19_tests_reachable[test1]" time="0.126"><failure message="AssertionError: ielts19/test1 not reachable: 404 {&quot;detail&quot;:&quot;Book 'ielts19' not found&quot;}&#10;assert 404 == 200&#10; +  where 404 = &lt;Response [404]&gt;.status_code">E   AssertionError: ielts19/test1 not reachable: 404 {"detail":"Book 'ielts19' not found"}
    assert 404 == 200
     +  where 404 = &lt;Response [404]&gt;.status_code</failure></testcase><testcase classname="backend.tests.test_handoff_iter75.TestCambridgeBooks" name="test_ielts19_tests_reachable[test2]" time="0.157"><failure message="AssertionError: ielts19/test2 not reachable: 404 {&quot;detail&quot;:&quot;Book 'ielts19' not found&quot;}&#10;assert 404 == 200&#10; +  where 404 = &lt;Response [404]&gt;.status_code">E   AssertionError: ielts19/test2 not reachable: 404 {"detail":"Book 'ielts19' not found"}
    assert 404 == 200
     +  where 404 = &lt;Response [404]&gt;.status_code</failure></testcase><testcase classname="backend.tests.test_handoff_iter75.TestLlmProvider" name="test_llm_compat_uses_anthropic" time="0.000" /><testcase classname="backend.tests.test_handoff_iter75.TestLlmProvider" name="test_anthropic_key_configured" time="0.000" /><testcase classname="backend.tests.test_handoff_iter75.TestWritingV4" name="test_full_test_routes_import_v4" time="0.000" /><testcase classname="backend.tests.test_handoff_iter75.TestWritingV4" name="test_writing_evaluator_module_exists" time="0.061" /><testcase classname="backend.tests.test_handoff_iter75.TestFullTestFlow" name="test_start_submit_complete" time="5.410"><failure message="AssertionError: complete: 500 Internal Server Error&#10;assert 500 &lt; 500&#10; +  where 500 = &lt;Response [500]&gt;.status_code">E   AssertionError: complete: 500 Internal Server Error
    assert 500 &lt; 500
     +  where 500 = &lt;Response [500]&gt;.status_code</failure></testcase><testcase classname="backend.tests.test_handoff_iter75.TestWritingV4Runtime" name="test_complete_with_writing_answers" time="4.199"><failure message="AssertionError: complete: 500 Internal Server Error&#10;assert 500 == 200&#10; +  where 500 = &lt;Response [500]&gt;.status_code">E   AssertionError: complete: 500 Internal Server Error
    assert 500 == 200
     +  where 500 = &lt;Response [500]&gt;.status_code</failure></testcase><testcase classname="backend.tests.test_handoff_iter75.TestAuth" name="test_tester_login" time="0.114"><failure message="AssertionError: login: 401 {&quot;detail&quot;:&quot;Invalid email or password&quot;}&#10;assert 401 == 200&#10; +  where 401 = &lt;Response [401]&gt;.status_code">E   AssertionError: login: 401 {"detail":"Invalid email or password"}
    assert 401 == 200
     +  where 401 = &lt;Response [401]&gt;.status_code</failure></testcase></testsuite></testsuites>