<?xml version="1.0" encoding="utf-8"?><testsuites name="pytest tests"><testsuite name="pytest" errors="0" failures="0" skipped="0" tests="16" time="1.166" timestamp="2026-03-05T08:29:56.984353+00:00" hostname="agent-env-6ce774dc-eea4-4565-995d-713d1be87053"><testcase classname="tests.test_iter61_punctuation_fix.TestComputeSimilarityPunctuationFix" name="test_compute_similarity_punctuation_stripped" time="0.187" /><testcase classname="tests.test_iter61_punctuation_fix.TestComputeSimilarityPunctuationFix" name="test_compute_similarity_trailing_period" time="0.000" /><testcase classname="tests.test_iter61_punctuation_fix.TestComputeSimilarityPunctuationFix" name="test_compute_similarity_leading_period" time="0.000" /><testcase classname="tests.test_iter61_punctuation_fix.TestComputeSimilarityPunctuationFix" name="test_compute_similarity_various_punctuation" time="0.000" /><testcase classname="tests.test_iter61_punctuation_fix.TestComputeSimilarityPunctuationFix" name="test_compute_similarity_question_mark" time="0.000" /><testcase classname="tests.test_iter61_punctuation_fix.TestComputeSimilarityPunctuationFix" name="test_compute_similarity_apostrophe_handled" time="0.000" /><testcase classname="tests.test_iter61_punctuation_fix.TestComputeSimilarityPunctuationFix" name="test_compute_similarity_partial_match" time="0.000" /><testcase classname="tests.test_iter61_punctuation_fix.TestComputeSimilarityPunctuationFix" name="test_compute_similarity_case_insensitive" time="0.000" /><testcase classname="tests.test_iter61_punctuation_fix.TestSpeechEvaluateAPIEndpoint" name="test_speech_evaluate_endpoint_exists" time="0.126" /><testcase classname="tests.test_iter61_punctuation_fix.TestPronunciationCheckEndpoint" name="test_pronunciation_check_endpoint_exists" time="0.106" /><testcase classname="tests.test_iter61_punctuation_fix.TestStaticFileServing" name="test_static_vocab_images_returns_200" time="0.160" /><testcase classname="tests.test_iter61_punctuation_fix.TestStaticFileServing" name="test_static_audio_returns_200" time="0.099" /><testcase classname="tests.test_iter61_punctuation_fix.TestStaticFileServing" name="test_nonexistent_image_returns_404" time="0.100" /><testcase classname="tests.test_iter61_punctuation_fix.TestSpeakingActivityErrorMessages" name="test_lesson_content_has_speaking_activity" time="0.107" /><testcase classname="tests.test_iter61_punctuation_fix.TestSpeakingActivityErrorMessages" name="test_speaking_activity_has_expected_text" time="0.101" /><testcase classname="tests.test_iter61_punctuation_fix.TestVocabularyPronunciationIntegration" name="test_lesson_has_vocabulary_words" time="0.105" /></testsuite></testsuites>