<?xml version="1.0" encoding="utf-8"?><testsuites name="pytest tests"><testsuite name="pytest" errors="0" failures="0" skipped="0" tests="14" time="4.491" timestamp="2026-03-05T09:23:43.862972+00:00" hostname="agent-env-e9fccceb-56d8-40ab-b38b-9ebad1dec776"><testcase classname="tests.test_iter62_vocab_images.TestStaticImageEndpoints" name="test_gpt_generated_image_accessible" time="0.810" /><testcase classname="tests.test_iter62_vocab_images.TestStaticImageEndpoints" name="test_scraped_image_accessible" time="0.180" /><testcase classname="tests.test_iter62_vocab_images.TestStaticImageEndpoints" name="test_nano_banana_hash_image_accessible" time="0.156" /><testcase classname="tests.test_iter62_vocab_images.TestStaticImageEndpoints" name="test_multiple_image_types" time="0.621" /><testcase classname="tests.test_iter62_vocab_images.TestVocabularyAPIImageCoverage" name="test_stage1_unit1_lesson1_vocabulary_has_images" time="0.129" /><testcase classname="tests.test_iter62_vocab_images.TestVocabularyAPIImageCoverage" name="test_stage2_unit1_lesson1_vocabulary_has_images" time="0.131" /><testcase classname="tests.test_iter62_vocab_images.TestVocabularyAPIImageCoverage" name="test_vocabulary_images_are_accessible" time="0.791" /><testcase classname="tests.test_iter62_vocab_images.TestMultipleLessonsImageCoverage" name="test_stage1_multiple_lessons_have_images" time="0.356" /><testcase classname="tests.test_iter62_vocab_images.TestMultipleLessonsImageCoverage" name="test_stage2_multiple_lessons_have_images" time="0.355" /><testcase classname="tests.test_iter62_vocab_images.TestImageURLFormats" name="test_gpt_prefix_images_in_api" time="0.292" /><testcase classname="tests.test_iter62_vocab_images.TestImageURLFormats" name="test_hash_images_in_api" time="0.266" /><testcase classname="tests.test_iter62_vocab_images.TestLessonAPIBasics" name="test_lesson_endpoint_returns_200" time="0.106" /><testcase classname="tests.test_iter62_vocab_images.TestLessonAPIBasics" name="test_lesson_has_activity_flow" time="0.112" /><testcase classname="tests.test_iter62_vocab_images.TestLessonAPIBasics" name="test_lesson_has_vocabulary_activity" time="0.108" /></testsuite></testsuites>