<?xml version="1.0" encoding="utf-8"?><testsuites name="pytest tests"><testsuite name="pytest" errors="0" failures="0" skipped="0" tests="9" time="2.682" timestamp="2026-02-17T04:40:47.443445+00:00" hostname="agent-env-55b49a10-a377-4314-b421-bb0b8355d561"><testcase classname="tests.test_iter47_features.TestCumulativeVocabAPI" name="test_cumulative_vocab_unit3_lesson1" time="1.386" /><testcase classname="tests.test_iter47_features.TestCumulativeVocabAPI" name="test_cumulative_vocab_unit1_lesson1" time="0.112" /><testcase classname="tests.test_iter47_features.TestGrammarGameFillBlank" name="test_unit2_fill_blank_pedagogically_correct" time="0.132" /><testcase classname="tests.test_iter47_features.TestGrammarGameFillBlank" name="test_unit2_fill_blank_structure" time="0.151" /><testcase classname="tests.test_iter47_features.TestExitTicketGrammar" name="test_unit2_exit_ticket_grammar_question" time="0.129" /><testcase classname="tests.test_iter47_features.TestExitTicketGrammar" name="test_exit_ticket_question_structure" time="0.192" /><testcase classname="tests.test_iter47_features.TestGrammarGameWordOrder" name="test_word_order_items_structure" time="0.197" /><testcase classname="tests.test_iter47_features.TestActivityEndpoints" name="test_warmup_has_image_emoji" time="0.146" /><testcase classname="tests.test_iter47_features.TestActivityEndpoints" name="test_vocabulary_activity" time="0.159" /></testsuite></testsuites>