<?xml version="1.0" encoding="utf-8"?><testsuites name="pytest tests"><testsuite name="pytest" errors="0" failures="0" skipped="0" tests="14" time="3.026" timestamp="2026-02-17T06:50:06.894743+00:00" hostname="agent-env-55b49a10-a377-4314-b421-bb0b8355d561"><testcase classname="backend.tests.test_iter49_authored_content.TestLesson1AuthoredContent" name="test_lesson1_activity_flow_has_10_steps" time="0.218" /><testcase classname="backend.tests.test_iter49_authored_content.TestLesson1AuthoredContent" name="test_lesson1_warmup_has_video_url" time="0.135" /><testcase classname="backend.tests.test_iter49_authored_content.TestLesson1AuthoredContent" name="test_lesson1_grammar_game_is_word_order" time="0.124" /><testcase classname="backend.tests.test_iter49_authored_content.TestLesson2AuthoredContent" name="test_lesson2_warmup_spiral_recall" time="0.108" /><testcase classname="backend.tests.test_iter49_authored_content.TestLesson2AuthoredContent" name="test_lesson2_grammar_game_is_fill_blank" time="0.107" /><testcase classname="backend.tests.test_iter49_authored_content.TestLesson3AuthoredContent" name="test_lesson3_grammar_game_is_error_hunter" time="0.144" /><testcase classname="backend.tests.test_iter49_authored_content.TestLesson4MasteryCheck" name="test_lesson4_is_review_lesson" time="0.213" /><testcase classname="backend.tests.test_iter49_authored_content.TestLesson4MasteryCheck" name="test_lesson4_vocabulary_review_exists" time="0.121" /><testcase classname="backend.tests.test_iter49_authored_content.TestLesson4MasteryCheck" name="test_lesson4_grammar_review_exists" time="0.164" /><testcase classname="backend.tests.test_iter49_authored_content.TestUnitsOrdering" name="test_units_sorted_by_unit_number" time="0.139" /><testcase classname="backend.tests.test_iter49_authored_content.TestExtraLinks" name="test_lesson1_has_extra_links" time="0.129" /><testcase classname="backend.tests.test_iter49_authored_content.TestExtraLinks" name="test_all_unit1_lessons_have_extra_links" time="0.529" /><testcase classname="backend.tests.test_iter49_authored_content.TestSummaryData" name="test_lesson1_summary_data_contains_words" time="0.186" /><testcase classname="backend.tests.test_iter49_authored_content.TestSummaryData" name="test_lesson1_summary_data_contains_grammar_rules" time="0.621" /></testsuite></testsuites>