<?xml version="1.0" encoding="utf-8"?><testsuites name="pytest tests"><testsuite name="pytest" errors="0" failures="0" skipped="0" tests="18" time="17.240" timestamp="2026-02-18T12:20:02.978354+00:00" hostname="agent-env-cee06438-c31e-41d1-a21a-af431c04647f"><testcase classname="tests.test_iter55_worksheet_generator.TestWorksheetCurrentMode" name="test_current_worksheet_returns_exercises" time="0.193" /><testcase classname="tests.test_iter55_worksheet_generator.TestWorksheetCurrentMode" name="test_current_worksheet_vocabulary_section_has_items" time="0.136" /><testcase classname="tests.test_iter55_worksheet_generator.TestWorksheetCurrentMode" name="test_current_worksheet_grammar_section_has_items" time="0.110" /><testcase classname="tests.test_iter55_worksheet_generator.TestWorksheetCurrentMode" name="test_current_worksheet_mixed_review_has_questions" time="0.112" /><testcase classname="tests.test_iter55_worksheet_generator.TestWorksheetCumulativeMode" name="test_cumulative_worksheet_word_count_max_20" time="0.117" /><testcase classname="tests.test_iter55_worksheet_generator.TestWorksheetCumulativeMode" name="test_cumulative_worksheet_has_exercises" time="0.108" /><testcase classname="tests.test_iter55_worksheet_generator.TestWorksheetCumulativeMode" name="test_cumulative_worksheet_total_lessons" time="0.124" /><testcase classname="tests.test_iter55_worksheet_generator.TestCumulativeVocabEndpoint" name="test_cumulative_vocab_max_20_words" time="0.129" /><testcase classname="tests.test_iter55_worksheet_generator.TestCumulativeVocabEndpoint" name="test_cumulative_vocab_returns_words_from_previous_units" time="0.122" /><testcase classname="tests.test_iter55_worksheet_generator.TestCumulativeVocabEndpoint" name="test_cumulative_vocab_returns_grammar_rules" time="0.130" /><testcase classname="tests.test_iter55_worksheet_generator.TestWorksheetCaching" name="test_cached_response_is_instant" time="0.224" /><testcase classname="tests.test_iter55_worksheet_generator.TestWorksheetCaching" name="test_force_refresh_regenerates" time="14.935" /><testcase classname="tests.test_iter55_worksheet_generator.TestWorksheetExerciseFormat" name="test_matching_item_format" time="0.139" /><testcase classname="tests.test_iter55_worksheet_generator.TestWorksheetExerciseFormat" name="test_fill_blank_item_format" time="0.113" /><testcase classname="tests.test_iter55_worksheet_generator.TestWorksheetExerciseFormat" name="test_reorder_item_format" time="0.106" /><testcase classname="tests.test_iter55_worksheet_generator.TestWorksheetExerciseFormat" name="test_mixed_review_item_format" time="0.120" /><testcase classname="tests.test_iter55_worksheet_generator.TestRegressionWarmupExitQuiz" name="test_warmup_has_3_questions" time="0.107" /><testcase classname="tests.test_iter55_worksheet_generator.TestRegressionWarmupExitQuiz" name="test_exit_ticket_has_5_questions" time="0.105" /></testsuite></testsuites>