<?xml version="1.0" encoding="utf-8"?><testsuites name="pytest tests"><testsuite name="pytest" errors="0" failures="0" skipped="0" tests="9" time="1.581" timestamp="2026-02-17T06:06:12.632881+00:00" hostname="agent-env-55b49a10-a377-4314-b421-bb0b8355d561"><testcase classname="backend.tests.test_iter48_ai_content.TestUnit2Lesson1Grammar" name="test_micro_game_grammar_what_is_your_name" time="0.405" /><testcase classname="backend.tests.test_iter48_ai_content.TestUnit2ExitTicket" name="test_exit_ticket_uses_name_not_boy" time="0.169" /><testcase classname="backend.tests.test_iter48_ai_content.TestUnit6Lesson1GrammarGame" name="test_fill_blank_has_proper_blanks" time="0.178" /><testcase classname="backend.tests.test_iter48_ai_content.TestUnit6Lesson1GrammarGame" name="test_fill_blank_has_plural_answers" time="0.130" /><testcase classname="backend.tests.test_iter48_ai_content.TestUnit6Lesson1GrammarGame" name="test_fill_blank_distractors_different_categories" time="0.161" /><testcase classname="backend.tests.test_iter48_ai_content.TestUnit6Lesson1GrammarGame" name="test_fill_blank_has_hints" time="0.165" /><testcase classname="backend.tests.test_iter48_ai_content.TestUnit6ExitTicket" name="test_exit_ticket_has_acceptable_answers" time="0.104" /><testcase classname="backend.tests.test_iter48_ai_content.TestWarmupHints" name="test_warmup_has_hints" time="0.106" /><testcase classname="backend.tests.test_iter48_ai_content.TestLessonRoadmapAPI" name="test_lesson_activities_structure" time="0.100" /></testsuite></testsuites>