<?xml version="1.0" encoding="utf-8"?><testsuites name="pytest tests"><testsuite name="pytest" errors="0" failures="0" skipped="0" tests="8" time="1.574" timestamp="2026-02-15T18:19:10.749999+00:00" hostname="agent-env-55b49a10-a377-4314-b421-bb0b8355d561"><testcase classname="tests.test_iter46_features.TestGrammarGameDataPattern" name="test_grammar_game_word_order_data_pattern" time="0.266" /><testcase classname="tests.test_iter46_features.TestGrammarGameDataPattern" name="test_fill_blank_items_exist" time="0.142" /><testcase classname="tests.test_iter46_features.TestWarmupImageEmoji" name="test_warmup_has_image_emoji" time="0.127" /><testcase classname="tests.test_iter46_features.TestLessonRoadmapData" name="test_lesson_has_activity_flow" time="0.143" /><testcase classname="tests.test_iter46_features.TestMultipleUnits" name="test_lesson_loads_correctly[1-1]" time="0.140" /><testcase classname="tests.test_iter46_features.TestMultipleUnits" name="test_lesson_loads_correctly[1-2]" time="0.128" /><testcase classname="tests.test_iter46_features.TestMultipleUnits" name="test_lesson_loads_correctly[3-1]" time="0.121" /><testcase classname="tests.test_iter46_features.TestMultipleUnits" name="test_lesson_loads_correctly[5-1]" time="0.443" /></testsuite></testsuites>