<?xml version="1.0" encoding="utf-8"?><testsuites name="pytest tests"><testsuite name="pytest" errors="0" failures="0" skipped="0" tests="16" time="13.993" timestamp="2026-02-18T11:51:02.669772+00:00" hostname="agent-env-cee06438-c31e-41d1-a21a-af431c04647f"><testcase classname="backend.tests.test_iter54_speech_features.TestSpeechEndpoint" name="test_speech_endpoint_exists" time="5.871" /><testcase classname="backend.tests.test_iter54_speech_features.TestSpeechEndpoint" name="test_speech_endpoint_returns_json_structure" time="6.388" /><testcase classname="backend.tests.test_iter54_speech_features.TestWarmupQuestions" name="test_warmup_has_3_questions" time="0.161" /><testcase classname="backend.tests.test_iter54_speech_features.TestExitTicketQuestions" name="test_exit_ticket_has_5_questions" time="0.114" /><testcase classname="backend.tests.test_iter54_speech_features.TestListeningOptions" name="test_listening_has_proper_options" time="0.110" /><testcase classname="backend.tests.test_iter54_speech_features.TestProductionActivity" name="test_production_has_speaking_data" time="0.108" /><testcase classname="backend.tests.test_iter54_speech_features.TestGrammarGamesWordOrder" name="test_grammar_games_has_word_order" time="0.109" /><testcase classname="backend.tests.test_iter54_speech_features.TestAllActivitiesAccessible" name="test_activity_returns_data[retrieval_warmup]" time="0.108" /><testcase classname="backend.tests.test_iter54_speech_features.TestAllActivitiesAccessible" name="test_activity_returns_data[vocabulary]" time="0.106" /><testcase classname="backend.tests.test_iter54_speech_features.TestAllActivitiesAccessible" name="test_activity_returns_data[micro_game_vocab]" time="0.104" /><testcase classname="backend.tests.test_iter54_speech_features.TestAllActivitiesAccessible" name="test_activity_returns_data[micro_reading]" time="0.099" /><testcase classname="backend.tests.test_iter54_speech_features.TestAllActivitiesAccessible" name="test_activity_returns_data[grammar_focus]" time="0.153" /><testcase classname="backend.tests.test_iter54_speech_features.TestAllActivitiesAccessible" name="test_activity_returns_data[micro_game_grammar]" time="0.104" /><testcase classname="backend.tests.test_iter54_speech_features.TestAllActivitiesAccessible" name="test_activity_returns_data[listening_task]" time="0.113" /><testcase classname="backend.tests.test_iter54_speech_features.TestAllActivitiesAccessible" name="test_activity_returns_data[production]" time="0.146" /><testcase classname="backend.tests.test_iter54_speech_features.TestAllActivitiesAccessible" name="test_activity_returns_data[exit_ticket]" time="0.129" /></testsuite></testsuites>