<?xml version="1.0" encoding="utf-8"?><testsuites name="pytest tests"><testsuite name="pytest" errors="0" failures="0" skipped="0" tests="18" time="87.374" timestamp="2026-02-12T13:42:25.453866+00:00" hostname="agent-env-17a24fb9-de35-4766-9f1d-85f39582b243"><testcase classname="backend.tests.test_liz_teacher.TestLizGreetAPI" name="test_greet_basic" time="3.967" /><testcase classname="backend.tests.test_liz_teacher.TestLizGreetAPI" name="test_greet_creates_session" time="5.906" /><testcase classname="backend.tests.test_liz_teacher.TestLizGreetAPI" name="test_greet_personalized" time="7.642" /><testcase classname="backend.tests.test_liz_teacher.TestLizGreetAPI" name="test_greet_missing_user_id" time="0.058" /><testcase classname="backend.tests.test_liz_teacher.TestLizChatAPI" name="test_chat_basic_message" time="5.688" /><testcase classname="backend.tests.test_liz_teacher.TestLizChatAPI" name="test_chat_lesson_speaking_practice" time="10.111" /><testcase classname="backend.tests.test_liz_teacher.TestLizChatAPI" name="test_chat_lesson_vocabulary_builder" time="7.001" /><testcase classname="backend.tests.test_liz_teacher.TestLizChatAPI" name="test_chat_lesson_study_plan" time="16.898" /><testcase classname="backend.tests.test_liz_teacher.TestLizChatAPI" name="test_chat_with_voice_flag" time="8.774" /><testcase classname="backend.tests.test_liz_teacher.TestLizMultiTurnConversation" name="test_multi_turn_conversation" time="7.771" /><testcase classname="backend.tests.test_liz_teacher.TestLizSessionsAPI" name="test_get_user_sessions" time="0.142" /><testcase classname="backend.tests.test_liz_teacher.TestLizSessionsAPI" name="test_get_sessions_empty_user" time="0.048" /><testcase classname="backend.tests.test_liz_teacher.TestLizHistoryAPI" name="test_get_chat_history" time="11.993" /><testcase classname="backend.tests.test_liz_teacher.TestLizHistoryAPI" name="test_get_history_nonexistent_session" time="0.040" /><testcase classname="backend.tests.test_liz_teacher.TestLizTTSAPI" name="test_tts_basic" time="1.127" /><testcase classname="backend.tests.test_liz_teacher.TestLizTTSAPI" name="test_tts_empty_text" time="0.038" /><testcase classname="backend.tests.test_liz_teacher.TestLizNewSessionAPI" name="test_create_new_session" time="0.036" /><testcase classname="backend.tests.test_liz_teacher.TestLizSTTAPI" name="test_stt_no_file" time="0.047" /></testsuite></testsuites>