<?xml version="1.0" encoding="utf-8"?><testsuites name="pytest tests"><testsuite name="pytest" errors="0" failures="0" skipped="0" tests="12" time="22.435" timestamp="2026-02-12T13:21:05.405260+00:00" hostname="agent-env-17a24fb9-de35-4766-9f1d-85f39582b243"><testcase classname="backend.tests.test_liz_teacher.TestLizChatAPI" name="test_chat_basic_message" time="4.493" /><testcase classname="backend.tests.test_liz_teacher.TestLizChatAPI" name="test_chat_with_quick_prompt" time="3.592" /><testcase classname="backend.tests.test_liz_teacher.TestLizChatAPI" name="test_chat_with_voice_flag" time="3.458" /><testcase classname="backend.tests.test_liz_teacher.TestLizMultiTurnConversation" name="test_multi_turn_conversation" time="6.124" /><testcase classname="backend.tests.test_liz_teacher.TestLizSessionsAPI" name="test_get_user_sessions" time="0.037" /><testcase classname="backend.tests.test_liz_teacher.TestLizSessionsAPI" name="test_get_sessions_empty_user" time="0.036" /><testcase classname="backend.tests.test_liz_teacher.TestLizHistoryAPI" name="test_get_chat_history" time="3.281" /><testcase classname="backend.tests.test_liz_teacher.TestLizHistoryAPI" name="test_get_history_nonexistent_session" time="0.036" /><testcase classname="backend.tests.test_liz_teacher.TestLizTTSAPI" name="test_tts_basic" time="1.155" /><testcase classname="backend.tests.test_liz_teacher.TestLizTTSAPI" name="test_tts_empty_text" time="0.036" /><testcase classname="backend.tests.test_liz_teacher.TestLizNewSessionAPI" name="test_create_new_session" time="0.040" /><testcase classname="backend.tests.test_liz_teacher.TestLizSTTAPI" name="test_stt_no_file" time="0.077" /></testsuite></testsuites>