<?xml version="1.0" encoding="utf-8"?><testsuites name="pytest tests"><testsuite name="pytest" errors="0" failures="0" skipped="0" tests="31" time="4.692" timestamp="2026-03-20T23:19:48.074576+00:00" hostname="agent-env-4fb1b328-3fb3-4e8f-881f-b5bef40d4e3d"><testcase classname="backend.tests.test_mastery_vocab_engine_iter67.TestMasteryModuleSlides" name="test_mastery_module_1_slides_returns_200" time="0.203" /><testcase classname="backend.tests.test_mastery_vocab_engine_iter67.TestMasteryModuleSlides" name="test_mastery_module_1_slides_structure" time="0.127" /><testcase classname="backend.tests.test_mastery_vocab_engine_iter67.TestMasteryModuleSlides" name="test_mastery_module_1_slides_has_nouns" time="0.146" /><testcase classname="backend.tests.test_mastery_vocab_engine_iter67.TestMasteryModuleSlides" name="test_mastery_module_1_slides_has_verbs" time="0.156" /><testcase classname="backend.tests.test_mastery_vocab_engine_iter67.TestMasteryModuleSlides" name="test_mastery_module_1_slides_has_adjectives" time="0.122" /><testcase classname="backend.tests.test_mastery_vocab_engine_iter67.TestMasteryModuleSlides" name="test_mastery_module_1_slides_has_adverbs" time="0.140" /><testcase classname="backend.tests.test_mastery_vocab_engine_iter67.TestMasteryModuleSlides" name="test_mastery_module_1_slide_fields" time="0.154" /><testcase classname="backend.tests.test_mastery_vocab_engine_iter67.TestMasteryModuleSlides" name="test_mastery_module_5_slides_works" time="0.123" /><testcase classname="backend.tests.test_mastery_vocab_engine_iter67.TestMasteryModulePractice" name="test_mastery_module_1_practice_returns_200" time="0.122" /><testcase classname="backend.tests.test_mastery_vocab_engine_iter67.TestMasteryModulePractice" name="test_mastery_module_1_practice_structure" time="0.142" /><testcase classname="backend.tests.test_mastery_vocab_engine_iter67.TestMasteryModulePractice" name="test_mastery_module_1_practice_has_fill_blank" time="0.125" /><testcase classname="backend.tests.test_mastery_vocab_engine_iter67.TestMasteryModulePractice" name="test_mastery_module_1_practice_has_matching" time="0.161" /><testcase classname="backend.tests.test_mastery_vocab_engine_iter67.TestMasteryModulePractice" name="test_mastery_module_1_fill_blank_structure" time="0.134" /><testcase classname="backend.tests.test_mastery_vocab_engine_iter67.TestMasteryModulePractice" name="test_mastery_module_1_matching_structure" time="0.152" /><testcase classname="backend.tests.test_mastery_vocab_engine_iter67.TestMasteryModuleQuiz" name="test_mastery_module_1_quiz_returns_200" time="0.152" /><testcase classname="backend.tests.test_mastery_vocab_engine_iter67.TestMasteryModuleQuiz" name="test_mastery_module_1_quiz_structure" time="0.141" /><testcase classname="backend.tests.test_mastery_vocab_engine_iter67.TestMasteryModuleQuiz" name="test_mastery_module_1_quiz_returns_10_questions" time="0.165" /><testcase classname="backend.tests.test_mastery_vocab_engine_iter67.TestMasteryModuleQuiz" name="test_mastery_module_1_quiz_passing_score_80" time="0.127" /><testcase classname="backend.tests.test_mastery_vocab_engine_iter67.TestMasteryModuleQuiz" name="test_mastery_module_1_quiz_question_structure" time="0.127" /><testcase classname="backend.tests.test_mastery_vocab_engine_iter67.TestMasteryQuizSubmit" name="test_submit_mastery_quiz_pass" time="0.137" /><testcase classname="backend.tests.test_mastery_vocab_engine_iter67.TestMasteryQuizSubmit" name="test_submit_mastery_quiz_fail" time="0.137" /><testcase classname="backend.tests.test_mastery_vocab_engine_iter67.TestMasteryProgress" name="test_save_mastery_learn_progress" time="0.121" /><testcase classname="backend.tests.test_mastery_vocab_engine_iter67.TestMasteryProgress" name="test_save_mastery_practice_progress" time="0.142" /><testcase classname="backend.tests.test_mastery_vocab_engine_iter67.TestMasteryProgress" name="test_save_mastery_quiz_progress" time="0.131" /><testcase classname="backend.tests.test_mastery_vocab_engine_iter67.TestAdvancedModuleRegression" name="test_advanced_module_1_slides_still_works" time="0.133" /><testcase classname="backend.tests.test_mastery_vocab_engine_iter67.TestAdvancedModuleRegression" name="test_advanced_module_1_practice_still_works" time="0.149" /><testcase classname="backend.tests.test_mastery_vocab_engine_iter67.TestAdvancedModuleRegression" name="test_advanced_module_1_quiz_still_works" time="0.120" /><testcase classname="backend.tests.test_mastery_vocab_engine_iter67.TestInvalidModules" name="test_invalid_module_slides_returns_404" time="0.140" /><testcase classname="backend.tests.test_mastery_vocab_engine_iter67.TestInvalidModules" name="test_invalid_module_practice_returns_404" time="0.138" /><testcase classname="backend.tests.test_mastery_vocab_engine_iter67.TestInvalidModules" name="test_invalid_module_quiz_returns_404" time="0.128" /><testcase classname="backend.tests.test_mastery_vocab_engine_iter67.TestMasteryModuleCompleteFlow" name="test_mastery_module_1_complete_flow" time="0.393" /></testsuite></testsuites>