<?xml version="1.0" encoding="utf-8"?><testsuites name="pytest tests"><testsuite name="pytest" errors="0" failures="0" skipped="0" tests="13" time="2.092" timestamp="2026-02-18T10:05:51.359609+00:00" hostname="agent-env-cee06438-c31e-41d1-a21a-af431c04647f"><testcase classname="tests.test_merged_content.TestLesson01MergedContent" name="test_lesson_exists_with_activity_flow" time="0.184" /><testcase classname="tests.test_merged_content.TestLesson01MergedContent" name="test_vocabulary_has_4_words" time="0.113" /><testcase classname="tests.test_merged_content.TestLesson01MergedContent" name="test_vocab_games_has_3_games" time="0.109" /><testcase classname="tests.test_merged_content.TestLesson01MergedContent" name="test_reading_passage_is_original" time="0.117" /><testcase classname="tests.test_merged_content.TestLesson01MergedContent" name="test_grammar_rule_is_original" time="0.132" /><testcase classname="tests.test_merged_content.TestLesson01MergedContent" name="test_grammar_games_has_3_types" time="0.108" /><testcase classname="tests.test_merged_content.TestLesson01MergedContent" name="test_listening_has_transcript" time="0.137" /><testcase classname="tests.test_merged_content.TestLesson01MergedContent" name="test_warmup_has_questions" time="0.115" /><testcase classname="tests.test_merged_content.TestLesson01MergedContent" name="test_exit_ticket_has_question" time="0.126" /><testcase classname="tests.test_merged_content.TestLesson04ReviewContent" name="test_lesson_is_review" time="0.138" /><testcase classname="tests.test_merged_content.TestLesson04ReviewContent" name="test_vocabulary_review_has_13_words" time="0.109" /><testcase classname="tests.test_merged_content.TestMultipleLessonsContent" name="test_lesson02_content" time="0.097" /><testcase classname="tests.test_merged_content.TestMultipleLessonsContent" name="test_all_unit1_lessons_accessible" time="0.479" /></testsuite></testsuites>