<?xml version="1.0" encoding="utf-8"?><testsuites name="pytest tests"><testsuite name="pytest" errors="0" failures="1" skipped="0" tests="14" time="43.600" timestamp="2026-02-11T17:28:33.648981+00:00" hostname="agent-env-7fecfbdb-5514-40be-a188-e61b7d95d66e"><testcase classname="backend.tests.test_mistake_analysis.TestMistakeAnalysis" name="test_health_check" time="0.101"><failure message="assert 404 == 200&#10; +  where 404 = &lt;Response [404]&gt;.status_code">backend/tests/test_mistake_analysis.py:26: in test_health_check
    assert response.status_code == 200
E   assert 404 == 200
E    +  where 404 = &lt;Response [404]&gt;.status_code</failure></testcase><testcase classname="backend.tests.test_mistake_analysis.TestMistakeAnalysis" name="test_full_test_evaluation_with_mixed_answers" time="4.415" /><testcase classname="backend.tests.test_mistake_analysis.TestMistakeAnalysis" name="test_reason_codes_in_listening_results" time="4.125" /><testcase classname="backend.tests.test_mistake_analysis.TestMistakeAnalysis" name="test_unanswered_reason_code" time="5.047" /><testcase classname="backend.tests.test_mistake_analysis.TestMistakeAnalysis" name="test_evidence_text_for_reading_wrong_answers" time="3.656" /><testcase classname="backend.tests.test_mistake_analysis.TestMistakeAnalysis" name="test_reason_summary_aggregation" time="6.116" /><testcase classname="backend.tests.test_mistake_analysis.TestMistakeAnalysis" name="test_correct_answers_no_reason_code" time="5.138" /><testcase classname="backend.tests.test_mistake_analysis.TestMistakeAnalysis" name="test_tfng_confusion_detection" time="4.506" /><testcase classname="backend.tests.test_mistake_analysis.TestMistakeAnalysis" name="test_skill_breakdown_present" time="3.159" /><testcase classname="backend.tests.test_mistake_analysis.TestMistakeAnalysis" name="test_fastest_gain_present" time="3.857" /><testcase classname="backend.tests.test_mistake_analysis.TestMistakeAnalysis" name="test_integrity_warnings_for_unanswered" time="3.222" /><testcase classname="backend.tests.test_mistake_analysis.TestAnswerKeyEndpoint" name="test_get_answer_key" time="0.057" /><testcase classname="backend.tests.test_mistake_analysis.TestCambridgeTestEndpoints" name="test_list_books" time="0.040" /><testcase classname="backend.tests.test_mistake_analysis.TestCambridgeTestEndpoints" name="test_get_test" time="0.041" /></testsuite></testsuites>