<?xml version="1.0" encoding="utf-8"?><testsuites name="pytest tests"><testsuite name="pytest" errors="0" failures="0" skipped="0" tests="150" time="6.136" timestamp="2026-01-03T11:00:39.218046+00:00" hostname="agent-env-b49b1e0c-8872-4edf-aa0d-6e53355b2e30"><testcase classname="tests.test_multilang_purity.TestGameListMultiLanguage" name="test_list_games_english" time="0.074" /><testcase classname="tests.test_multilang_purity.TestGameListMultiLanguage" name="test_list_games_vietnamese" time="0.039" /><testcase classname="tests.test_multilang_purity.TestGameListMultiLanguage" name="test_list_games_turkish" time="0.040" /><testcase classname="tests.test_multilang_purity.TestGameListMultiLanguage" name="test_list_games_turkish_has_turkish_chars" time="0.036" /><testcase classname="tests.test_multilang_purity.TestGameListMultiLanguage" name="test_list_games_vietnamese_has_vietnamese_chars" time="0.036" /><testcase classname="tests.test_multilang_purity.TestGameListMultiLanguage" name="test_list_returns_12_topics" time="0.040" /><testcase classname="tests.test_multilang_purity.TestMatchingPairsMultiLanguage" name="test_matching_pairs_english_purity[family]" time="0.039" /><testcase classname="tests.test_multilang_purity.TestMatchingPairsMultiLanguage" name="test_matching_pairs_english_purity[food]" time="0.041" /><testcase classname="tests.test_multilang_purity.TestMatchingPairsMultiLanguage" name="test_matching_pairs_english_purity[animals]" time="0.038" /><testcase classname="tests.test_multilang_purity.TestMatchingPairsMultiLanguage" name="test_matching_pairs_english_purity[colors]" time="0.036" /><testcase classname="tests.test_multilang_purity.TestMatchingPairsMultiLanguage" name="test_matching_pairs_english_purity[numbers]" time="0.040" /><testcase classname="tests.test_multilang_purity.TestMatchingPairsMultiLanguage" name="test_matching_pairs_english_purity[school]" time="0.038" /><testcase classname="tests.test_multilang_purity.TestMatchingPairsMultiLanguage" name="test_matching_pairs_english_purity[weather]" time="0.036" /><testcase classname="tests.test_multilang_purity.TestMatchingPairsMultiLanguage" name="test_matching_pairs_english_purity[travel]" time="0.078" /><testcase classname="tests.test_multilang_purity.TestMatchingPairsMultiLanguage" name="test_matching_pairs_english_purity[health]" time="0.041" /><testcase classname="tests.test_multilang_purity.TestMatchingPairsMultiLanguage" name="test_matching_pairs_english_purity[jobs]" time="0.038" /><testcase classname="tests.test_multilang_purity.TestMatchingPairsMultiLanguage" name="test_matching_pairs_english_purity[home]" time="0.037" /><testcase classname="tests.test_multilang_purity.TestMatchingPairsMultiLanguage" name="test_matching_pairs_english_purity[ielts_academic]" time="0.044" /><testcase classname="tests.test_multilang_purity.TestMatchingPairsMultiLanguage" name="test_matching_pairs_turkish_no_vietnamese[family]" time="0.042" /><testcase classname="tests.test_multilang_purity.TestMatchingPairsMultiLanguage" name="test_matching_pairs_turkish_no_vietnamese[food]" time="0.043" /><testcase classname="tests.test_multilang_purity.TestMatchingPairsMultiLanguage" name="test_matching_pairs_turkish_no_vietnamese[animals]" time="0.041" /><testcase classname="tests.test_multilang_purity.TestMatchingPairsMultiLanguage" name="test_matching_pairs_turkish_no_vietnamese[colors]" time="0.035" /><testcase classname="tests.test_multilang_purity.TestMatchingPairsMultiLanguage" name="test_matching_pairs_turkish_no_vietnamese[numbers]" time="0.045" /><testcase classname="tests.test_multilang_purity.TestMatchingPairsMultiLanguage" name="test_matching_pairs_turkish_no_vietnamese[school]" time="0.040" /><testcase classname="tests.test_multilang_purity.TestMatchingPairsMultiLanguage" name="test_matching_pairs_turkish_no_vietnamese[weather]" time="0.046" /><testcase classname="tests.test_multilang_purity.TestMatchingPairsMultiLanguage" name="test_matching_pairs_turkish_no_vietnamese[travel]" time="0.035" /><testcase classname="tests.test_multilang_purity.TestMatchingPairsMultiLanguage" name="test_matching_pairs_turkish_no_vietnamese[health]" time="0.035" /><testcase classname="tests.test_multilang_purity.TestMatchingPairsMultiLanguage" name="test_matching_pairs_turkish_no_vietnamese[jobs]" time="0.035" /><testcase classname="tests.test_multilang_purity.TestMatchingPairsMultiLanguage" name="test_matching_pairs_turkish_no_vietnamese[home]" time="0.035" /><testcase classname="tests.test_multilang_purity.TestMatchingPairsMultiLanguage" name="test_matching_pairs_turkish_no_vietnamese[ielts_academic]" time="0.037" /><testcase classname="tests.test_multilang_purity.TestMatchingPairsMultiLanguage" name="test_matching_pairs_vietnamese_no_turkish[family]" time="0.035" /><testcase classname="tests.test_multilang_purity.TestMatchingPairsMultiLanguage" name="test_matching_pairs_vietnamese_no_turkish[food]" time="0.035" /><testcase classname="tests.test_multilang_purity.TestMatchingPairsMultiLanguage" name="test_matching_pairs_vietnamese_no_turkish[animals]" time="0.036" /><testcase classname="tests.test_multilang_purity.TestMatchingPairsMultiLanguage" name="test_matching_pairs_vietnamese_no_turkish[colors]" time="0.032" /><testcase classname="tests.test_multilang_purity.TestMatchingPairsMultiLanguage" name="test_matching_pairs_vietnamese_no_turkish[numbers]" time="0.034" /><testcase classname="tests.test_multilang_purity.TestMatchingPairsMultiLanguage" name="test_matching_pairs_vietnamese_no_turkish[school]" time="0.035" /><testcase classname="tests.test_multilang_purity.TestMatchingPairsMultiLanguage" name="test_matching_pairs_vietnamese_no_turkish[weather]" time="0.036" /><testcase classname="tests.test_multilang_purity.TestMatchingPairsMultiLanguage" name="test_matching_pairs_vietnamese_no_turkish[travel]" time="0.036" /><testcase classname="tests.test_multilang_purity.TestMatchingPairsMultiLanguage" name="test_matching_pairs_vietnamese_no_turkish[health]" time="0.032" /><testcase classname="tests.test_multilang_purity.TestMatchingPairsMultiLanguage" name="test_matching_pairs_vietnamese_no_turkish[jobs]" time="0.037" /><testcase classname="tests.test_multilang_purity.TestMatchingPairsMultiLanguage" name="test_matching_pairs_vietnamese_no_turkish[home]" time="0.082" /><testcase classname="tests.test_multilang_purity.TestMatchingPairsMultiLanguage" name="test_matching_pairs_vietnamese_no_turkish[ielts_academic]" time="0.037" /><testcase classname="tests.test_multilang_purity.TestSpellingBeeMultiLanguage" name="test_spelling_bee_english_purity[family]" time="0.038" /><testcase classname="tests.test_multilang_purity.TestSpellingBeeMultiLanguage" name="test_spelling_bee_english_purity[food]" time="0.040" /><testcase classname="tests.test_multilang_purity.TestSpellingBeeMultiLanguage" name="test_spelling_bee_english_purity[animals]" time="0.033" /><testcase classname="tests.test_multilang_purity.TestSpellingBeeMultiLanguage" name="test_spelling_bee_english_purity[colors]" time="0.044" /><testcase classname="tests.test_multilang_purity.TestSpellingBeeMultiLanguage" name="test_spelling_bee_english_purity[numbers]" time="0.043" /><testcase classname="tests.test_multilang_purity.TestSpellingBeeMultiLanguage" name="test_spelling_bee_english_purity[school]" time="0.038" /><testcase classname="tests.test_multilang_purity.TestSpellingBeeMultiLanguage" name="test_spelling_bee_english_purity[weather]" time="0.041" /><testcase classname="tests.test_multilang_purity.TestSpellingBeeMultiLanguage" name="test_spelling_bee_english_purity[travel]" time="0.033" /><testcase classname="tests.test_multilang_purity.TestSpellingBeeMultiLanguage" name="test_spelling_bee_english_purity[health]" time="0.037" /><testcase classname="tests.test_multilang_purity.TestSpellingBeeMultiLanguage" name="test_spelling_bee_english_purity[jobs]" time="0.037" /><testcase classname="tests.test_multilang_purity.TestSpellingBeeMultiLanguage" name="test_spelling_bee_english_purity[home]" time="0.037" /><testcase classname="tests.test_multilang_purity.TestSpellingBeeMultiLanguage" name="test_spelling_bee_english_purity[ielts_academic]" time="0.037" /><testcase classname="tests.test_multilang_purity.TestSpellingBeeMultiLanguage" name="test_spelling_bee_vietnamese_content[family]" time="0.036" /><testcase classname="tests.test_multilang_purity.TestSpellingBeeMultiLanguage" name="test_spelling_bee_vietnamese_content[food]" time="0.032" /><testcase classname="tests.test_multilang_purity.TestSpellingBeeMultiLanguage" name="test_spelling_bee_vietnamese_content[animals]" time="0.037" /><testcase classname="tests.test_multilang_purity.TestSpellingBeeMultiLanguage" name="test_spelling_bee_vietnamese_content[colors]" time="0.035" /><testcase classname="tests.test_multilang_purity.TestSpellingBeeMultiLanguage" name="test_spelling_bee_vietnamese_content[numbers]" time="0.033" /><testcase classname="tests.test_multilang_purity.TestSpellingBeeMultiLanguage" name="test_spelling_bee_vietnamese_content[school]" time="0.035" /><testcase classname="tests.test_multilang_purity.TestSpellingBeeMultiLanguage" name="test_spelling_bee_vietnamese_content[weather]" time="0.035" /><testcase classname="tests.test_multilang_purity.TestSpellingBeeMultiLanguage" name="test_spelling_bee_vietnamese_content[travel]" time="0.034" /><testcase classname="tests.test_multilang_purity.TestSpellingBeeMultiLanguage" name="test_spelling_bee_vietnamese_content[health]" time="0.036" /><testcase classname="tests.test_multilang_purity.TestSpellingBeeMultiLanguage" name="test_spelling_bee_vietnamese_content[jobs]" time="0.035" /><testcase classname="tests.test_multilang_purity.TestSpellingBeeMultiLanguage" name="test_spelling_bee_vietnamese_content[home]" time="0.037" /><testcase classname="tests.test_multilang_purity.TestSpellingBeeMultiLanguage" name="test_spelling_bee_vietnamese_content[ielts_academic]" time="0.038" /><testcase classname="tests.test_multilang_purity.TestSpellingBeeMultiLanguage" name="test_spelling_bee_turkish_content[family]" time="0.051" /><testcase classname="tests.test_multilang_purity.TestSpellingBeeMultiLanguage" name="test_spelling_bee_turkish_content[food]" time="0.038" /><testcase classname="tests.test_multilang_purity.TestSpellingBeeMultiLanguage" name="test_spelling_bee_turkish_content[animals]" time="0.037" /><testcase classname="tests.test_multilang_purity.TestSpellingBeeMultiLanguage" name="test_spelling_bee_turkish_content[colors]" time="0.075" /><testcase classname="tests.test_multilang_purity.TestSpellingBeeMultiLanguage" name="test_spelling_bee_turkish_content[numbers]" time="0.038" /><testcase classname="tests.test_multilang_purity.TestSpellingBeeMultiLanguage" name="test_spelling_bee_turkish_content[school]" time="0.037" /><testcase classname="tests.test_multilang_purity.TestSpellingBeeMultiLanguage" name="test_spelling_bee_turkish_content[weather]" time="0.038" /><testcase classname="tests.test_multilang_purity.TestSpellingBeeMultiLanguage" name="test_spelling_bee_turkish_content[travel]" time="0.038" /><testcase classname="tests.test_multilang_purity.TestSpellingBeeMultiLanguage" name="test_spelling_bee_turkish_content[health]" time="0.039" /><testcase classname="tests.test_multilang_purity.TestSpellingBeeMultiLanguage" name="test_spelling_bee_turkish_content[jobs]" time="0.036" /><testcase classname="tests.test_multilang_purity.TestSpellingBeeMultiLanguage" name="test_spelling_bee_turkish_content[home]" time="0.041" /><testcase classname="tests.test_multilang_purity.TestSpellingBeeMultiLanguage" name="test_spelling_bee_turkish_content[ielts_academic]" time="0.042" /><testcase classname="tests.test_multilang_purity.TestTrueFalseMultiLanguage" name="test_true_false_english_purity" time="0.033" /><testcase classname="tests.test_multilang_purity.TestTrueFalseMultiLanguage" name="test_true_false_vietnamese_no_turkish" time="0.035" /><testcase classname="tests.test_multilang_purity.TestTrueFalseMultiLanguage" name="test_true_false_turkish_no_vietnamese" time="0.036" /><testcase classname="tests.test_multilang_purity.TestWordRaceMultiLanguage" name="test_word_race_english_purity[family]" time="0.032" /><testcase classname="tests.test_multilang_purity.TestWordRaceMultiLanguage" name="test_word_race_english_purity[food]" time="0.075" /><testcase classname="tests.test_multilang_purity.TestWordRaceMultiLanguage" name="test_word_race_english_purity[animals]" time="0.035" /><testcase classname="tests.test_multilang_purity.TestWordRaceMultiLanguage" name="test_word_race_english_purity[colors]" time="0.036" /><testcase classname="tests.test_multilang_purity.TestWordRaceMultiLanguage" name="test_word_race_english_purity[numbers]" time="0.035" /><testcase classname="tests.test_multilang_purity.TestWordRaceMultiLanguage" name="test_word_race_english_purity[school]" time="0.034" /><testcase classname="tests.test_multilang_purity.TestWordRaceMultiLanguage" name="test_word_race_english_purity[weather]" time="0.042" /><testcase classname="tests.test_multilang_purity.TestWordRaceMultiLanguage" name="test_word_race_english_purity[travel]" time="0.035" /><testcase classname="tests.test_multilang_purity.TestWordRaceMultiLanguage" name="test_word_race_english_purity[health]" time="0.036" /><testcase classname="tests.test_multilang_purity.TestWordRaceMultiLanguage" name="test_word_race_english_purity[jobs]" time="0.037" /><testcase classname="tests.test_multilang_purity.TestWordRaceMultiLanguage" name="test_word_race_english_purity[home]" time="0.034" /><testcase classname="tests.test_multilang_purity.TestWordRaceMultiLanguage" name="test_word_race_english_purity[ielts_academic]" time="0.036" /><testcase classname="tests.test_multilang_purity.TestWordRaceMultiLanguage" name="test_word_race_turkish_no_vietnamese[family]" time="0.036" /><testcase classname="tests.test_multilang_purity.TestWordRaceMultiLanguage" name="test_word_race_turkish_no_vietnamese[food]" time="0.035" /><testcase classname="tests.test_multilang_purity.TestWordRaceMultiLanguage" name="test_word_race_turkish_no_vietnamese[animals]" time="0.076" /><testcase classname="tests.test_multilang_purity.TestWordRaceMultiLanguage" name="test_word_race_turkish_no_vietnamese[colors]" time="0.038" /><testcase classname="tests.test_multilang_purity.TestWordRaceMultiLanguage" name="test_word_race_turkish_no_vietnamese[numbers]" time="0.077" /><testcase classname="tests.test_multilang_purity.TestWordRaceMultiLanguage" name="test_word_race_turkish_no_vietnamese[school]" time="0.035" /><testcase classname="tests.test_multilang_purity.TestWordRaceMultiLanguage" name="test_word_race_turkish_no_vietnamese[weather]" time="0.032" /><testcase classname="tests.test_multilang_purity.TestWordRaceMultiLanguage" name="test_word_race_turkish_no_vietnamese[travel]" time="0.033" /><testcase classname="tests.test_multilang_purity.TestWordRaceMultiLanguage" name="test_word_race_turkish_no_vietnamese[health]" time="0.035" /><testcase classname="tests.test_multilang_purity.TestWordRaceMultiLanguage" name="test_word_race_turkish_no_vietnamese[jobs]" time="0.034" /><testcase classname="tests.test_multilang_purity.TestWordRaceMultiLanguage" name="test_word_race_turkish_no_vietnamese[home]" time="0.035" /><testcase classname="tests.test_multilang_purity.TestWordRaceMultiLanguage" name="test_word_race_turkish_no_vietnamese[ielts_academic]" time="0.031" /><testcase classname="tests.test_multilang_purity.TestLuckyWheelMultiLanguage" name="test_lucky_wheel_english_purity" time="0.034" /><testcase classname="tests.test_multilang_purity.TestLuckyWheelMultiLanguage" name="test_lucky_wheel_vietnamese_no_turkish" time="0.035" /><testcase classname="tests.test_multilang_purity.TestLuckyWheelMultiLanguage" name="test_lucky_wheel_turkish_no_vietnamese" time="0.034" /><testcase classname="tests.test_multilang_purity.TestFishingMultiLanguage" name="test_fishing_english_purity[family]" time="0.075" /><testcase classname="tests.test_multilang_purity.TestFishingMultiLanguage" name="test_fishing_english_purity[food]" time="0.036" /><testcase classname="tests.test_multilang_purity.TestFishingMultiLanguage" name="test_fishing_english_purity[animals]" time="0.037" /><testcase classname="tests.test_multilang_purity.TestFishingMultiLanguage" name="test_fishing_english_purity[colors]" time="0.076" /><testcase classname="tests.test_multilang_purity.TestFishingMultiLanguage" name="test_fishing_english_purity[numbers]" time="0.037" /><testcase classname="tests.test_multilang_purity.TestFishingMultiLanguage" name="test_fishing_english_purity[school]" time="0.034" /><testcase classname="tests.test_multilang_purity.TestFishingMultiLanguage" name="test_fishing_english_purity[weather]" time="0.037" /><testcase classname="tests.test_multilang_purity.TestFishingMultiLanguage" name="test_fishing_english_purity[travel]" time="0.074" /><testcase classname="tests.test_multilang_purity.TestFishingMultiLanguage" name="test_fishing_english_purity[health]" time="0.037" /><testcase classname="tests.test_multilang_purity.TestFishingMultiLanguage" name="test_fishing_english_purity[jobs]" time="0.034" /><testcase classname="tests.test_multilang_purity.TestFishingMultiLanguage" name="test_fishing_english_purity[home]" time="0.075" /><testcase classname="tests.test_multilang_purity.TestFishingMultiLanguage" name="test_fishing_english_purity[ielts_academic]" time="0.035" /><testcase classname="tests.test_multilang_purity.TestFishingMultiLanguage" name="test_fishing_turkish_no_vietnamese[family]" time="0.031" /><testcase classname="tests.test_multilang_purity.TestFishingMultiLanguage" name="test_fishing_turkish_no_vietnamese[food]" time="0.035" /><testcase classname="tests.test_multilang_purity.TestFishingMultiLanguage" name="test_fishing_turkish_no_vietnamese[animals]" time="0.034" /><testcase classname="tests.test_multilang_purity.TestFishingMultiLanguage" name="test_fishing_turkish_no_vietnamese[colors]" time="0.030" /><testcase classname="tests.test_multilang_purity.TestFishingMultiLanguage" name="test_fishing_turkish_no_vietnamese[numbers]" time="0.051" /><testcase classname="tests.test_multilang_purity.TestFishingMultiLanguage" name="test_fishing_turkish_no_vietnamese[school]" time="0.075" /><testcase classname="tests.test_multilang_purity.TestFishingMultiLanguage" name="test_fishing_turkish_no_vietnamese[weather]" time="0.037" /><testcase classname="tests.test_multilang_purity.TestFishingMultiLanguage" name="test_fishing_turkish_no_vietnamese[travel]" time="0.037" /><testcase classname="tests.test_multilang_purity.TestFishingMultiLanguage" name="test_fishing_turkish_no_vietnamese[health]" time="0.033" /><testcase classname="tests.test_multilang_purity.TestFishingMultiLanguage" name="test_fishing_turkish_no_vietnamese[jobs]" time="0.036" /><testcase classname="tests.test_multilang_purity.TestFishingMultiLanguage" name="test_fishing_turkish_no_vietnamese[home]" time="0.077" /><testcase classname="tests.test_multilang_purity.TestFishingMultiLanguage" name="test_fishing_turkish_no_vietnamese[ielts_academic]" time="0.034" /><testcase classname="tests.test_multilang_purity.TestSubmitMultiLanguage" name="test_submit_english_message" time="0.033" /><testcase classname="tests.test_multilang_purity.TestSubmitMultiLanguage" name="test_submit_vietnamese_message" time="0.036" /><testcase classname="tests.test_multilang_purity.TestSubmitMultiLanguage" name="test_submit_turkish_message" time="0.040" /><testcase classname="tests.test_multilang_purity.TestSubmitMultiLanguage" name="test_submit_turkish_has_turkish_chars" time="0.036" /><testcase classname="tests.test_multilang_purity.TestSubmitMultiLanguage" name="test_submit_vietnamese_has_vietnamese_chars" time="0.035" /><testcase classname="tests.test_multilang_purity.TestHeaderLanguageSupport" name="test_header_overrides_query_param" time="0.033" /><testcase classname="tests.test_multilang_purity.TestHeaderLanguageSupport" name="test_header_turkish_returns_turkish" time="0.034" /><testcase classname="tests.test_multilang_purity.TestHeaderLanguageSupport" name="test_header_vietnamese_returns_vietnamese" time="0.039" /><testcase classname="tests.test_multilang_purity.TestInvalidLanguageFallback" name="test_invalid_lang_falls_back_to_english" time="0.036" /><testcase classname="tests.test_multilang_purity.TestInvalidLanguageFallback" name="test_empty_lang_falls_back_to_english" time="0.035" /><testcase classname="tests.test_multilang_purity.TestGameTitlesLocalization" name="test_matching_pairs_title_english" time="0.034" /><testcase classname="tests.test_multilang_purity.TestGameTitlesLocalization" name="test_matching_pairs_title_vietnamese" time="0.035" /><testcase classname="tests.test_multilang_purity.TestGameTitlesLocalization" name="test_matching_pairs_title_turkish" time="0.035" /><testcase classname="tests.test_multilang_purity.TestGameTitlesLocalization" name="test_spelling_bee_title_vietnamese" time="0.035" /><testcase classname="tests.test_multilang_purity.TestGameTitlesLocalization" name="test_spelling_bee_title_turkish" time="0.033" /><testcase classname="tests.test_multilang_purity.TestTopicTitlesLocalization" name="test_family_topic_english" time="0.035" /><testcase classname="tests.test_multilang_purity.TestTopicTitlesLocalization" name="test_family_topic_vietnamese" time="0.035" /><testcase classname="tests.test_multilang_purity.TestTopicTitlesLocalization" name="test_family_topic_turkish" time="0.032" /></testsuite></testsuites>