<?xml version="1.0" encoding="utf-8"?><testsuites name="pytest tests"><testsuite name="pytest" errors="0" failures="0" skipped="0" tests="7" time="24.015" timestamp="2026-02-12T16:56:44.298278+00:00" hostname="agent-env-4e3c70fe-a4ef-4f0f-b913-2e73aba79772"><testcase classname="tests.test_production_mode.TestProductionModeAPI" name="test_evaluate_sentence_success" time="11.680" /><testcase classname="tests.test_production_mode.TestProductionModeAPI" name="test_evaluate_sentence_grammar_error" time="2.296" /><testcase classname="tests.test_production_mode.TestProductionModeAPI" name="test_evaluate_sentence_misused_word" time="2.016" /><testcase classname="tests.test_production_mode.TestProductionModeAPI" name="test_evaluate_sentence_perfect_usage" time="1.153" /><testcase classname="tests.test_production_mode.TestProductionModeAPI" name="test_evaluate_sentence_response_time" time="6.665" /><testcase classname="tests.test_production_mode.TestProductionModeAPI" name="test_slides_endpoint_returns_advanced_terms" time="0.069" /><testcase classname="tests.test_production_mode.TestLightThemeColors" name="test_api_health_check" time="0.077" /></testsuite></testsuites>