<?xml version="1.0" encoding="utf-8"?><testsuites name="pytest tests"><testsuite name="pytest" errors="0" failures="0" skipped="0" tests="16" time="0.760" timestamp="2026-02-12T07:06:06.955100+00:00" hostname="agent-env-fd143253-fcf1-4168-a5b8-77ae49fc27dc"><testcase classname="backend.tests.test_qb_stats.TestQuestionBankStats" name="test_stats_endpoint_returns_200" time="0.098" /><testcase classname="backend.tests.test_qb_stats.TestQuestionBankStats" name="test_stats_has_required_fields" time="0.042" /><testcase classname="backend.tests.test_qb_stats.TestQuestionBankStats" name="test_total_questions_greater_than_680" time="0.043" /><testcase classname="backend.tests.test_qb_stats.TestQuestionBankStats" name="test_full_tests_equals_20" time="0.040" /><testcase classname="backend.tests.test_qb_stats.TestQuestionBankStats" name="test_cambridge_tests_equals_8" time="0.043" /><testcase classname="backend.tests.test_qb_stats.TestQuestionBankStats" name="test_ai_academic_tests_equals_8" time="0.040" /><testcase classname="backend.tests.test_qb_stats.TestQuestionBankStats" name="test_ai_general_tests_equals_4" time="0.044" /><testcase classname="backend.tests.test_qb_stats.TestQuestionBankStats" name="test_topics_count_equals_47" time="0.044" /><testcase classname="backend.tests.test_qb_stats.TestQuestionBankStats" name="test_by_skill_breakdown_has_all_skills" time="0.040" /><testcase classname="backend.tests.test_qb_stats.TestQuestionBankStats" name="test_full_tests_math_is_correct" time="0.039" /><testcase classname="backend.tests.test_qb_stats.TestFullTestSets" name="test_full_test_sets_endpoint_returns_200" time="0.035" /><testcase classname="backend.tests.test_qb_stats.TestFullTestSets" name="test_full_test_sets_has_academic_and_general" time="0.038" /><testcase classname="backend.tests.test_qb_stats.TestFullTestSets" name="test_academic_sets_count_is_8" time="0.039" /><testcase classname="backend.tests.test_qb_stats.TestFullTestSets" name="test_general_sets_count_is_4" time="0.034" /><testcase classname="backend.tests.test_qb_stats.TestFullTestSets" name="test_academic_set_has_required_fields" time="0.035" /><testcase classname="backend.tests.test_qb_stats.TestFullTestSets" name="test_general_set_has_required_fields" time="0.037" /></testsuite></testsuites>