<?xml version="1.0" encoding="utf-8"?><testsuites name="pytest tests"><testsuite name="pytest" errors="0" failures="0" skipped="0" tests="13" time="0.963" timestamp="2026-02-12T07:59:56.044163+00:00" hostname="agent-env-fd143253-fcf1-4168-a5b8-77ae49fc27dc"><testcase classname="backend.tests.test_quick_practice.TestQuickPracticeReadingAPI" name="test_reading_returns_exactly_3_questions" time="0.125" /><testcase classname="backend.tests.test_quick_practice.TestQuickPracticeReadingAPI" name="test_reading_question_format" time="0.050" /><testcase classname="backend.tests.test_quick_practice.TestQuickPracticeReadingAPI" name="test_reading_has_passage_for_context" time="0.047" /><testcase classname="backend.tests.test_quick_practice.TestQuickPracticeReadingAPI" name="test_reading_has_options_for_mcq" time="0.046" /><testcase classname="backend.tests.test_quick_practice.TestQuickPracticeListeningAPI" name="test_listening_returns_exactly_3_questions" time="0.043" /><testcase classname="backend.tests.test_quick_practice.TestQuickPracticeListeningAPI" name="test_listening_question_format" time="0.046" /><testcase classname="backend.tests.test_quick_practice.TestQuickPracticeListeningAPI" name="test_listening_has_audio_transcript" time="0.043" /><testcase classname="backend.tests.test_quick_practice.TestQuickPracticeRandomization" name="test_reading_questions_differ_across_requests" time="0.099" /><testcase classname="backend.tests.test_quick_practice.TestQuickPracticeRandomization" name="test_listening_questions_differ_across_requests" time="0.087" /><testcase classname="backend.tests.test_quick_practice.TestQuickPracticeQuestionPool" name="test_reading_pool_size" time="0.046" /><testcase classname="backend.tests.test_quick_practice.TestQuickPracticeQuestionPool" name="test_listening_pool_size" time="0.038" /><testcase classname="backend.tests.test_quick_practice.TestQuickPracticeEdgeCases" name="test_invalid_skill_parameter" time="0.042" /><testcase classname="backend.tests.test_quick_practice.TestQuickPracticeEdgeCases" name="test_count_parameter_respected" time="0.175" /></testsuite></testsuites>