<?xml version="1.0" encoding="utf-8"?><testsuites name="pytest tests"><testsuite name="pytest" errors="0" failures="0" skipped="0" tests="22" time="4.282" timestamp="2026-04-10T15:31:14.303113+00:00" hostname="agent-env-c96a7465-126d-4e60-a1cb-408eba1eee36"><testcase classname="tests.test_refactored_routes_iter74.TestAuthRoutes" name="test_login_success" time="0.403" /><testcase classname="tests.test_refactored_routes_iter74.TestAuthRoutes" name="test_login_invalid_credentials" time="0.160" /><testcase classname="tests.test_refactored_routes_iter74.TestAuthRoutes" name="test_register_duplicate_email" time="0.121" /><testcase classname="tests.test_refactored_routes_iter74.TestAuthRoutes" name="test_forgot_password" time="0.336" /><testcase classname="tests.test_refactored_routes_iter74.TestAuthRoutes" name="test_reset_password_invalid_token" time="0.181" /><testcase classname="tests.test_refactored_routes_iter74.TestAuthRoutes" name="test_verify_email_invalid_token" time="0.178" /><testcase classname="tests.test_refactored_routes_iter74.TestAuthRoutes" name="test_get_user_by_id" time="0.546" /><testcase classname="tests.test_refactored_routes_iter74.TestAuthRoutes" name="test_get_user_not_found" time="0.105" /><testcase classname="tests.test_refactored_routes_iter74.TestAdminRoutes" name="test_admin_users_list_with_auth" time="0.175" /><testcase classname="tests.test_refactored_routes_iter74.TestAdminRoutes" name="test_admin_users_no_auth" time="0.118" /><testcase classname="tests.test_refactored_routes_iter74.TestAdminRoutes" name="test_admin_users_invalid_admin" time="0.131" /><testcase classname="tests.test_refactored_routes_iter74.TestAdminRoutes" name="test_admin_db_status" time="0.118" /><testcase classname="tests.test_refactored_routes_iter74.TestAdminRoutes" name="test_admin_db_status_no_auth" time="0.165" /><testcase classname="tests.test_refactored_routes_iter74.TestPaymentRoutes" name="test_plan_features" time="0.109" /><testcase classname="tests.test_refactored_routes_iter74.TestPaymentRoutes" name="test_user_plan_info" time="0.154" /><testcase classname="tests.test_refactored_routes_iter74.TestPaymentRoutes" name="test_user_plan_info_not_found" time="0.127" /><testcase classname="tests.test_refactored_routes_iter74.TestOtherRefactoredEndpoints" name="test_liz_status" time="0.439" /><testcase classname="tests.test_refactored_routes_iter74.TestOtherRefactoredEndpoints" name="test_cambridge_books" time="0.128" /><testcase classname="tests.test_refactored_routes_iter74.TestOtherRefactoredEndpoints" name="test_qb_stats" time="0.124" /><testcase classname="tests.test_refactored_routes_iter74.TestOtherRefactoredEndpoints" name="test_task1_process_curated" time="0.137" /><testcase classname="tests.test_refactored_routes_iter74.TestHealthAndRoot" name="test_api_root" time="0.103" /><testcase classname="tests.test_refactored_routes_iter74.TestHealthAndRoot" name="test_api_tests_endpoint" time="0.137" /></testsuite></testsuites>