<?xml version="1.0" encoding="utf-8"?><testsuites name="pytest tests"><testsuite name="pytest" errors="0" failures="0" skipped="0" tests="10" time="0.978" timestamp="2026-02-12T17:19:06.181073+00:00" hostname="agent-env-4e3c70fe-a4ef-4f0f-b913-2e73aba79772"><testcase classname="tests.test_review_bank.TestReviewBankEndpoints" name="test_health_check" time="0.099" /><testcase classname="tests.test_review_bank.TestReviewBankEndpoints" name="test_get_review_bank" time="0.080" /><testcase classname="tests.test_review_bank.TestReviewBankEndpoints" name="test_add_to_review_bank" time="0.085" /><testcase classname="tests.test_review_bank.TestReviewBankEndpoints" name="test_add_duplicate_increments_mistake_count" time="0.132" /><testcase classname="tests.test_review_bank.TestReviewBankEndpoints" name="test_review_word_knew_it_true" time="0.071" /><testcase classname="tests.test_review_bank.TestReviewBankEndpoints" name="test_review_word_knew_it_false" time="0.072" /><testcase classname="tests.test_review_bank.TestReviewBankEndpoints" name="test_review_nonexistent_word" time="0.040" /><testcase classname="tests.test_review_bank.TestSpacedRepetitionLogic" name="test_spaced_repetition_progression" time="0.263" /><testcase classname="tests.test_review_bank.TestQuizSubmitAutoAdd" name="test_quiz_submit_adds_wrong_answers" time="0.038" /><testcase classname="tests.test_review_bank.TestReviewBankEmptyState" name="test_get_review_bank_new_user" time="0.035" /></testsuite></testsuites>