<?xml version="1.0" encoding="utf-8"?><testsuites name="pytest tests"><testsuite name="pytest" errors="0" failures="0" skipped="0" tests="16" time="1.683" timestamp="2026-03-21T01:28:30.841041+00:00" hostname="agent-env-4fb1b328-3fb3-4e8f-881f-b5bef40d4e3d"><testcase classname="backend.tests.test_review_games_iter68.TestReviewGamesAPI" name="test_api_health" time="0.555" /><testcase classname="backend.tests.test_review_games_iter68.TestReviewGamesAPI" name="test_lesson_04_review_games_endpoint" time="0.175" /><testcase classname="backend.tests.test_review_games_iter68.TestReviewGamesAPI" name="test_crossword_game_has_items" time="0.161" /><testcase classname="backend.tests.test_review_games_iter68.TestReviewGamesAPI" name="test_word_search_game_has_items" time="0.168" /><testcase classname="backend.tests.test_review_games_iter68.TestReviewGamesAPI" name="test_word_search_items_have_emoji" time="0.169" /><testcase classname="backend.tests.test_review_games_iter68.TestReviewGamesAPI" name="test_board_game_has_items" time="0.149" /><testcase classname="backend.tests.test_review_games_iter68.TestOtherUnitsLesson04" name="test_unit_02_lesson_04_review_games" time="0.110" /><testcase classname="backend.tests.test_review_games_iter68.TestOtherUnitsLesson04" name="test_unit_03_lesson_04_review_games" time="0.125" /><testcase classname="backend.tests.test_review_games_iter68.TestEmptyItemsHandling" name="test_crossword_empty_items_no_crash" time="0.000" /><testcase classname="backend.tests.test_review_games_iter68.TestEmptyItemsHandling" name="test_word_search_empty_items_no_crash" time="0.000" /><testcase classname="backend.tests.test_review_games_iter68.TestWordSearchDragSelect" name="test_word_search_has_pointer_events" time="0.000" /><testcase classname="backend.tests.test_review_games_iter68.TestWordSearchDragSelect" name="test_word_search_grid_size_is_10x10" time="0.000" /><testcase classname="backend.tests.test_review_games_iter68.TestWordSearchDragSelect" name="test_word_search_get_cells_between" time="0.000" /><testcase classname="backend.tests.test_review_games_iter68.TestCrosswordAutoAdvance" name="test_crossword_has_is_auto_advancing_ref" time="0.000" /><testcase classname="backend.tests.test_review_games_iter68.TestCrosswordAutoAdvance" name="test_crossword_skips_direction_change_during_auto_advance" time="0.000" /><testcase classname="backend.tests.test_review_games_iter68.TestCrosswordAutoAdvance" name="test_crossword_sets_auto_advancing_flag" time="0.000" /></testsuite></testsuites>