<?xml version="1.0" encoding="utf-8"?><testsuites name="pytest tests"><testsuite name="pytest" errors="0" failures="0" skipped="0" tests="15" time="2.775" timestamp="2026-04-06T11:15:06.079665+00:00" hostname="agent-env-2070b0ad-e1ea-4d41-808d-9e3932529b09"><testcase classname="tests.test_security_iter72.TestPasswordHashingMigration" name="test_login_with_sha256_hash_succeeds" time="0.363" /><testcase classname="tests.test_security_iter72.TestPasswordHashingMigration" name="test_sha256_hash_migrated_to_bcrypt" time="0.330" /><testcase classname="tests.test_security_iter72.TestPasswordHashingMigration" name="test_login_after_migration_still_works" time="0.656" /><testcase classname="tests.test_security_iter72.TestDirectResetEndpointRemoved" name="test_direct_reset_returns_404_or_405" time="0.103" /><testcase classname="tests.test_security_iter72.TestReadingQuestionsWithoutAnswers" name="test_level_test_reading_questions_no_correct_field" time="0.114" /><testcase classname="tests.test_security_iter72.TestReadingQuestionsWithoutAnswers" name="test_comprehensive_reading_questions_no_correct_field" time="0.105" /><testcase classname="tests.test_security_iter72.TestServerSideReadingEvaluation" name="test_evaluate_reading_returns_results_with_correct_answers" time="0.105" /><testcase classname="tests.test_security_iter72.TestUploadExtensionValidation" name="test_upload_exe_file_rejected" time="0.108" /><testcase classname="tests.test_security_iter72.TestUploadExtensionValidation" name="test_upload_php_file_rejected" time="0.099" /><testcase classname="tests.test_security_iter72.TestUploadExtensionValidation" name="test_upload_jpg_file_accepted_format" time="0.096" /><testcase classname="tests.test_security_iter72.TestUploadExtensionValidation" name="test_upload_png_file_accepted_format" time="0.109" /><testcase classname="tests.test_security_iter72.TestUploadExtensionValidation" name="test_upload_pdf_file_accepted_format" time="0.104" /><testcase classname="tests.test_security_iter72.TestVocabularyEngineRegression" name="test_beginner_lesson_1_slides" time="0.110" /><testcase classname="tests.test_security_iter72.TestVocabularyEngineRegression" name="test_mastery_module_1_practice" time="0.102" /><testcase classname="tests.test_security_iter72.TestSecurityUtilsFunctions" name="test_sanitize_ai_input_via_writing_evaluator" time="0.124" /></testsuite></testsuites>