<?xml version="1.0" encoding="utf-8"?><testsuites name="pytest tests"><testsuite name="pytest" errors="0" failures="0" skipped="0" tests="14" time="3.098" timestamp="2026-02-12T06:29:34.531456+00:00" hostname="agent-env-8f743e18-50cc-48ee-a086-adddb67cfc37"><testcase classname="tests.test_set_e_audio_and_qb.TestSetEAudio" name="test_set_e_listening_part1" time="2.261" /><testcase classname="tests.test_set_e_audio_and_qb.TestSetEAudio" name="test_set_e_listening_part2" time="0.060" /><testcase classname="tests.test_set_e_audio_and_qb.TestSetEAudio" name="test_set_e_listening_part3" time="0.050" /><testcase classname="tests.test_set_e_audio_and_qb.TestSetEAudio" name="test_set_e_listening_part4" time="0.056" /><testcase classname="tests.test_set_e_audio_and_qb.TestAllAcademicSetAudio" name="test_academic_set_audio[a]" time="0.054" /><testcase classname="tests.test_set_e_audio_and_qb.TestAllAcademicSetAudio" name="test_academic_set_audio[b]" time="0.045" /><testcase classname="tests.test_set_e_audio_and_qb.TestAllAcademicSetAudio" name="test_academic_set_audio[c]" time="0.050" /><testcase classname="tests.test_set_e_audio_and_qb.TestAllAcademicSetAudio" name="test_academic_set_audio[d]" time="0.056" /><testcase classname="tests.test_set_e_audio_and_qb.TestAllAcademicSetAudio" name="test_academic_set_audio[e]" time="0.055" /><testcase classname="tests.test_set_e_audio_and_qb.TestAllAcademicSetAudio" name="test_academic_set_audio[f]" time="0.049" /><testcase classname="tests.test_set_e_audio_and_qb.TestAllAcademicSetAudio" name="test_academic_set_audio[g]" time="0.047" /><testcase classname="tests.test_set_e_audio_and_qb.TestAllAcademicSetAudio" name="test_academic_set_audio[h]" time="0.053" /><testcase classname="tests.test_set_e_audio_and_qb.TestAudioStatus" name="test_set_e_audio_status" time="0.040" /><testcase classname="tests.test_set_e_audio_and_qb.TestFullTestSetsAPI" name="test_full_test_sets_returns_8_academic" time="0.041" /></testsuite></testsuites>