<?xml version="1.0" encoding="utf-8"?><testsuites name="pytest tests"><testsuite name="pytest" errors="0" failures="1" skipped="0" tests="9" time="1.503" timestamp="2026-02-15T10:54:07.611348+00:00" hostname="agent-env-3060e9e2-5099-4d76-8a9f-0c3ea76c4688"><testcase classname="tests.test_skip_and_grammar_game.TestGrammarGameAPI" name="test_lesson_2_grammar_game_has_mixed_types" time="0.218" /><testcase classname="tests.test_skip_and_grammar_game.TestGrammarGameAPI" name="test_lesson_1_grammar_game_has_mixed_types" time="0.191" /><testcase classname="tests.test_skip_and_grammar_game.TestGrammarGameAPI" name="test_error_hunter_item_structure" time="0.104" /><testcase classname="tests.test_skip_and_grammar_game.TestGrammarGameAPI" name="test_word_order_item_structure" time="0.114" /><testcase classname="tests.test_skip_and_grammar_game.TestGrammarGameAPI" name="test_fill_blank_item_structure" time="0.109" /><testcase classname="tests.test_skip_and_grammar_game.TestLessonActivityFlow" name="test_lesson_2_has_10_activities" time="0.110" /><testcase classname="tests.test_skip_and_grammar_game.TestLessonActivityFlow" name="test_all_activities_accessible" time="0.325"><failure message="AssertionError: Activity micro_game_vocab returned 404&#10;assert 404 == 200&#10; +  where 404 = &lt;Response [404]&gt;.status_code">tests/test_skip_and_grammar_game.py:169: in test_all_activities_accessible
    assert response.status_code == 200, f"Activity {activity_type} returned {response.status_code}"
E   AssertionError: Activity micro_game_vocab returned 404
E   assert 404 == 200
E    +  where 404 = &lt;Response [404]&gt;.status_code</failure></testcase><testcase classname="tests.test_skip_and_grammar_game.TestGrammarGameQuestionsCount" name="test_lesson_2_grammar_game_total_questions" time="0.143" /><testcase classname="tests.test_skip_and_grammar_game.TestGrammarGameQuestionsCount" name="test_lesson_1_grammar_game_total_questions" time="0.105" /></testsuite></testsuites>