<?xml version="1.0" encoding="utf-8"?><testsuites name="pytest tests"><testsuite name="pytest" errors="0" failures="0" skipped="0" tests="17" time="3.499" timestamp="2026-03-05T17:39:58.471591+00:00" hostname="agent-env-1ec07018-996c-490f-9796-2838385205e8"><testcase classname="backend.tests.test_smart_lock_iter64.TestSmartLockBasic" name="test_first_lesson_always_unlocked" time="0.216" /><testcase classname="backend.tests.test_smart_lock_iter64.TestSmartLockBasic" name="test_second_lesson_locked_without_progress" time="0.138" /><testcase classname="backend.tests.test_smart_lock_iter64.TestSmartLockBasic" name="test_third_lesson_locked" time="0.116" /><testcase classname="backend.tests.test_smart_lock_iter64.TestSmartLockBasic" name="test_fourth_lesson_locked" time="0.133" /><testcase classname="backend.tests.test_smart_lock_iter64.TestAdminBypass" name="test_admin_email_1_bypasses_first_unit" time="0.120" /><testcase classname="backend.tests.test_smart_lock_iter64.TestAdminBypass" name="test_admin_email_1_bypasses_unit_2" time="0.122" /><testcase classname="backend.tests.test_smart_lock_iter64.TestAdminBypass" name="test_admin_email_2_bypasses_locks" time="0.167" /><testcase classname="backend.tests.test_smart_lock_iter64.TestAdminBypass" name="test_admin_email_case_insensitive" time="0.138" /><testcase classname="backend.tests.test_smart_lock_iter64.TestUnitLocking" name="test_unit_2_first_lesson_locked" time="0.140" /><testcase classname="backend.tests.test_smart_lock_iter64.TestUnitLocking" name="test_unit_3_locked" time="0.144" /><testcase classname="backend.tests.test_smart_lock_iter64.TestUnitLocking" name="test_later_units_locked" time="1.157" /><testcase classname="backend.tests.test_smart_lock_iter64.TestEdgeCases" name="test_no_user_id_returns_locked" time="0.208" /><testcase classname="backend.tests.test_smart_lock_iter64.TestEdgeCases" name="test_invalid_lesson_id" time="0.111" /><testcase classname="backend.tests.test_smart_lock_iter64.TestEdgeCases" name="test_empty_email_parameter" time="0.117" /><testcase classname="backend.tests.test_smart_lock_iter64.TestEdgeCases" name="test_non_admin_email_locked" time="0.112" /><testcase classname="backend.tests.test_smart_lock_iter64.TestLockStatusResponseFormat" name="test_response_has_unlocked_field" time="0.143" /><testcase classname="backend.tests.test_smart_lock_iter64.TestLockStatusResponseFormat" name="test_response_content_type_json" time="0.130" /></testsuite></testsuites>