<?xml version="1.0" encoding="utf-8"?><testsuites name="pytest tests"><testsuite name="pytest" errors="0" failures="0" skipped="0" tests="18" time="2.891" timestamp="2026-03-22T03:12:11.580781+00:00" hostname="agent-env-2070b0ad-e1ea-4d41-808d-9e3932529b09"><testcase classname="backend.tests.test_smart_review_iter71.TestSmartReviewAPI" name="test_smart_review_endpoint_returns_200" time="0.286" /><testcase classname="backend.tests.test_smart_review_iter71.TestSmartReviewAPI" name="test_smart_review_returns_8_exercises" time="0.157" /><testcase classname="backend.tests.test_smart_review_iter71.TestSmartReviewAPI" name="test_smart_review_has_title_and_review_message" time="0.138" /><testcase classname="backend.tests.test_smart_review_iter71.TestSmartReviewAPI" name="test_smart_review_has_summary_tips" time="0.123" /><testcase classname="backend.tests.test_smart_review_iter71.TestSmartReviewAPI" name="test_smart_review_exercises_have_varied_types" time="0.151" /><testcase classname="backend.tests.test_smart_review_iter71.TestSmartReviewAPI" name="test_smart_review_exercises_progress_easy_to_hard" time="0.115" /><testcase classname="backend.tests.test_smart_review_iter71.TestSmartReviewAPI" name="test_smart_review_exercises_target_weak_areas" time="0.113" /><testcase classname="backend.tests.test_smart_review_iter71.TestSmartReviewAPI" name="test_smart_review_exercises_have_required_fields" time="0.172" /><testcase classname="backend.tests.test_smart_review_iter71.TestSmartReviewAPI" name="test_smart_review_caching_works" time="0.215" /><testcase classname="backend.tests.test_smart_review_iter71.TestSmartReviewAPI" name="test_smart_review_requires_weak_areas" time="0.103" /><testcase classname="backend.tests.test_smart_review_iter71.TestQuizSubmitWithWeakAreas" name="test_quiz_get_returns_questions" time="0.104" /><testcase classname="backend.tests.test_smart_review_iter71.TestQuizSubmitWithWeakAreas" name="test_quiz_submit_returns_weak_areas" time="0.306" /><testcase classname="backend.tests.test_smart_review_iter71.TestQuizSubmitWithWeakAreas" name="test_quiz_submit_with_low_score_has_weak_areas" time="0.219" /><testcase classname="backend.tests.test_smart_review_iter71.TestExistingEndpointsRegression" name="test_learn_endpoint_still_works" time="0.100" /><testcase classname="backend.tests.test_smart_review_iter71.TestExistingEndpointsRegression" name="test_practice_endpoint_still_works" time="0.150" /><testcase classname="backend.tests.test_smart_review_iter71.TestExistingEndpointsRegression" name="test_quiz_endpoint_still_works" time="0.108" /><testcase classname="backend.tests.test_smart_review_iter71.TestExistingEndpointsRegression" name="test_guided_prompts_still_works" time="0.101" /><testcase classname="backend.tests.test_smart_review_iter71.TestExistingEndpointsRegression" name="test_free_prompts_still_works" time="0.108" /></testsuite></testsuites>