<?xml version="1.0" encoding="utf-8"?><testsuites name="pytest tests"><testsuite name="pytest" errors="0" failures="0" skipped="0" tests="29" time="114.052" timestamp="2026-02-11T18:09:03.528653+00:00" hostname="agent-env-7fecfbdb-5514-40be-a188-e61b7d95d66e"><testcase classname="tests.test_mistake_analysis.TestMistakeAnalysis" name="test_api_accessible" time="0.133" /><testcase classname="tests.test_mistake_analysis.TestMistakeAnalysis" name="test_full_test_evaluation_with_mixed_answers" time="3.751" /><testcase classname="tests.test_mistake_analysis.TestMistakeAnalysis" name="test_reason_codes_in_listening_results" time="4.304" /><testcase classname="tests.test_mistake_analysis.TestMistakeAnalysis" name="test_unanswered_reason_code" time="5.095" /><testcase classname="tests.test_mistake_analysis.TestMistakeAnalysis" name="test_evidence_text_for_reading_wrong_answers" time="5.411" /><testcase classname="tests.test_mistake_analysis.TestMistakeAnalysis" name="test_reason_summary_aggregation" time="6.707" /><testcase classname="tests.test_mistake_analysis.TestMistakeAnalysis" name="test_correct_answers_no_reason_code" time="5.881" /><testcase classname="tests.test_mistake_analysis.TestMistakeAnalysis" name="test_tfng_confusion_detection" time="4.155" /><testcase classname="tests.test_mistake_analysis.TestMistakeAnalysis" name="test_skill_breakdown_present" time="3.697" /><testcase classname="tests.test_mistake_analysis.TestMistakeAnalysis" name="test_fastest_gain_present" time="5.069" /><testcase classname="tests.test_mistake_analysis.TestMistakeAnalysis" name="test_integrity_warnings_for_unanswered" time="3.960" /><testcase classname="tests.test_mistake_analysis.TestAnswerKeyEndpoint" name="test_get_answer_key" time="0.036" /><testcase classname="tests.test_mistake_analysis.TestCambridgeTestEndpoints" name="test_list_books" time="0.041" /><testcase classname="tests.test_mistake_analysis.TestCambridgeTestEndpoints" name="test_get_test" time="0.040" /><testcase classname="tests.test_mistake_analysis.TestRetryByTypeReason" name="test_reason_codes_groupable_for_retry" time="4.824" /><testcase classname="tests.test_mistake_analysis.TestRetryByTypeReason" name="test_question_types_groupable_for_retry" time="6.068" /><testcase classname="tests.test_speaking_p2.TestGenerateDrillsEndpoint" name="test_generate_drills_basic" time="3.502" /><testcase classname="tests.test_speaking_p2.TestGenerateDrillsEndpoint" name="test_drill_structure" time="4.867" /><testcase classname="tests.test_speaking_p2.TestGenerateDrillsEndpoint" name="test_drills_target_weak_criteria" time="0.062" /><testcase classname="tests.test_speaking_p2.TestGenerateDrillsEndpoint" name="test_drills_with_empty_criteria" time="0.039" /><testcase classname="tests.test_speaking_p2.TestModelAnswersEndpoint" name="test_model_answers_basic" time="10.173" /><testcase classname="tests.test_speaking_p2.TestModelAnswersEndpoint" name="test_model_answers_structure" time="3.597" /><testcase classname="tests.test_speaking_p2.TestModelAnswersEndpoint" name="test_model_answers_differences" time="4.540" /><testcase classname="tests.test_speaking_p2.TestModelAnswersEndpoint" name="test_model_answers_caching" time="8.781" /><testcase classname="tests.test_speaking_p2.TestModelAnswersEndpoint" name="test_model_answers_parts" time="18.995" /><testcase classname="tests.test_speaking_p2.TestDrillTemplates" name="test_fluency_coherence_drill" time="0.038" /><testcase classname="tests.test_speaking_p2.TestDrillTemplates" name="test_lexical_resource_drill" time="0.036" /><testcase classname="tests.test_speaking_p2.TestDrillTemplates" name="test_grammatical_range_drill" time="0.038" /><testcase classname="tests.test_speaking_p2.TestDrillTemplates" name="test_pronunciation_drill" time="0.068" /></testsuite></testsuites>