<?xml version="1.0" encoding="utf-8"?><testsuites name="pytest tests"><testsuite name="pytest" errors="0" failures="0" skipped="0" tests="24" time="3.027" timestamp="2026-03-01T04:09:05.637941+00:00" hostname="agent-env-6ce774dc-eea4-4565-995d-713d1be87053"><testcase classname="tests.test_stage2_content.TestStage2Units" name="test_stage2_has_12_units" time="0.154" /><testcase classname="tests.test_stage2_content.TestStage2Units" name="test_unit_02_has_4_lessons_with_number" time="0.120" /><testcase classname="tests.test_stage2_content.TestStage2Units" name="test_unit_06_has_4_lessons" time="0.119" /><testcase classname="tests.test_stage2_content.TestStage2Units" name="test_unit_12_has_4_lessons" time="0.160" /><testcase classname="tests.test_stage2_content.TestLessonActivityFlow" name="test_unit05_lesson01_has_10_activities" time="0.161" /><testcase classname="tests.test_stage2_content.TestReadingQuestions" name="test_unit09_lesson03_reading_has_3_questions" time="0.117" /><testcase classname="tests.test_stage2_content.TestGrammarExamples" name="test_unit12_lesson04_grammar_has_examples" time="0.108" /><testcase classname="tests.test_stage2_content.TestTTSEndpoint" name="test_tts_generate_returns_audio_url" time="0.131" /><testcase classname="tests.test_stage2_content.TestMultipleUnitsLessons" name="test_all_units_have_4_lessons[1-4]" time="0.123" /><testcase classname="tests.test_stage2_content.TestMultipleUnitsLessons" name="test_all_units_have_4_lessons[2-4]" time="0.115" /><testcase classname="tests.test_stage2_content.TestMultipleUnitsLessons" name="test_all_units_have_4_lessons[3-4]" time="0.109" /><testcase classname="tests.test_stage2_content.TestMultipleUnitsLessons" name="test_all_units_have_4_lessons[4-4]" time="0.114" /><testcase classname="tests.test_stage2_content.TestMultipleUnitsLessons" name="test_all_units_have_4_lessons[5-4]" time="0.124" /><testcase classname="tests.test_stage2_content.TestMultipleUnitsLessons" name="test_all_units_have_4_lessons[6-4]" time="0.120" /><testcase classname="tests.test_stage2_content.TestMultipleUnitsLessons" name="test_all_units_have_4_lessons[7-4]" time="0.112" /><testcase classname="tests.test_stage2_content.TestMultipleUnitsLessons" name="test_all_units_have_4_lessons[8-4]" time="0.112" /><testcase classname="tests.test_stage2_content.TestMultipleUnitsLessons" name="test_all_units_have_4_lessons[9-4]" time="0.115" /><testcase classname="tests.test_stage2_content.TestMultipleUnitsLessons" name="test_all_units_have_4_lessons[10-4]" time="0.134" /><testcase classname="tests.test_stage2_content.TestMultipleUnitsLessons" name="test_all_units_have_4_lessons[11-4]" time="0.112" /><testcase classname="tests.test_stage2_content.TestMultipleUnitsLessons" name="test_all_units_have_4_lessons[12-4]" time="0.118" /><testcase classname="tests.test_stage2_content.TestMultipleUnitsLessons" name="test_random_lessons_have_activity_flow[stage_2_unit_01_lesson_01]" time="0.123" /><testcase classname="tests.test_stage2_content.TestMultipleUnitsLessons" name="test_random_lessons_have_activity_flow[stage_2_unit_03_lesson_02]" time="0.121" /><testcase classname="tests.test_stage2_content.TestMultipleUnitsLessons" name="test_random_lessons_have_activity_flow[stage_2_unit_07_lesson_03]" time="0.127" /><testcase classname="tests.test_stage2_content.TestMultipleUnitsLessons" name="test_random_lessons_have_activity_flow[stage_2_unit_10_lesson_04]" time="0.106" /></testsuite></testsuites>