<?xml version="1.0" encoding="utf-8"?><testsuites name="pytest tests"><testsuite name="pytest" errors="0" failures="0" skipped="0" tests="29" time="4.147" timestamp="2026-02-15T16:35:41.540151+00:00" hostname="agent-env-3060e9e2-5099-4d76-8a9f-0c3ea76c4688"><testcase classname="backend.tests.test_stage1_full_curriculum.TestStage1Units" name="test_stage_1_returns_12_units" time="0.205" /><testcase classname="backend.tests.test_stage1_full_curriculum.TestStage1Units" name="test_stage_1_unit_titles_correct" time="0.119" /><testcase classname="backend.tests.test_stage1_full_curriculum.TestStage1Units" name="test_units_have_different_colors" time="0.132" /><testcase classname="backend.tests.test_stage1_full_curriculum.TestUnit8Farm" name="test_unit_8_has_4_lessons" time="0.133" /><testcase classname="backend.tests.test_stage1_full_curriculum.TestUnit8Farm" name="test_unit_8_lesson_ids_correct" time="0.198" /><testcase classname="backend.tests.test_stage1_full_curriculum.TestFarmVocabulary" name="test_farm_lesson_1_vocabulary_has_cow_horse_sheep" time="0.124" /><testcase classname="backend.tests.test_stage1_full_curriculum.TestFarmVocabulary" name="test_farm_vocabulary_has_emoji" time="0.120" /><testcase classname="backend.tests.test_stage1_full_curriculum.TestFarmVocabulary" name="test_cow_has_correct_emoji" time="0.134" /><testcase classname="backend.tests.test_stage1_full_curriculum.TestGrammarGameMixed" name="test_unit_5_grammar_game_is_mixed" time="0.117" /><testcase classname="backend.tests.test_stage1_full_curriculum.TestGrammarGameMixed" name="test_grammar_game_has_error_hunter_items" time="0.118" /><testcase classname="backend.tests.test_stage1_full_curriculum.TestGrammarGameMixed" name="test_grammar_game_has_word_order_items" time="0.142" /><testcase classname="backend.tests.test_stage1_full_curriculum.TestGrammarGameMixed" name="test_grammar_game_has_fill_blank_items" time="0.111" /><testcase classname="backend.tests.test_stage1_full_curriculum.TestFeelingsExitTicket" name="test_feelings_exit_ticket_returns_4_questions" time="0.122" /><testcase classname="backend.tests.test_stage1_full_curriculum.TestFeelingsExitTicket" name="test_exit_ticket_questions_about_feelings" time="0.131" /><testcase classname="backend.tests.test_stage1_full_curriculum.TestNumbersReading" name="test_numbers_reading_has_passage" time="0.124" /><testcase classname="backend.tests.test_stage1_full_curriculum.TestNumbersReading" name="test_numbers_reading_title" time="0.261" /><testcase classname="backend.tests.test_stage1_full_curriculum.TestAllUnitsHaveLessons" name="test_unit_has_4_lessons[1]" time="0.165" /><testcase classname="backend.tests.test_stage1_full_curriculum.TestAllUnitsHaveLessons" name="test_unit_has_4_lessons[2]" time="0.127" /><testcase classname="backend.tests.test_stage1_full_curriculum.TestAllUnitsHaveLessons" name="test_unit_has_4_lessons[3]" time="0.215" /><testcase classname="backend.tests.test_stage1_full_curriculum.TestAllUnitsHaveLessons" name="test_unit_has_4_lessons[4]" time="0.116" /><testcase classname="backend.tests.test_stage1_full_curriculum.TestAllUnitsHaveLessons" name="test_unit_has_4_lessons[5]" time="0.130" /><testcase classname="backend.tests.test_stage1_full_curriculum.TestAllUnitsHaveLessons" name="test_unit_has_4_lessons[6]" time="0.116" /><testcase classname="backend.tests.test_stage1_full_curriculum.TestAllUnitsHaveLessons" name="test_unit_has_4_lessons[7]" time="0.113" /><testcase classname="backend.tests.test_stage1_full_curriculum.TestAllUnitsHaveLessons" name="test_unit_has_4_lessons[8]" time="0.153" /><testcase classname="backend.tests.test_stage1_full_curriculum.TestAllUnitsHaveLessons" name="test_unit_has_4_lessons[9]" time="0.115" /><testcase classname="backend.tests.test_stage1_full_curriculum.TestAllUnitsHaveLessons" name="test_unit_has_4_lessons[10]" time="0.102" /><testcase classname="backend.tests.test_stage1_full_curriculum.TestAllUnitsHaveLessons" name="test_unit_has_4_lessons[11]" time="0.126" /><testcase classname="backend.tests.test_stage1_full_curriculum.TestAllUnitsHaveLessons" name="test_unit_has_4_lessons[12]" time="0.122" /><testcase classname="backend.tests.test_stage1_full_curriculum.TestLogin" name="test_login_success" time="0.134" /></testsuite></testsuites>