<?xml version="1.0" encoding="utf-8"?><testsuites name="pytest tests"><testsuite name="pytest" errors="0" failures="0" skipped="2" tests="10" time="1.353" timestamp="2026-02-17T10:00:40.712469+00:00" hostname="agent-env-0d65a397-88d2-4886-b37a-9d376082df0f"><testcase classname="backend.tests.test_stage_certificate.TestStageCertificateBackend" name="test_final_gate_lesson_exists" time="0.197" /><testcase classname="backend.tests.test_stage_certificate.TestStageCertificateBackend" name="test_final_gate_is_review_lesson" time="0.114" /><testcase classname="backend.tests.test_stage_certificate.TestStageCertificateBackend" name="test_final_gate_has_9_activity_steps" time="0.145" /><testcase classname="backend.tests.test_stage_certificate.TestStageCertificateBackend" name="test_final_gate_warmup_activity" time="0.114" /><testcase classname="backend.tests.test_stage_certificate.TestStageCertificateBackend" name="test_final_gate_vocabulary_review" time="0.126" /><testcase classname="backend.tests.test_stage_certificate.TestStageCertificateBackend" name="test_final_gate_exit_ticket" time="0.120" /><testcase classname="backend.tests.test_stage_certificate.TestStageCertificateBackend" name="test_final_gate_stage_and_unit_info" time="0.104" /><testcase classname="backend.tests.test_stage_certificate.TestStageCertificateBackend" name="test_unit_12_contains_final_gate" time="0.110" /><testcase classname="backend.tests.test_stage_certificate.TestStageCertificateAuth" name="test_lesson_progress_endpoint" time="0.137"><skipped type="pytest.skip" message="Auth token not available">/app/backend/tests/test_stage_certificate.py:148: Auth token not available</skipped></testcase><testcase classname="backend.tests.test_stage_certificate.TestStageCertificateAuth" name="test_activity_progress_endpoint" time="0.115"><skipped type="pytest.skip" message="Auth token not available">/app/backend/tests/test_stage_certificate.py:163: Auth token not available</skipped></testcase></testsuite></testsuites>