<?xml version="1.0" encoding="utf-8"?><testsuites name="pytest tests"><testsuite name="pytest" errors="0" failures="1" skipped="2" tests="10" time="2.672" timestamp="2026-02-17T10:00:18.130000+00:00" hostname="agent-env-0d65a397-88d2-4886-b37a-9d376082df0f"><testcase classname="backend.tests.test_stage_certificate.TestStageCertificateBackend" name="test_final_gate_lesson_exists" time="1.046" /><testcase classname="backend.tests.test_stage_certificate.TestStageCertificateBackend" name="test_final_gate_is_review_lesson" time="0.211" /><testcase classname="backend.tests.test_stage_certificate.TestStageCertificateBackend" name="test_final_gate_has_9_activity_steps" time="0.124" /><testcase classname="backend.tests.test_stage_certificate.TestStageCertificateBackend" name="test_final_gate_warmup_activity" time="0.122" /><testcase classname="backend.tests.test_stage_certificate.TestStageCertificateBackend" name="test_final_gate_vocabulary_review" time="0.329"><failure message="AssertionError: Expected at least 10 vocabulary words for review, got 0&#10;assert 0 &gt;= 10&#10; +  where 0 = len([])">backend/tests/test_stage_certificate.py:75: in test_final_gate_vocabulary_review
    assert len(words) &gt;= 10, f"Expected at least 10 vocabulary words for review, got {len(words)}"
E   AssertionError: Expected at least 10 vocabulary words for review, got 0
E   assert 0 &gt;= 10
E    +  where 0 = len([])</failure></testcase><testcase classname="backend.tests.test_stage_certificate.TestStageCertificateBackend" name="test_final_gate_exit_ticket" time="0.170" /><testcase classname="backend.tests.test_stage_certificate.TestStageCertificateBackend" name="test_final_gate_stage_and_unit_info" time="0.123" /><testcase classname="backend.tests.test_stage_certificate.TestStageCertificateBackend" name="test_unit_12_contains_final_gate" time="0.182" /><testcase classname="backend.tests.test_stage_certificate.TestStageCertificateAuth" name="test_lesson_progress_endpoint" time="0.171"><skipped type="pytest.skip" message="Auth token not available">/app/backend/tests/test_stage_certificate.py:147: Auth token not available</skipped></testcase><testcase classname="backend.tests.test_stage_certificate.TestStageCertificateAuth" name="test_activity_progress_endpoint" time="0.102"><skipped type="pytest.skip" message="Auth token not available">/app/backend/tests/test_stage_certificate.py:162: Auth token not available</skipped></testcase></testsuite></testsuites>