<?xml version="1.0" encoding="utf-8"?><testsuites name="pytest tests"><testsuite name="pytest" errors="0" failures="0" skipped="0" tests="24" time="1.156" timestamp="2026-01-03T07:37:59.610970+00:00" hostname="agent-env-62172acf-dd2c-435a-ba68-2071d1536fa1"><testcase classname="tests.test_ielts17_test4.TestIELTS17Test4API" name="test_get_test4_endpoint" time="0.074" /><testcase classname="tests.test_ielts17_test4.TestIELTS17Test4API" name="test_get_test4_answers_endpoint" time="0.038" /><testcase classname="tests.test_ielts17_test4.TestIELTS17Test4API" name="test_debug_endpoint_valid_status" time="0.038" /><testcase classname="tests.test_ielts17_test4.TestIELTS17Test4Listening" name="test_listening_has_4_parts" time="0.036" /><testcase classname="tests.test_ielts17_test4.TestIELTS17Test4Listening" name="test_listening_part1_structure" time="0.043" /><testcase classname="tests.test_ielts17_test4.TestIELTS17Test4Listening" name="test_listening_part2_structure" time="0.039" /><testcase classname="tests.test_ielts17_test4.TestIELTS17Test4Listening" name="test_listening_part3_structure" time="0.043" /><testcase classname="tests.test_ielts17_test4.TestIELTS17Test4Listening" name="test_listening_part4_structure" time="0.039" /><testcase classname="tests.test_ielts17_test4.TestIELTS17Test4Listening" name="test_audio_files_accessible" time="0.142" /><testcase classname="tests.test_ielts17_test4.TestIELTS17Test4Reading" name="test_reading_has_3_passages" time="0.036" /><testcase classname="tests.test_ielts17_test4.TestIELTS17Test4Reading" name="test_passage1_bats_to_rescue" time="0.033" /><testcase classname="tests.test_ielts17_test4.TestIELTS17Test4Reading" name="test_passage2_education_economic_growth" time="0.040" /><testcase classname="tests.test_ielts17_test4.TestIELTS17Test4Reading" name="test_passage3_timur_gareyev" time="0.039" /><testcase classname="tests.test_ielts17_test4.TestIELTS17Test4Writing" name="test_writing_has_2_tasks" time="0.043" /><testcase classname="tests.test_ielts17_test4.TestIELTS17Test4Writing" name="test_task1_line_graph" time="0.039" /><testcase classname="tests.test_ielts17_test4.TestIELTS17Test4Writing" name="test_task2_opinion_essay" time="0.042" /><testcase classname="tests.test_ielts17_test4.TestIELTS17Test4Writing" name="test_writing_task1_image_accessible" time="0.044" /><testcase classname="tests.test_ielts17_test4.TestIELTS17Test4Speaking" name="test_speaking_has_3_parts" time="0.039" /><testcase classname="tests.test_ielts17_test4.TestIELTS17Test4Speaking" name="test_part1_maps_topic" time="0.037" /><testcase classname="tests.test_ielts17_test4.TestIELTS17Test4Speaking" name="test_part2_has_task_card" time="0.036" /><testcase classname="tests.test_ielts17_test4.TestIELTS17Test4Speaking" name="test_part3_discussion_topics" time="0.038" /><testcase classname="tests.test_ielts17_test4.TestIELTS17Test4AnswerKeys" name="test_listening_answers_format" time="0.035" /><testcase classname="tests.test_ielts17_test4.TestIELTS17Test4AnswerKeys" name="test_reading_answers_format" time="0.039" /><testcase classname="tests.test_ielts17_test4.TestIELTS17Test4InBookList" name="test_test4_in_ielts17_book" time="0.034" /></testsuite></testsuites>