<?xml version="1.0" encoding="utf-8"?><testsuites name="pytest tests"><testsuite name="pytest" errors="0" failures="0" skipped="0" tests="19" time="0.832" timestamp="2026-01-03T03:53:30.220745+00:00" hostname="agent-env-1380a93a-a910-4d45-a1d0-2387f01f6fa1"><testcase classname="tests.test_ielts17_test3.TestIELTS17Test3API" name="test_test3_appears_in_book_list" time="0.057" /><testcase classname="tests.test_ielts17_test3.TestIELTS17Test3API" name="test_get_full_test3_content" time="0.040" /><testcase classname="tests.test_ielts17_test3.TestListeningSection" name="test_listening_structure" time="0.037" /><testcase classname="tests.test_ielts17_test3.TestListeningSection" name="test_listening_part1" time="0.036" /><testcase classname="tests.test_ielts17_test3.TestListeningSection" name="test_listening_part2" time="0.036" /><testcase classname="tests.test_ielts17_test3.TestListeningSection" name="test_listening_part3" time="0.045" /><testcase classname="tests.test_ielts17_test3.TestListeningSection" name="test_listening_part4" time="0.039" /><testcase classname="tests.test_ielts17_test3.TestReadingSection" name="test_reading_structure" time="0.037" /><testcase classname="tests.test_ielts17_test3.TestReadingSection" name="test_reading_passage1_thylacine" time="0.034" /><testcase classname="tests.test_ielts17_test3.TestReadingSection" name="test_reading_passage2_palm_oil" time="0.041" /><testcase classname="tests.test_ielts17_test3.TestReadingSection" name="test_reading_passage3_building_skyline" time="0.035" /><testcase classname="tests.test_ielts17_test3.TestWritingSection" name="test_writing_structure" time="0.040" /><testcase classname="tests.test_ielts17_test3.TestWritingSection" name="test_writing_task1_bar_chart" time="0.046" /><testcase classname="tests.test_ielts17_test3.TestWritingSection" name="test_writing_task1_image_accessible" time="0.040" /><testcase classname="tests.test_ielts17_test3.TestWritingSection" name="test_writing_task2" time="0.037" /><testcase classname="tests.test_ielts17_test3.TestSpeakingSection" name="test_speaking_structure" time="0.031" /><testcase classname="tests.test_ielts17_test3.TestSpeakingSection" name="test_speaking_part1_drinks" time="0.038" /><testcase classname="tests.test_ielts17_test3.TestSpeakingSection" name="test_speaking_part2_monument" time="0.035" /><testcase classname="tests.test_ielts17_test3.TestSpeakingSection" name="test_speaking_part3_public_monuments_architecture" time="0.036" /></testsuite></testsuites>