<?xml version="1.0" encoding="utf-8"?><testsuites name="pytest tests"><testsuite name="pytest" errors="0" failures="0" skipped="0" tests="13" time="0.563" timestamp="2026-01-03T08:28:20.420399+00:00" hostname="agent-env-62172acf-dd2c-435a-ba68-2071d1536fa1"><testcase classname="tests.test_ielts17_test4_fixes.TestWritingTask1Image" name="test_writing_task1_image_returns_200" time="0.061" /><testcase classname="tests.test_ielts17_test4_fixes.TestWritingTask1Image" name="test_writing_task1_image_is_png" time="0.041" /><testcase classname="tests.test_ielts17_test4_fixes.TestWritingTask1Image" name="test_writing_task1_image_has_reasonable_size" time="0.036" /><testcase classname="tests.test_ielts17_test4_fixes.TestSpeakingPart2TaskCard" name="test_speaking_part2_has_task_card" time="0.038" /><testcase classname="tests.test_ielts17_test4_fixes.TestSpeakingPart2TaskCard" name="test_speaking_part2_task_card_has_bullets" time="0.041" /><testcase classname="tests.test_ielts17_test4_fixes.TestSpeakingPart2TaskCard" name="test_speaking_part2_has_4_bullets" time="0.040" /><testcase classname="tests.test_ielts17_test4_fixes.TestSpeakingPart2TaskCard" name="test_speaking_part2_bullets_content" time="0.045" /><testcase classname="tests.test_ielts17_test4_fixes.TestReadingQ37_40SummaryCompletion" name="test_reading_q37_40_type_is_summary_completion" time="0.039" /><testcase classname="tests.test_ielts17_test4_fixes.TestReadingQ37_40SummaryCompletion" name="test_reading_q37_40_has_summary_text" time="0.033" /><testcase classname="tests.test_ielts17_test4_fixes.TestReadingAnswerKeys" name="test_reading_answer_q37_is_memory" time="0.037" /><testcase classname="tests.test_ielts17_test4_fixes.TestReadingAnswerKeys" name="test_reading_answer_q38_is_numbers" time="0.034" /><testcase classname="tests.test_ielts17_test4_fixes.TestReadingAnswerKeys" name="test_reading_answer_q39_is_communication" time="0.035" /><testcase classname="tests.test_ielts17_test4_fixes.TestReadingAnswerKeys" name="test_reading_answer_q40_is_visual" time="0.033" /></testsuite></testsuites>