<?xml version="1.0" encoding="utf-8"?><testsuites name="pytest tests"><testsuite name="pytest" errors="0" failures="0" skipped="0" tests="13" time="11.134" timestamp="2026-01-03T15:52:32.506992+00:00" hostname="agent-env-f2ccc8d4-fe00-4b20-8aa1-6cd5fd2874a9"><testcase classname="tests.test_transcription_endpoints.TestTranscriptionEndpoints" name="test_api_health" time="0.065" /><testcase classname="tests.test_transcription_endpoints.TestTranscriptionEndpoints" name="test_transcribe_audio_endpoint_exists" time="0.042" /><testcase classname="tests.test_transcription_endpoints.TestTranscriptionEndpoints" name="test_transcribe_audio_with_file" time="2.714" /><testcase classname="tests.test_transcription_endpoints.TestTranscriptionEndpoints" name="test_speaking_transcribe_endpoint_exists" time="0.041" /><testcase classname="tests.test_transcription_endpoints.TestTranscriptionEndpoints" name="test_speaking_transcribe_requires_all_fields" time="0.052" /><testcase classname="tests.test_transcription_endpoints.TestTranscriptionEndpoints" name="test_speaking_transcribe_with_correct_params" time="3.723" /><testcase classname="tests.test_transcription_endpoints.TestBeginnerPronunciationEndpoints" name="test_pronunciation_words_endpoint" time="0.250" /><testcase classname="tests.test_transcription_endpoints.TestBeginnerPronunciationEndpoints" name="test_pronunciation_assess_endpoint" time="0.037" /><testcase classname="tests.test_transcription_endpoints.TestSpeakingQuestionBankEndpoints" name="test_speaking_parts_endpoint" time="0.077" /><testcase classname="tests.test_transcription_endpoints.TestSpeakingQuestionBankEndpoints" name="test_speaking_tracks_endpoint" time="0.038" /><testcase classname="tests.test_transcription_endpoints.TestSpeakingQuestionBankEndpoints" name="test_speaking_band_levels_endpoint" time="0.037" /><testcase classname="tests.test_transcription_endpoints.TestSpeakingQuestionBankEndpoints" name="test_speaking_modules_endpoint" time="0.037" /><testcase classname="tests.test_transcription_endpoints.TestSpeakingPracticeEvaluation" name="test_speaking_practice_evaluate_endpoint" time="3.911" /></testsuite></testsuites>