<?xml version="1.0" encoding="utf-8"?><testsuites name="pytest tests"><testsuite name="pytest" errors="0" failures="0" skipped="0" tests="11" time="1.341" timestamp="2026-02-15T12:13:31.908826+00:00" hostname="agent-env-3060e9e2-5099-4d76-8a9f-0c3ea76c4688"><testcase classname="backend.tests.test_ui_overhaul_iter42.TestLessonAndActivityAPIs" name="test_lesson_01_exists_with_10_activities" time="0.127" /><testcase classname="backend.tests.test_ui_overhaul_iter42.TestLessonAndActivityAPIs" name="test_lesson_stage_id_is_stage_1" time="0.113" /><testcase classname="backend.tests.test_ui_overhaul_iter42.TestVocabularyActivity" name="test_vocabulary_activity_returns_words" time="0.106" /><testcase classname="backend.tests.test_ui_overhaul_iter42.TestVocabularyActivity" name="test_vocabulary_words_have_image_emoji" time="0.112" /><testcase classname="backend.tests.test_ui_overhaul_iter42.TestVocabularyActivity" name="test_vocabulary_words_have_ipa" time="0.106" /><testcase classname="backend.tests.test_ui_overhaul_iter42.TestVocabularyActivity" name="test_vocabulary_words_have_definition_and_example" time="0.159" /><testcase classname="backend.tests.test_ui_overhaul_iter42.TestPronunciationEndpoint" name="test_pronunciation_endpoint_exists" time="0.110" /><testcase classname="backend.tests.test_ui_overhaul_iter42.TestPronunciationEndpoint" name="test_pronunciation_endpoint_requires_audio_and_word" time="0.113" /><testcase classname="backend.tests.test_ui_overhaul_iter42.TestAuthLogin" name="test_login_with_test_credentials" time="0.125" /><testcase classname="backend.tests.test_ui_overhaul_iter42.TestActivityFlowHasSkipInfo" name="test_warmup_is_skippable" time="0.109" /><testcase classname="backend.tests.test_ui_overhaul_iter42.TestVocabularyWordsList" name="test_lesson_1_has_greeting_words" time="0.106" /></testsuite></testsuites>