<?xml version="1.0" encoding="utf-8"?><testsuites name="pytest tests"><testsuite name="pytest" errors="0" failures="0" skipped="0" tests="18" time="2.921" timestamp="2026-02-14T12:45:32.619960+00:00" hostname="agent-env-6f049af5-15cc-49c4-af66-77d76c1927b1"><testcase classname="backend.tests.test_unified_learning.TestUnifiedLearningAuth" name="test_login_with_valid_credentials" time="0.294" /><testcase classname="backend.tests.test_unified_learning.TestUnifiedStages" name="test_get_all_stages" time="0.116" /><testcase classname="backend.tests.test_unified_learning.TestUnifiedStages" name="test_get_stage_1_foundations" time="0.115" /><testcase classname="backend.tests.test_unified_learning.TestUnifiedUnits" name="test_get_unit_with_lessons" time="0.133" /><testcase classname="backend.tests.test_unified_learning.TestUnifiedLessons" name="test_get_lesson_with_10_step_flow" time="0.116" /><testcase classname="backend.tests.test_unified_learning.TestUnifiedActivities" name="test_get_warmup_activity" time="0.109" /><testcase classname="backend.tests.test_unified_learning.TestUnifiedActivities" name="test_get_vocabulary_activity" time="0.125" /><testcase classname="backend.tests.test_unified_learning.TestUnifiedActivities" name="test_get_vocab_game_activity" time="0.123" /><testcase classname="backend.tests.test_unified_learning.TestUnifiedActivities" name="test_get_grammar_activity" time="0.110" /><testcase classname="backend.tests.test_unified_learning.TestUnifiedActivities" name="test_get_grammar_game_activity" time="0.162" /><testcase classname="backend.tests.test_unified_learning.TestUnifiedActivities" name="test_get_listening_activity" time="0.120" /><testcase classname="backend.tests.test_unified_learning.TestUnifiedActivities" name="test_get_production_activity" time="0.114" /><testcase classname="backend.tests.test_unified_learning.TestUnifiedActivities" name="test_get_exit_ticket_activity" time="0.135" /><testcase classname="backend.tests.test_unified_learning.TestUnifiedProgress" name="test_get_user_progress" time="0.216" /><testcase classname="backend.tests.test_unified_learning.TestUnifiedProgress" name="test_complete_activity_progress" time="0.246" /><testcase classname="backend.tests.test_unified_learning.TestUnifiedDailyHabit" name="test_get_daily_habit_items" time="0.213" /><testcase classname="backend.tests.test_unified_learning.TestUnifiedDailyHabit" name="test_get_streak_info" time="0.231" /><testcase classname="backend.tests.test_unified_learning.TestUnifiedMicroReading" name="test_get_reading_activity" time="0.115" /></testsuite></testsuites>