<?xml version="1.0" encoding="utf-8"?><testsuites name="pytest tests"><testsuite name="pytest" errors="0" failures="0" skipped="0" tests="13" time="2.785" timestamp="2026-02-17T09:00:47.420686+00:00" hostname="agent-env-0d65a397-88d2-4886-b37a-9d376082df0f"><testcase classname="backend.tests.test_unit04_colors.TestUnit4Existence" name="test_unit4_in_stage_units_list" time="0.348" /><testcase classname="backend.tests.test_unit04_colors.TestUnit4Existence" name="test_unit4_has_4_lessons" time="0.155" /><testcase classname="backend.tests.test_unit04_colors.TestLesson1RedBluePink" name="test_warmup_has_video_and_color_question" time="0.109" /><testcase classname="backend.tests.test_unit04_colors.TestLesson1RedBluePink" name="test_vocabulary_has_5_words" time="0.303" /><testcase classname="backend.tests.test_unit04_colors.TestLesson1RedBluePink" name="test_grammar_game_is_word_order" time="0.133" /><testcase classname="backend.tests.test_unit04_colors.TestLesson2GreenYellow" name="test_vocabulary_has_4_words" time="0.135" /><testcase classname="backend.tests.test_unit04_colors.TestLesson2GreenYellow" name="test_grammar_game_is_fill_blank" time="0.212" /><testcase classname="backend.tests.test_unit04_colors.TestLesson3BlackOrange" name="test_vocabulary_has_5_words" time="0.239" /><testcase classname="backend.tests.test_unit04_colors.TestLesson3BlackOrange" name="test_grammar_game_is_error_hunter" time="0.167" /><testcase classname="backend.tests.test_unit04_colors.TestLesson4MasteryReview" name="test_lesson4_is_review" time="0.129" /><testcase classname="backend.tests.test_unit04_colors.TestLesson4MasteryReview" name="test_vocabulary_is_review_with_12_words" time="0.145" /><testcase classname="backend.tests.test_unit04_colors.TestLesson4MasteryReview" name="test_grammar_game_is_word_order" time="0.102" /><testcase classname="backend.tests.test_unit04_colors.TestGrammarGameModes" name="test_all_grammar_modes_correct" time="0.515" /></testsuite></testsuites>