<?xml version="1.0" encoding="utf-8"?><testsuites name="pytest tests"><testsuite name="pytest" errors="0" failures="0" skipped="0" tests="12" time="8.033" timestamp="2026-02-15T17:28:09.148842+00:00" hostname="agent-env-7a8a0122-54bd-4773-803e-646d696808e3"><testcase classname="backend.tests.test_v3_unique_content.TestUnit1UniqueContent" name="test_unit1_has_4_lessons" time="0.222" /><testcase classname="backend.tests.test_v3_unique_content.TestUnit1UniqueContent" name="test_reading_passages_are_different" time="0.492" /><testcase classname="backend.tests.test_v3_unique_content.TestUnit1UniqueContent" name="test_listening_scripts_are_different" time="0.518" /><testcase classname="backend.tests.test_v3_unique_content.TestUnit1UniqueContent" name="test_warmup_questions_are_different" time="0.495" /><testcase classname="backend.tests.test_v3_unique_content.TestUnit1UniqueContent" name="test_vocabulary_words_are_different" time="0.562" /><testcase classname="backend.tests.test_v3_unique_content.TestUnit1UniqueContent" name="test_grammar_rules_distribution" time="0.551" /><testcase classname="backend.tests.test_v3_unique_content.TestUnit5UniqueContent" name="test_unit5_reading_passages_different" time="0.510" /><testcase classname="backend.tests.test_v3_unique_content.TestUnit5UniqueContent" name="test_unit5_listening_scripts_different" time="0.516" /><testcase classname="backend.tests.test_v3_unique_content.TestUnit5UniqueContent" name="test_unit5_warmup_questions_different" time="0.637" /><testcase classname="backend.tests.test_v3_unique_content.TestLessonContentQuality" name="test_lesson3_longer_passage_3_questions" time="0.240" /><testcase classname="backend.tests.test_v3_unique_content.TestLessonContentQuality" name="test_lesson4_challenge_passage_3_questions" time="0.137" /><testcase classname="backend.tests.test_v3_unique_content.TestCrossUnitComparison" name="test_multiple_units_have_unique_content" time="3.080" /></testsuite></testsuites>