<?xml version="1.0" encoding="utf-8"?><testsuites name="pytest tests"><testsuite name="pytest" errors="0" failures="0" skipped="0" tests="30" time="1.319" timestamp="2026-02-12T05:42:52.563686+00:00" hostname="agent-env-b2fc4e14-36ce-45b4-be4e-6f7f3131678a"><testcase classname="tests.test_full_test_visuals.TestFullTestSetsAPI" name="test_get_all_academic_sets" time="0.128" /><testcase classname="tests.test_full_test_visuals.TestFullTestSetsAPI" name="test_new_sets_f_g_h_metadata" time="0.043" /><testcase classname="tests.test_full_test_visuals.TestWritingVisualData" name="test_single_image_visuals[academic_set_a_01-visual_002_line_graph_urbanization.png]" time="0.044" /><testcase classname="tests.test_full_test_visuals.TestWritingVisualData" name="test_single_image_visuals[academic_set_b_01-visual_004_bar_chart_us_households.png]" time="0.042" /><testcase classname="tests.test_full_test_visuals.TestWritingVisualData" name="test_single_image_visuals[academic_set_f_01-visual_001_line_graph_metals.png]" time="0.041" /><testcase classname="tests.test_full_test_visuals.TestWritingVisualData" name="test_set_d_before_after_floor_plan" time="0.041" /><testcase classname="tests.test_full_test_visuals.TestWritingVisualData" name="test_set_g_paired_line_graphs" time="0.039" /><testcase classname="tests.test_full_test_visuals.TestListeningMapVisuals" name="test_set_c_recreation_ground_map" time="0.041" /><testcase classname="tests.test_full_test_visuals.TestListeningMapVisuals" name="test_set_f_farley_house_map" time="0.044" /><testcase classname="tests.test_full_test_visuals.TestListeningMapVisuals" name="test_set_g_stevenson_site_plan" time="0.040" /><testcase classname="tests.test_full_test_visuals.TestListeningMapVisuals" name="test_set_h_bidcaster_dig_map" time="0.042" /><testcase classname="tests.test_full_test_visuals.TestVisualImageEndpoint" name="test_visual_image_served[visual_001_line_graph_metals]" time="0.046" /><testcase classname="tests.test_full_test_visuals.TestVisualImageEndpoint" name="test_visual_image_served[visual_002_line_graph_urbanization]" time="0.043" /><testcase classname="tests.test_full_test_visuals.TestVisualImageEndpoint" name="test_visual_image_served[visual_004_bar_chart_us_households]" time="0.044" /><testcase classname="tests.test_full_test_visuals.TestVisualImageEndpoint" name="test_visual_image_served[visual_005_floor_plan_library_before]" time="0.042" /><testcase classname="tests.test_full_test_visuals.TestVisualImageEndpoint" name="test_visual_image_served[visual_006_map_recreation_after]" time="0.039" /><testcase classname="tests.test_full_test_visuals.TestVisualImageEndpoint" name="test_visual_image_served[visual_011_floor_plan_stevenson_site]" time="0.047" /><testcase classname="tests.test_full_test_visuals.TestVisualImageEndpoint" name="test_visual_image_served[visual_012_line_graph_appliances]" time="0.047" /><testcase classname="tests.test_full_test_visuals.TestVisualImageEndpoint" name="test_visual_image_served[visual_013_line_graph_housework]" time="0.041" /><testcase classname="tests.test_full_test_visuals.TestVisualImageEndpoint" name="test_visual_image_served[visual_014_process_sugar_production]" time="0.050" /><testcase classname="tests.test_full_test_visuals.TestVisualImageEndpoint" name="test_visual_image_served[visual_020_map_farley_house]" time="0.047" /><testcase classname="tests.test_full_test_visuals.TestVisualImageEndpoint" name="test_visual_image_served[visual_024_map_bidcaster_dig]" time="0.040" /><testcase classname="tests.test_full_test_visuals.TestVisualImageEndpoint" name="test_visual_image_served[visual_026_floor_plan_library_today]" time="0.041" /><testcase classname="tests.test_full_test_visuals.TestVisualImageEndpoint" name="test_nonexistent_visual_returns_404" time="0.037" /><testcase classname="tests.test_full_test_visuals.TestAudioFilesExist" name="test_audio_directory_exists[academic_set_f_01]" time="0.000" /><testcase classname="tests.test_full_test_visuals.TestAudioFilesExist" name="test_audio_directory_exists[academic_set_g_01]" time="0.000" /><testcase classname="tests.test_full_test_visuals.TestAudioFilesExist" name="test_audio_directory_exists[academic_set_h_01]" time="0.000" /><testcase classname="tests.test_full_test_visuals.TestSetSpecificContent" name="test_set_a_writing_task1_urbanization" time="0.041" /><testcase classname="tests.test_full_test_visuals.TestSetSpecificContent" name="test_set_f_writing_task1_metal_prices" time="0.037" /><testcase classname="tests.test_full_test_visuals.TestSetSpecificContent" name="test_set_h_writing_task1_sugar_process" time="0.036" /></testsuite></testsuites>