<?xml version="1.0" encoding="utf-8"?><testsuites name="pytest tests"><testsuite name="pytest" errors="0" failures="0" skipped="0" tests="28" time="1.402" timestamp="2026-01-03T13:48:42.202243+00:00" hostname="agent-env-89119d1c-dbd7-4c23-93e2-bd0cc4ec14f7"><testcase classname="tests.test_vocab_grammar_course.TestVocabGrammarLessons" name="test_get_all_lessons_returns_30_units" time="0.085" /><testcase classname="tests.test_vocab_grammar_course.TestVocabGrammarLessons" name="test_total_items_is_255" time="0.055" /><testcase classname="tests.test_vocab_grammar_course.TestVocabGrammarLessons" name="test_foundation_band_has_14_units" time="0.048" /><testcase classname="tests.test_vocab_grammar_course.TestVocabGrammarLessons" name="test_development_band_has_8_units" time="0.041" /><testcase classname="tests.test_vocab_grammar_course.TestVocabGrammarLessons" name="test_advanced_band_has_8_units" time="0.044" /><testcase classname="tests.test_vocab_grammar_course.TestVocabGrammarLessons" name="test_lesson_structure_has_required_fields" time="0.049" /><testcase classname="tests.test_vocab_grammar_course.TestVocabGrammarLessons" name="test_lesson_items_have_required_fields" time="0.048" /><testcase classname="tests.test_vocab_grammar_course.TestVocabGrammarLessons" name="test_get_single_lesson_by_id" time="0.039" /><testcase classname="tests.test_vocab_grammar_course.TestQuestionBankQuizzes" name="test_get_all_quizzes_returns_90_total" time="0.040" /><testcase classname="tests.test_vocab_grammar_course.TestQuestionBankQuizzes" name="test_quiz_structure_has_required_fields" time="0.038" /><testcase classname="tests.test_vocab_grammar_course.TestQuestionBankQuizzes" name="test_filter_by_foundation_band" time="0.038" /><testcase classname="tests.test_vocab_grammar_course.TestQuestionBankQuizzes" name="test_filter_by_development_band" time="0.040" /><testcase classname="tests.test_vocab_grammar_course.TestQuestionBankQuizzes" name="test_filter_by_advanced_band" time="0.042" /><testcase classname="tests.test_vocab_grammar_course.TestQuestionBankQuizzes" name="test_quiz_options_are_list" time="0.038" /><testcase classname="tests.test_vocab_grammar_course.TestQuestionBankQuizzes" name="test_quiz_answer_is_in_options" time="0.041" /><testcase classname="tests.test_vocab_grammar_course.TestQuestionBankUnits" name="test_get_units_grouped_by_band" time="0.038" /><testcase classname="tests.test_vocab_grammar_course.TestQuestionBankUnits" name="test_foundation_units_count" time="0.040" /><testcase classname="tests.test_vocab_grammar_course.TestQuestionBankUnits" name="test_development_units_count" time="0.035" /><testcase classname="tests.test_vocab_grammar_course.TestQuestionBankUnits" name="test_advanced_units_count" time="0.045" /><testcase classname="tests.test_vocab_grammar_course.TestQuestionBankUnits" name="test_unit_structure_has_required_fields" time="0.038" /><testcase classname="tests.test_vocab_grammar_course.TestQuizEvaluation" name="test_evaluate_correct_answers" time="0.039" /><testcase classname="tests.test_vocab_grammar_course.TestQuizEvaluation" name="test_evaluate_incorrect_answers" time="0.043" /><testcase classname="tests.test_vocab_grammar_course.TestQuizEvaluation" name="test_evaluate_mixed_answers" time="0.037" /><testcase classname="tests.test_vocab_grammar_course.TestQuizEvaluation" name="test_evaluate_returns_explanations" time="0.039" /><testcase classname="tests.test_vocab_grammar_course.TestQuizEvaluation" name="test_evaluate_without_user_id" time="0.044" /><testcase classname="tests.test_vocab_grammar_course.TestBandLevelContent" name="test_all_bands_have_vocabulary_units" time="0.051" /><testcase classname="tests.test_vocab_grammar_course.TestBandLevelContent" name="test_all_bands_have_grammar_units" time="0.051" /><testcase classname="tests.test_vocab_grammar_course.TestBandLevelContent" name="test_all_bands_have_quiz_questions" time="0.118" /></testsuite></testsuites>