<?xml version="1.0" encoding="utf-8"?><testsuites name="pytest tests"><testsuite name="pytest" errors="0" failures="0" skipped="0" tests="17" time="0.781" timestamp="2026-02-12T16:37:22.569675+00:00" hostname="agent-env-4e3c70fe-a4ef-4f0f-b913-2e73aba79772"><testcase classname="backend.tests.test_vocabulary_engine.TestVocabularyEngineSlides" name="test_get_slides_for_advanced_module_1" time="0.060" /><testcase classname="backend.tests.test_vocabulary_engine.TestVocabularyEngineSlides" name="test_slides_have_required_fields" time="0.038" /><testcase classname="backend.tests.test_vocabulary_engine.TestVocabularyEngineSlides" name="test_slides_invalid_module" time="0.034" /><testcase classname="backend.tests.test_vocabulary_engine.TestVocabularyEnginePractice" name="test_get_practice_for_advanced_module_1" time="0.038" /><testcase classname="backend.tests.test_vocabulary_engine.TestVocabularyEnginePractice" name="test_practice_exercise_types" time="0.039" /><testcase classname="backend.tests.test_vocabulary_engine.TestVocabularyEnginePractice" name="test_fill_blank_structure" time="0.034" /><testcase classname="backend.tests.test_vocabulary_engine.TestVocabularyEnginePractice" name="test_matching_structure" time="0.039" /><testcase classname="backend.tests.test_vocabulary_engine.TestVocabularyEnginePractice" name="test_practice_invalid_module" time="0.037" /><testcase classname="backend.tests.test_vocabulary_engine.TestVocabularyEngineQuiz" name="test_get_quiz_for_advanced_module_1" time="0.039" /><testcase classname="backend.tests.test_vocabulary_engine.TestVocabularyEngineQuiz" name="test_quiz_question_structure" time="0.033" /><testcase classname="backend.tests.test_vocabulary_engine.TestVocabularyEngineQuiz" name="test_quiz_invalid_module" time="0.041" /><testcase classname="backend.tests.test_vocabulary_engine.TestVocabularyEngineQuizSubmit" name="test_submit_quiz_pass" time="0.035" /><testcase classname="backend.tests.test_vocabulary_engine.TestVocabularyEngineQuizSubmit" name="test_submit_quiz_fail" time="0.041" /><testcase classname="backend.tests.test_vocabulary_engine.TestVocabularyEngineProgress" name="test_save_learn_progress" time="0.036" /><testcase classname="backend.tests.test_vocabulary_engine.TestVocabularyEngineProgress" name="test_save_practice_progress" time="0.038" /><testcase classname="backend.tests.test_vocabulary_engine.TestVocabularyEngineMultipleModules" name="test_advanced_module_2_slides" time="0.036" /><testcase classname="backend.tests.test_vocabulary_engine.TestVocabularyEngineMultipleModules" name="test_advanced_module_1_complete_flow" time="0.106" /></testsuite></testsuites>