<?xml version="1.0" encoding="utf-8"?><testsuites name="pytest tests"><testsuite name="pytest" errors="0" failures="0" skipped="0" tests="14" time="1.816" timestamp="2026-03-22T04:08:18.988600+00:00" hostname="agent-env-2070b0ad-e1ea-4d41-808d-9e3932529b09"><testcase classname="backend.tests.test_vocab_engine_beginner_iter72.TestVocabularyEngineBeginnerSlides" name="test_beginner_lesson_1_slides_returns_200" time="0.233" /><testcase classname="backend.tests.test_vocab_engine_beginner_iter72.TestVocabularyEngineBeginnerSlides" name="test_beginner_lesson_14_slides_returns_200" time="0.111" /><testcase classname="backend.tests.test_vocab_engine_beginner_iter72.TestVocabularyEngineBeginnerSlides" name="test_beginner_slides_word_formation_guard" time="0.120" /><testcase classname="backend.tests.test_vocab_engine_beginner_iter72.TestVocabularyEngineBeginnerPractice" name="test_beginner_lesson_1_practice_returns_200" time="0.105" /><testcase classname="backend.tests.test_vocab_engine_beginner_iter72.TestVocabularyEngineBeginnerPractice" name="test_beginner_practice_exercise_schema" time="0.114" /><testcase classname="backend.tests.test_vocab_engine_beginner_iter72.TestVocabularyEngineBeginnerPractice" name="test_beginner_practice_fill_blank_type" time="0.133" /><testcase classname="backend.tests.test_vocab_engine_beginner_iter72.TestVocabularyEngineBeginnerPractice" name="test_beginner_practice_meaning_match_type" time="0.106" /><testcase classname="backend.tests.test_vocab_engine_beginner_iter72.TestVocabularyEngineBeginnerQuiz" name="test_beginner_lesson_1_quiz_returns_200" time="0.105" /><testcase classname="backend.tests.test_vocab_engine_beginner_iter72.TestVocabularyEngineBeginnerQuiz" name="test_beginner_quiz_question_schema" time="0.129" /><testcase classname="backend.tests.test_vocab_engine_beginner_iter72.TestVocabularyEngineRegressionMastery" name="test_mastery_module_1_slides_returns_200" time="0.137" /><testcase classname="backend.tests.test_vocab_engine_beginner_iter72.TestVocabularyEngineRegressionMastery" name="test_mastery_module_1_practice_returns_200" time="0.101" /><testcase classname="backend.tests.test_vocab_engine_beginner_iter72.TestVocabularyEngineRegressionAdvanced" name="test_advanced_module_1_slides_returns_200" time="0.106" /><testcase classname="backend.tests.test_vocab_engine_beginner_iter72.TestVocabularyEngineRegressionAdvanced" name="test_advanced_module_1_practice_returns_200" time="0.120" /><testcase classname="backend.tests.test_vocab_engine_beginner_iter72.TestVocabularyEngineNotFound" name="test_nonexistent_module_returns_404" time="0.111" /></testsuite></testsuites>