<?xml version="1.0" encoding="utf-8"?><testsuites name="pytest tests"><testsuite name="pytest" errors="0" failures="0" skipped="0" tests="10" time="3.071" timestamp="2026-03-22T01:04:43.010303+00:00" hostname="agent-env-2070b0ad-e1ea-4d41-808d-9e3932529b09"><testcase classname="backend.tests.test_word_order_punctuation_fix.TestWordOrderPunctuationFix" name="test_grammar_game_api_returns_word_order_items" time="2.056" /><testcase classname="backend.tests.test_word_order_punctuation_fix.TestWordOrderPunctuationFix" name="test_word_order_item_has_punctuation_tokens" time="0.110" /><testcase classname="backend.tests.test_word_order_punctuation_fix.TestWordOrderPunctuationFix" name="test_normalize_function_logic" time="0.001" /><testcase classname="backend.tests.test_word_order_punctuation_fix.TestWordOrderPunctuationFix" name="test_word_order_items_structure" time="0.108" /><testcase classname="backend.tests.test_word_order_punctuation_fix.TestWordOrderPunctuationFix" name="test_question_mark_token" time="0.140" /><testcase classname="backend.tests.test_word_order_punctuation_fix.TestOtherGrammarGames" name="test_fill_blank_game_exists" time="0.106" /><testcase classname="backend.tests.test_word_order_punctuation_fix.TestOtherGrammarGames" name="test_error_hunter_game_exists" time="0.124" /><testcase classname="backend.tests.test_word_order_punctuation_fix.TestOtherGrammarGames" name="test_true_false_game_exists" time="0.113" /><testcase classname="backend.tests.test_word_order_punctuation_fix.TestGrammarGamesPlayerComponent" name="test_games_array_structure" time="0.113" /><testcase classname="backend.tests.test_word_order_punctuation_fix.TestGrammarGamesPlayerComponent" name="test_badge_shows_game_count" time="0.125" /></testsuite></testsuites>